[0.006s] Invoking command in '/home/akannan05/Desktop/rs-agri3d/agri3d_ws/build/rslidar_sdk': AMENT_PREFIX_PATH=/home/akannan05/Desktop/rs-agri3d/agri3d_ws/install/rslidar_msg:${AMENT_PREFIX_PATH} CMAKE_PREFIX_PATH=/home/akannan05/Desktop/rs-agri3d/agri3d_ws/install/rslidar_msg:/opt/ros/jazzy/opt/gz_math_vendor:/opt/ros/jazzy/opt/gz_utils_vendor:/opt/ros/jazzy/opt/gz_cmake_vendor:/opt/ros/jazzy DEBUGINFOD_URLS=https://debuginfod.ubuntu.com LD_LIBRARY_PATH=/home/akannan05/Desktop/rs-agri3d/agri3d_ws/install/rslidar_msg/lib:${LD_LIBRARY_PATH} PYTHONPATH=/home/akannan05/Desktop/rs-agri3d/agri3d_ws/install/rslidar_msg/lib/python3.12/site-packages:${PYTHONPATH} /usr/bin/cmake /home/akannan05/Desktop/rs-agri3d/agri3d_ws/src/rslidar_sdk -DCMAKE_INSTALL_PREFIX=/home/akannan05/Desktop/rs-agri3d/agri3d_ws/install/rslidar_sdk
[0.048s] -- The C compiler identification is GNU 13.3.0
[0.087s] -- The CXX compiler identification is GNU 13.3.0
[0.099s] -- Detecting C compiler ABI info
[0.167s] -- Detecting C compiler ABI info - done
[0.173s] -- Check for working C compiler: /usr/bin/cc - skipped
[0.173s] -- Detecting C compile features
[0.173s] -- Detecting C compile features - done
[0.180s] -- Detecting CXX compiler ABI info
[0.254s] -- Detecting CXX compiler ABI info - done
[0.259s] -- Check for working CXX compiler: /usr/bin/c++ - skipped
[0.259s] -- Detecting CXX compile features
[0.260s] -- Detecting CXX compile features - done
[0.260s] [0m=============================================================[0m
[0.260s] [0m-- POINT_TYPE is XYZI[0m
[0.260s] [0m=============================================================[0m
[0.265s] [0m=============================================================[0m
[0.265s] [0m-- ROS Not Found. ROS Support is turned Off.[0m
[0.265s] [0m=============================================================[0m
[0.364s] -- Found Python3: /usr/bin/python3 (found version "3.12.3") found components: Interpreter 
[0.446s] -- Found rosidl_generator_c: 4.6.5 (/opt/ros/jazzy/share/rosidl_generator_c/cmake)
[0.453s] -- Found rosidl_generator_cpp: 4.6.5 (/opt/ros/jazzy/share/rosidl_generator_cpp/cmake)
[0.462s] -- Using all available rosidl_typesupport_c: rosidl_typesupport_fastrtps_c;rosidl_typesupport_introspection_c
[0.473s] -- Using all available rosidl_typesupport_cpp: rosidl_typesupport_fastrtps_cpp;rosidl_typesupport_introspection_cpp
[0.518s] -- Found rmw_implementation_cmake: 7.3.2 (/opt/ros/jazzy/share/rmw_implementation_cmake/cmake)
[0.519s] -- Found rmw_fastrtps_cpp: 8.4.2 (/opt/ros/jazzy/share/rmw_fastrtps_cpp/cmake)
[0.585s] -- Found OpenSSL: /usr/lib/x86_64-linux-gnu/libcrypto.so (found version "3.0.13")  
[0.603s] -- Found FastRTPS: /opt/ros/jazzy/include (Required is at least version "2.13") 
[0.622s] -- Using RMW implementation 'rmw_fastrtps_cpp' as default
[0.664s] [0m=============================================================[0m
[0.664s] [0m-- ROS2 Found. ROS2 Support is turned On.[0m
[0.664s] [0m=============================================================[0m
[0.665s] -- Found sensor_msgs: 5.3.6 (/opt/ros/jazzy/share/sensor_msgs/cmake)
[0.699s] -- Found rslidar_msg: 0.0.0 (/home/akannan05/Desktop/rs-agri3d/agri3d_ws/install/rslidar_msg/share/rslidar_msg/cmake)
[0.711s] [0m=============================================================[0m
[0.711s] [0m-- CMake run for UNIX GNU Compiler[0m
[0.711s] [0m=============================================================[0m
[0.711s] [0m=============================================================[0m
[0.711s] [0m-- rs_driver Version : v1.5.17[0m
[0.711s] [0m=============================================================[0m
[0.770s] -- Configuring done (0.8s)
[0.780s] -- Generating done (0.0s)
[0.782s] -- Build files have been written to: /home/akannan05/Desktop/rs-agri3d/agri3d_ws/build/rslidar_sdk
[0.790s] Invoked command in '/home/akannan05/Desktop/rs-agri3d/agri3d_ws/build/rslidar_sdk' returned '0': AMENT_PREFIX_PATH=/home/akannan05/Desktop/rs-agri3d/agri3d_ws/install/rslidar_msg:${AMENT_PREFIX_PATH} CMAKE_PREFIX_PATH=/home/akannan05/Desktop/rs-agri3d/agri3d_ws/install/rslidar_msg:/opt/ros/jazzy/opt/gz_math_vendor:/opt/ros/jazzy/opt/gz_utils_vendor:/opt/ros/jazzy/opt/gz_cmake_vendor:/opt/ros/jazzy DEBUGINFOD_URLS=https://debuginfod.ubuntu.com LD_LIBRARY_PATH=/home/akannan05/Desktop/rs-agri3d/agri3d_ws/install/rslidar_msg/lib:${LD_LIBRARY_PATH} PYTHONPATH=/home/akannan05/Desktop/rs-agri3d/agri3d_ws/install/rslidar_msg/lib/python3.12/site-packages:${PYTHONPATH} /usr/bin/cmake /home/akannan05/Desktop/rs-agri3d/agri3d_ws/src/rslidar_sdk -DCMAKE_INSTALL_PREFIX=/home/akannan05/Desktop/rs-agri3d/agri3d_ws/install/rslidar_sdk
[0.791s] Invoking command in '/home/akannan05/Desktop/rs-agri3d/agri3d_ws/build/rslidar_sdk': AMENT_PREFIX_PATH=/home/akannan05/Desktop/rs-agri3d/agri3d_ws/install/rslidar_msg:${AMENT_PREFIX_PATH} CMAKE_PREFIX_PATH=/home/akannan05/Desktop/rs-agri3d/agri3d_ws/install/rslidar_msg:/opt/ros/jazzy/opt/gz_math_vendor:/opt/ros/jazzy/opt/gz_utils_vendor:/opt/ros/jazzy/opt/gz_cmake_vendor:/opt/ros/jazzy DEBUGINFOD_URLS=https://debuginfod.ubuntu.com LD_LIBRARY_PATH=/home/akannan05/Desktop/rs-agri3d/agri3d_ws/install/rslidar_msg/lib:${LD_LIBRARY_PATH} PYTHONPATH=/home/akannan05/Desktop/rs-agri3d/agri3d_ws/install/rslidar_msg/lib/python3.12/site-packages:${PYTHONPATH} /usr/bin/cmake --build /home/akannan05/Desktop/rs-agri3d/agri3d_ws/build/rslidar_sdk -- -j12 -l12
[0.832s] [ 33%] [32mBuilding CXX object CMakeFiles/rslidar_sdk_node.dir/src/manager/node_manager.cpp.o[0m
[0.834s] [ 66%] [32mBuilding CXX object CMakeFiles/rslidar_sdk_node.dir/node/rslidar_sdk_node.cpp.o[0m
[13.218s] [100%] [32m[1mLinking CXX executable rslidar_sdk_node[0m
[13.353s] [100%] Built target rslidar_sdk_node
[13.363s] Invoked command in '/home/akannan05/Desktop/rs-agri3d/agri3d_ws/build/rslidar_sdk' returned '0': AMENT_PREFIX_PATH=/home/akannan05/Desktop/rs-agri3d/agri3d_ws/install/rslidar_msg:${AMENT_PREFIX_PATH} CMAKE_PREFIX_PATH=/home/akannan05/Desktop/rs-agri3d/agri3d_ws/install/rslidar_msg:/opt/ros/jazzy/opt/gz_math_vendor:/opt/ros/jazzy/opt/gz_utils_vendor:/opt/ros/jazzy/opt/gz_cmake_vendor:/opt/ros/jazzy DEBUGINFOD_URLS=https://debuginfod.ubuntu.com LD_LIBRARY_PATH=/home/akannan05/Desktop/rs-agri3d/agri3d_ws/install/rslidar_msg/lib:${LD_LIBRARY_PATH} PYTHONPATH=/home/akannan05/Desktop/rs-agri3d/agri3d_ws/install/rslidar_msg/lib/python3.12/site-packages:${PYTHONPATH} /usr/bin/cmake --build /home/akannan05/Desktop/rs-agri3d/agri3d_ws/build/rslidar_sdk -- -j12 -l12
[13.363s] Invoking command in '/home/akannan05/Desktop/rs-agri3d/agri3d_ws/build/rslidar_sdk': AMENT_PREFIX_PATH=/home/akannan05/Desktop/rs-agri3d/agri3d_ws/install/rslidar_msg:${AMENT_PREFIX_PATH} CMAKE_PREFIX_PATH=/home/akannan05/Desktop/rs-agri3d/agri3d_ws/install/rslidar_msg:/opt/ros/jazzy/opt/gz_math_vendor:/opt/ros/jazzy/opt/gz_utils_vendor:/opt/ros/jazzy/opt/gz_cmake_vendor:/opt/ros/jazzy DEBUGINFOD_URLS=https://debuginfod.ubuntu.com LD_LIBRARY_PATH=/home/akannan05/Desktop/rs-agri3d/agri3d_ws/install/rslidar_msg/lib:${LD_LIBRARY_PATH} PYTHONPATH=/home/akannan05/Desktop/rs-agri3d/agri3d_ws/install/rslidar_msg/lib/python3.12/site-packages:${PYTHONPATH} /usr/bin/cmake --install /home/akannan05/Desktop/rs-agri3d/agri3d_ws/build/rslidar_sdk
[13.370s] -- Install configuration: "Release"
[13.370s] -- Installing: /home/akannan05/Desktop/rs-agri3d/agri3d_ws/install/rslidar_sdk/lib/rslidar_sdk/rslidar_sdk_node
[13.371s] -- Set non-toolchain portion of runtime path of "/home/akannan05/Desktop/rs-agri3d/agri3d_ws/install/rslidar_sdk/lib/rslidar_sdk/rslidar_sdk_node" to ""
[13.371s] -- Installing: /home/akannan05/Desktop/rs-agri3d/agri3d_ws/install/rslidar_sdk/share/rslidar_sdk/launch
[13.371s] -- Installing: /home/akannan05/Desktop/rs-agri3d/agri3d_ws/install/rslidar_sdk/share/rslidar_sdk/launch/start.py
[13.371s] -- Installing: /home/akannan05/Desktop/rs-agri3d/agri3d_ws/install/rslidar_sdk/share/rslidar_sdk/launch/start.launch
[13.371s] -- Installing: /home/akannan05/Desktop/rs-agri3d/agri3d_ws/install/rslidar_sdk/share/rslidar_sdk/launch/elequent_start.py
[13.371s] -- Installing: /home/akannan05/Desktop/rs-agri3d/agri3d_ws/install/rslidar_sdk/share/rslidar_sdk/rviz
[13.371s] -- Installing: /home/akannan05/Desktop/rs-agri3d/agri3d_ws/install/rslidar_sdk/share/rslidar_sdk/rviz/rviz.rviz
[13.372s] -- Installing: /home/akannan05/Desktop/rs-agri3d/agri3d_ws/install/rslidar_sdk/share/rslidar_sdk/rviz/rviz2.rviz
[13.372s] -- Installing: /home/akannan05/Desktop/rs-agri3d/agri3d_ws/install/rslidar_sdk/share/ament_index/resource_index/package_run_dependencies/rslidar_sdk
[13.372s] -- Installing: /home/akannan05/Desktop/rs-agri3d/agri3d_ws/install/rslidar_sdk/share/ament_index/resource_index/parent_prefix_path/rslidar_sdk
[13.372s] -- Installing: /home/akannan05/Desktop/rs-agri3d/agri3d_ws/install/rslidar_sdk/share/rslidar_sdk/environment/ament_prefix_path.sh
[13.372s] -- Installing: /home/akannan05/Desktop/rs-agri3d/agri3d_ws/install/rslidar_sdk/share/rslidar_sdk/environment/ament_prefix_path.dsv
[13.372s] -- Installing: /home/akannan05/Desktop/rs-agri3d/agri3d_ws/install/rslidar_sdk/share/rslidar_sdk/environment/path.sh
[13.372s] -- Installing: /home/akannan05/Desktop/rs-agri3d/agri3d_ws/install/rslidar_sdk/share/rslidar_sdk/environment/path.dsv
[13.372s] -- Installing: /home/akannan05/Desktop/rs-agri3d/agri3d_ws/install/rslidar_sdk/share/rslidar_sdk/local_setup.bash
[13.372s] -- Installing: /home/akannan05/Desktop/rs-agri3d/agri3d_ws/install/rslidar_sdk/share/rslidar_sdk/local_setup.sh
[13.373s] -- Installing: /home/akannan05/Desktop/rs-agri3d/agri3d_ws/install/rslidar_sdk/share/rslidar_sdk/local_setup.zsh
[13.373s] -- Installing: /home/akannan05/Desktop/rs-agri3d/agri3d_ws/install/rslidar_sdk/share/rslidar_sdk/local_setup.dsv
[13.373s] -- Installing: /home/akannan05/Desktop/rs-agri3d/agri3d_ws/install/rslidar_sdk/share/rslidar_sdk/package.dsv
[13.373s] -- Installing: /home/akannan05/Desktop/rs-agri3d/agri3d_ws/install/rslidar_sdk/share/ament_index/resource_index/packages/rslidar_sdk
[13.373s] -- Installing: /home/akannan05/Desktop/rs-agri3d/agri3d_ws/install/rslidar_sdk/share/rslidar_sdk/cmake/rslidar_sdkConfig.cmake
[13.373s] -- Installing: /home/akannan05/Desktop/rs-agri3d/agri3d_ws/install/rslidar_sdk/share/rslidar_sdk/cmake/rslidar_sdkConfig-version.cmake
[13.373s] -- Installing: /home/akannan05/Desktop/rs-agri3d/agri3d_ws/install/rslidar_sdk/share/rslidar_sdk/package.xml
[13.374s] Invoked command in '/home/akannan05/Desktop/rs-agri3d/agri3d_ws/build/rslidar_sdk' returned '0': AMENT_PREFIX_PATH=/home/akannan05/Desktop/rs-agri3d/agri3d_ws/install/rslidar_msg:${AMENT_PREFIX_PATH} CMAKE_PREFIX_PATH=/home/akannan05/Desktop/rs-agri3d/agri3d_ws/install/rslidar_msg:/opt/ros/jazzy/opt/gz_math_vendor:/opt/ros/jazzy/opt/gz_utils_vendor:/opt/ros/jazzy/opt/gz_cmake_vendor:/opt/ros/jazzy DEBUGINFOD_URLS=https://debuginfod.ubuntu.com LD_LIBRARY_PATH=/home/akannan05/Desktop/rs-agri3d/agri3d_ws/install/rslidar_msg/lib:${LD_LIBRARY_PATH} PYTHONPATH=/home/akannan05/Desktop/rs-agri3d/agri3d_ws/install/rslidar_msg/lib/python3.12/site-packages:${PYTHONPATH} /usr/bin/cmake --install /home/akannan05/Desktop/rs-agri3d/agri3d_ws/build/rslidar_sdk
