[0.010s] Invoking command in '/home/akannan05/Desktop/rs-agri3d/agri3d_ws/build/zed2i_nodes': CMAKE_PREFIX_PATH=${CMAKE_PREFIX_PATH}:/opt/ros/jazzy DEBUGINFOD_URLS=https://debuginfod.ubuntu.com /usr/bin/cmake --build /home/akannan05/Desktop/rs-agri3d/agri3d_ws/build/zed2i_nodes -- -j12 -l12
[0.054s] [100%] Built target zed_imu_node
[0.064s] Invoked command in '/home/akannan05/Desktop/rs-agri3d/agri3d_ws/build/zed2i_nodes' returned '0': CMAKE_PREFIX_PATH=${CMAKE_PREFIX_PATH}:/opt/ros/jazzy DEBUGINFOD_URLS=https://debuginfod.ubuntu.com /usr/bin/cmake --build /home/akannan05/Desktop/rs-agri3d/agri3d_ws/build/zed2i_nodes -- -j12 -l12
[0.073s] Invoking command in '/home/akannan05/Desktop/rs-agri3d/agri3d_ws/build/zed2i_nodes': CMAKE_PREFIX_PATH=${CMAKE_PREFIX_PATH}:/opt/ros/jazzy DEBUGINFOD_URLS=https://debuginfod.ubuntu.com /usr/bin/cmake --install /home/akannan05/Desktop/rs-agri3d/agri3d_ws/build/zed2i_nodes
[0.079s] -- Install configuration: ""
[0.079s] -- Up-to-date: /home/akannan05/Desktop/rs-agri3d/agri3d_ws/install/zed2i_nodes/lib/zed2i_nodes/zed_imu_node
[0.079s] -- Up-to-date: /home/akannan05/Desktop/rs-agri3d/agri3d_ws/install/zed2i_nodes/share/ament_index/resource_index/package_run_dependencies/zed2i_nodes
[0.079s] -- Up-to-date: /home/akannan05/Desktop/rs-agri3d/agri3d_ws/install/zed2i_nodes/share/ament_index/resource_index/parent_prefix_path/zed2i_nodes
[0.079s] -- Up-to-date: /home/akannan05/Desktop/rs-agri3d/agri3d_ws/install/zed2i_nodes/share/zed2i_nodes/environment/ament_prefix_path.sh
[0.079s] -- Up-to-date: /home/akannan05/Desktop/rs-agri3d/agri3d_ws/install/zed2i_nodes/share/zed2i_nodes/environment/ament_prefix_path.dsv
[0.079s] -- Up-to-date: /home/akannan05/Desktop/rs-agri3d/agri3d_ws/install/zed2i_nodes/share/zed2i_nodes/environment/path.sh
[0.079s] -- Up-to-date: /home/akannan05/Desktop/rs-agri3d/agri3d_ws/install/zed2i_nodes/share/zed2i_nodes/environment/path.dsv
[0.079s] -- Up-to-date: /home/akannan05/Desktop/rs-agri3d/agri3d_ws/install/zed2i_nodes/share/zed2i_nodes/local_setup.bash
[0.079s] -- Up-to-date: /home/akannan05/Desktop/rs-agri3d/agri3d_ws/install/zed2i_nodes/share/zed2i_nodes/local_setup.sh
[0.080s] -- Up-to-date: /home/akannan05/Desktop/rs-agri3d/agri3d_ws/install/zed2i_nodes/share/zed2i_nodes/local_setup.zsh
[0.080s] -- Up-to-date: /home/akannan05/Desktop/rs-agri3d/agri3d_ws/install/zed2i_nodes/share/zed2i_nodes/local_setup.dsv
[0.080s] -- Installing: /home/akannan05/Desktop/rs-agri3d/agri3d_ws/install/zed2i_nodes/share/zed2i_nodes/package.dsv
[0.080s] -- Up-to-date: /home/akannan05/Desktop/rs-agri3d/agri3d_ws/install/zed2i_nodes/share/ament_index/resource_index/packages/zed2i_nodes
[0.080s] -- Up-to-date: /home/akannan05/Desktop/rs-agri3d/agri3d_ws/install/zed2i_nodes/share/zed2i_nodes/cmake/zed2i_nodesConfig.cmake
[0.080s] -- Up-to-date: /home/akannan05/Desktop/rs-agri3d/agri3d_ws/install/zed2i_nodes/share/zed2i_nodes/cmake/zed2i_nodesConfig-version.cmake
[0.080s] -- Up-to-date: /home/akannan05/Desktop/rs-agri3d/agri3d_ws/install/zed2i_nodes/share/zed2i_nodes/package.xml
[0.081s] Invoked command in '/home/akannan05/Desktop/rs-agri3d/agri3d_ws/build/zed2i_nodes' returned '0': CMAKE_PREFIX_PATH=${CMAKE_PREFIX_PATH}:/opt/ros/jazzy DEBUGINFOD_URLS=https://debuginfod.ubuntu.com /usr/bin/cmake --install /home/akannan05/Desktop/rs-agri3d/agri3d_ws/build/zed2i_nodes
