[0.019s] Invoking command in '/home/akannan05/Desktop/rs-agri3d/agri3d_ws/build/rslidar_sdk': CMAKE_PREFIX_PATH=/home/akannan05/Desktop/rs-agri3d/agri3d_ws/install/rslidar_msg:/home/akannan05/Desktop/rs-agri3d/agri3d_ws/install/zed2i_nodes:/home/akannan05/Desktop/rs-agri3d/agri3d_ws/install/rslidar_sdk:/opt/ros/jazzy/opt/gz_math_vendor:/opt/ros/jazzy/opt/gz_utils_vendor:/opt/ros/jazzy/opt/gz_cmake_vendor:/opt/ros/jazzy DEBUGINFOD_URLS=https://debuginfod.ubuntu.com /usr/bin/cmake --build /home/akannan05/Desktop/rs-agri3d/agri3d_ws/build/rslidar_sdk -- -j12 -l12
[0.143s] [100%] Built target rslidar_sdk_node
[0.162s] Invoked command in '/home/akannan05/Desktop/rs-agri3d/agri3d_ws/build/rslidar_sdk' returned '0': CMAKE_PREFIX_PATH=/home/akannan05/Desktop/rs-agri3d/agri3d_ws/install/rslidar_msg:/home/akannan05/Desktop/rs-agri3d/agri3d_ws/install/zed2i_nodes:/home/akannan05/Desktop/rs-agri3d/agri3d_ws/install/rslidar_sdk:/opt/ros/jazzy/opt/gz_math_vendor:/opt/ros/jazzy/opt/gz_utils_vendor:/opt/ros/jazzy/opt/gz_cmake_vendor:/opt/ros/jazzy DEBUGINFOD_URLS=https://debuginfod.ubuntu.com /usr/bin/cmake --build /home/akannan05/Desktop/rs-agri3d/agri3d_ws/build/rslidar_sdk -- -j12 -l12
[0.165s] Invoking command in '/home/akannan05/Desktop/rs-agri3d/agri3d_ws/build/rslidar_sdk': CMAKE_PREFIX_PATH=/home/akannan05/Desktop/rs-agri3d/agri3d_ws/install/rslidar_msg:/home/akannan05/Desktop/rs-agri3d/agri3d_ws/install/zed2i_nodes:/home/akannan05/Desktop/rs-agri3d/agri3d_ws/install/rslidar_sdk:/opt/ros/jazzy/opt/gz_math_vendor:/opt/ros/jazzy/opt/gz_utils_vendor:/opt/ros/jazzy/opt/gz_cmake_vendor:/opt/ros/jazzy DEBUGINFOD_URLS=https://debuginfod.ubuntu.com /usr/bin/cmake --install /home/akannan05/Desktop/rs-agri3d/agri3d_ws/build/rslidar_sdk
[0.179s] -- Install configuration: "Release"
[0.181s] -- Up-to-date: /home/akannan05/Desktop/rs-agri3d/agri3d_ws/install/rslidar_sdk/lib/rslidar_sdk/rslidar_sdk_node
[0.181s] -- Up-to-date: /home/akannan05/Desktop/rs-agri3d/agri3d_ws/install/rslidar_sdk/share/rslidar_sdk/launch
[0.181s] -- Up-to-date: /home/akannan05/Desktop/rs-agri3d/agri3d_ws/install/rslidar_sdk/share/rslidar_sdk/launch/start.py
[0.181s] -- Up-to-date: /home/akannan05/Desktop/rs-agri3d/agri3d_ws/install/rslidar_sdk/share/rslidar_sdk/launch/start.launch
[0.182s] -- Up-to-date: /home/akannan05/Desktop/rs-agri3d/agri3d_ws/install/rslidar_sdk/share/rslidar_sdk/launch/elequent_start.py
[0.182s] -- Up-to-date: /home/akannan05/Desktop/rs-agri3d/agri3d_ws/install/rslidar_sdk/share/rslidar_sdk/rviz
[0.182s] -- Up-to-date: /home/akannan05/Desktop/rs-agri3d/agri3d_ws/install/rslidar_sdk/share/rslidar_sdk/rviz/rviz.rviz
[0.182s] -- Up-to-date: /home/akannan05/Desktop/rs-agri3d/agri3d_ws/install/rslidar_sdk/share/rslidar_sdk/rviz/rviz2.rviz
[0.182s] -- Up-to-date: /home/akannan05/Desktop/rs-agri3d/agri3d_ws/install/rslidar_sdk/share/ament_index/resource_index/package_run_dependencies/rslidar_sdk
[0.182s] -- Up-to-date: /home/akannan05/Desktop/rs-agri3d/agri3d_ws/install/rslidar_sdk/share/ament_index/resource_index/parent_prefix_path/rslidar_sdk
[0.183s] -- Up-to-date: /home/akannan05/Desktop/rs-agri3d/agri3d_ws/install/rslidar_sdk/share/rslidar_sdk/environment/ament_prefix_path.sh
[0.183s] -- Up-to-date: /home/akannan05/Desktop/rs-agri3d/agri3d_ws/install/rslidar_sdk/share/rslidar_sdk/environment/ament_prefix_path.dsv
[0.183s] -- Up-to-date: /home/akannan05/Desktop/rs-agri3d/agri3d_ws/install/rslidar_sdk/share/rslidar_sdk/environment/path.sh
[0.183s] -- Up-to-date: /home/akannan05/Desktop/rs-agri3d/agri3d_ws/install/rslidar_sdk/share/rslidar_sdk/environment/path.dsv
[0.183s] -- Up-to-date: /home/akannan05/Desktop/rs-agri3d/agri3d_ws/install/rslidar_sdk/share/rslidar_sdk/local_setup.bash
[0.183s] -- Up-to-date: /home/akannan05/Desktop/rs-agri3d/agri3d_ws/install/rslidar_sdk/share/rslidar_sdk/local_setup.sh
[0.184s] -- Up-to-date: /home/akannan05/Desktop/rs-agri3d/agri3d_ws/install/rslidar_sdk/share/rslidar_sdk/local_setup.zsh
[0.184s] -- Up-to-date: /home/akannan05/Desktop/rs-agri3d/agri3d_ws/install/rslidar_sdk/share/rslidar_sdk/local_setup.dsv
[0.184s] -- Installing: /home/akannan05/Desktop/rs-agri3d/agri3d_ws/install/rslidar_sdk/share/rslidar_sdk/package.dsv
[0.184s] -- Up-to-date: /home/akannan05/Desktop/rs-agri3d/agri3d_ws/install/rslidar_sdk/share/ament_index/resource_index/packages/rslidar_sdk
[0.184s] -- Up-to-date: /home/akannan05/Desktop/rs-agri3d/agri3d_ws/install/rslidar_sdk/share/rslidar_sdk/cmake/rslidar_sdkConfig.cmake
[0.184s] -- Up-to-date: /home/akannan05/Desktop/rs-agri3d/agri3d_ws/install/rslidar_sdk/share/rslidar_sdk/cmake/rslidar_sdkConfig-version.cmake
[0.184s] -- Up-to-date: /home/akannan05/Desktop/rs-agri3d/agri3d_ws/install/rslidar_sdk/share/rslidar_sdk/package.xml
[0.187s] Invoked command in '/home/akannan05/Desktop/rs-agri3d/agri3d_ws/build/rslidar_sdk' returned '0': CMAKE_PREFIX_PATH=/home/akannan05/Desktop/rs-agri3d/agri3d_ws/install/rslidar_msg:/home/akannan05/Desktop/rs-agri3d/agri3d_ws/install/zed2i_nodes:/home/akannan05/Desktop/rs-agri3d/agri3d_ws/install/rslidar_sdk:/opt/ros/jazzy/opt/gz_math_vendor:/opt/ros/jazzy/opt/gz_utils_vendor:/opt/ros/jazzy/opt/gz_cmake_vendor:/opt/ros/jazzy DEBUGINFOD_URLS=https://debuginfod.ubuntu.com /usr/bin/cmake --install /home/akannan05/Desktop/rs-agri3d/agri3d_ws/build/rslidar_sdk
