[0.021s] Invoking command in '/home/akannan05/Desktop/rs-agri3d/agri3d_ws/build/zed_ros2': AMENT_PREFIX_PATH=/home/akannan05/Desktop/rs-agri3d/agri3d_ws/install/zed_wrapper:${AMENT_PREFIX_PATH} CMAKE_PREFIX_PATH=/home/akannan05/Desktop/rs-agri3d/agri3d_ws/install/zed_wrapper:/home/akannan05/Desktop/rs-agri3d/agri3d_ws/install/zed_components:/home/akannan05/Desktop/rs-agri3d/agri3d_ws/install/zed2i_nodes:/home/akannan05/Desktop/rs-agri3d/agri3d_ws/install/rslidar_sdk:/home/akannan05/Desktop/rs-agri3d/agri3d_ws/install/rslidar_msg:/opt/ros/jazzy/opt/gz_math_vendor:/opt/ros/jazzy/opt/gz_utils_vendor:/opt/ros/jazzy/opt/gz_cmake_vendor:/opt/ros/jazzy DEBUGINFOD_URLS=https://debuginfod.ubuntu.com /usr/bin/cmake /home/akannan05/Desktop/rs-agri3d/agri3d_ws/src/zed-ros2-wrapper/zed_ros2 -DCMAKE_INSTALL_PREFIX=/home/akannan05/Desktop/rs-agri3d/agri3d_ws/install/zed_ros2
[0.047s] -- Found ament_cmake_auto: 2.5.4 (/opt/ros/jazzy/share/ament_cmake_auto/cmake)
[0.305s] -- Found Python3: /usr/bin/python3 (found version "3.12.3") found components: Interpreter 
[0.579s] -- Found ament_lint_auto: 0.17.2 (/opt/ros/jazzy/share/ament_lint_auto/cmake)
[0.591s] -- Added test 'copyright' to check source files copyright and LICENSE
[0.593s] -- Added test 'lint_cmake' to check CMake code style
[0.594s] -- Added test 'xmllint' to check XML markup files
[0.596s] -- Configuring done (0.6s)
[0.600s] -- Generating done (0.0s)
[0.602s] -- Build files have been written to: /home/akannan05/Desktop/rs-agri3d/agri3d_ws/build/zed_ros2
[0.606s] Invoked command in '/home/akannan05/Desktop/rs-agri3d/agri3d_ws/build/zed_ros2' returned '0': AMENT_PREFIX_PATH=/home/akannan05/Desktop/rs-agri3d/agri3d_ws/install/zed_wrapper:${AMENT_PREFIX_PATH} CMAKE_PREFIX_PATH=/home/akannan05/Desktop/rs-agri3d/agri3d_ws/install/zed_wrapper:/home/akannan05/Desktop/rs-agri3d/agri3d_ws/install/zed_components:/home/akannan05/Desktop/rs-agri3d/agri3d_ws/install/zed2i_nodes:/home/akannan05/Desktop/rs-agri3d/agri3d_ws/install/rslidar_sdk:/home/akannan05/Desktop/rs-agri3d/agri3d_ws/install/rslidar_msg:/opt/ros/jazzy/opt/gz_math_vendor:/opt/ros/jazzy/opt/gz_utils_vendor:/opt/ros/jazzy/opt/gz_cmake_vendor:/opt/ros/jazzy DEBUGINFOD_URLS=https://debuginfod.ubuntu.com /usr/bin/cmake /home/akannan05/Desktop/rs-agri3d/agri3d_ws/src/zed-ros2-wrapper/zed_ros2 -DCMAKE_INSTALL_PREFIX=/home/akannan05/Desktop/rs-agri3d/agri3d_ws/install/zed_ros2
[0.609s] Invoking command in '/home/akannan05/Desktop/rs-agri3d/agri3d_ws/build/zed_ros2': AMENT_PREFIX_PATH=/home/akannan05/Desktop/rs-agri3d/agri3d_ws/install/zed_wrapper:${AMENT_PREFIX_PATH} CMAKE_PREFIX_PATH=/home/akannan05/Desktop/rs-agri3d/agri3d_ws/install/zed_wrapper:/home/akannan05/Desktop/rs-agri3d/agri3d_ws/install/zed_components:/home/akannan05/Desktop/rs-agri3d/agri3d_ws/install/zed2i_nodes:/home/akannan05/Desktop/rs-agri3d/agri3d_ws/install/rslidar_sdk:/home/akannan05/Desktop/rs-agri3d/agri3d_ws/install/rslidar_msg:/opt/ros/jazzy/opt/gz_math_vendor:/opt/ros/jazzy/opt/gz_utils_vendor:/opt/ros/jazzy/opt/gz_cmake_vendor:/opt/ros/jazzy DEBUGINFOD_URLS=https://debuginfod.ubuntu.com /usr/bin/cmake --build /home/akannan05/Desktop/rs-agri3d/agri3d_ws/build/zed_ros2 -- -j12 -l12
[0.669s] Invoked command in '/home/akannan05/Desktop/rs-agri3d/agri3d_ws/build/zed_ros2' returned '0': AMENT_PREFIX_PATH=/home/akannan05/Desktop/rs-agri3d/agri3d_ws/install/zed_wrapper:${AMENT_PREFIX_PATH} CMAKE_PREFIX_PATH=/home/akannan05/Desktop/rs-agri3d/agri3d_ws/install/zed_wrapper:/home/akannan05/Desktop/rs-agri3d/agri3d_ws/install/zed_components:/home/akannan05/Desktop/rs-agri3d/agri3d_ws/install/zed2i_nodes:/home/akannan05/Desktop/rs-agri3d/agri3d_ws/install/rslidar_sdk:/home/akannan05/Desktop/rs-agri3d/agri3d_ws/install/rslidar_msg:/opt/ros/jazzy/opt/gz_math_vendor:/opt/ros/jazzy/opt/gz_utils_vendor:/opt/ros/jazzy/opt/gz_cmake_vendor:/opt/ros/jazzy DEBUGINFOD_URLS=https://debuginfod.ubuntu.com /usr/bin/cmake --build /home/akannan05/Desktop/rs-agri3d/agri3d_ws/build/zed_ros2 -- -j12 -l12
[0.684s] Invoking command in '/home/akannan05/Desktop/rs-agri3d/agri3d_ws/build/zed_ros2': AMENT_PREFIX_PATH=/home/akannan05/Desktop/rs-agri3d/agri3d_ws/install/zed_wrapper:${AMENT_PREFIX_PATH} CMAKE_PREFIX_PATH=/home/akannan05/Desktop/rs-agri3d/agri3d_ws/install/zed_wrapper:/home/akannan05/Desktop/rs-agri3d/agri3d_ws/install/zed_components:/home/akannan05/Desktop/rs-agri3d/agri3d_ws/install/zed2i_nodes:/home/akannan05/Desktop/rs-agri3d/agri3d_ws/install/rslidar_sdk:/home/akannan05/Desktop/rs-agri3d/agri3d_ws/install/rslidar_msg:/opt/ros/jazzy/opt/gz_math_vendor:/opt/ros/jazzy/opt/gz_utils_vendor:/opt/ros/jazzy/opt/gz_cmake_vendor:/opt/ros/jazzy DEBUGINFOD_URLS=https://debuginfod.ubuntu.com /usr/bin/cmake --install /home/akannan05/Desktop/rs-agri3d/agri3d_ws/build/zed_ros2
[0.697s] -- Install configuration: ""
[0.697s] -- Installing: /home/akannan05/Desktop/rs-agri3d/agri3d_ws/install/zed_ros2/share/ament_index/resource_index/package_run_dependencies/zed_ros2
[0.697s] -- Installing: /home/akannan05/Desktop/rs-agri3d/agri3d_ws/install/zed_ros2/share/ament_index/resource_index/parent_prefix_path/zed_ros2
[0.697s] -- Installing: /home/akannan05/Desktop/rs-agri3d/agri3d_ws/install/zed_ros2/share/zed_ros2/environment/ament_prefix_path.sh
[0.697s] -- Installing: /home/akannan05/Desktop/rs-agri3d/agri3d_ws/install/zed_ros2/share/zed_ros2/environment/ament_prefix_path.dsv
[0.698s] -- Installing: /home/akannan05/Desktop/rs-agri3d/agri3d_ws/install/zed_ros2/share/zed_ros2/environment/path.sh
[0.698s] -- Installing: /home/akannan05/Desktop/rs-agri3d/agri3d_ws/install/zed_ros2/share/zed_ros2/environment/path.dsv
[0.698s] -- Installing: /home/akannan05/Desktop/rs-agri3d/agri3d_ws/install/zed_ros2/share/zed_ros2/local_setup.bash
[0.698s] -- Installing: /home/akannan05/Desktop/rs-agri3d/agri3d_ws/install/zed_ros2/share/zed_ros2/local_setup.sh
[0.698s] -- Installing: /home/akannan05/Desktop/rs-agri3d/agri3d_ws/install/zed_ros2/share/zed_ros2/local_setup.zsh
[0.698s] -- Installing: /home/akannan05/Desktop/rs-agri3d/agri3d_ws/install/zed_ros2/share/zed_ros2/local_setup.dsv
[0.699s] -- Installing: /home/akannan05/Desktop/rs-agri3d/agri3d_ws/install/zed_ros2/share/zed_ros2/package.dsv
[0.699s] -- Installing: /home/akannan05/Desktop/rs-agri3d/agri3d_ws/install/zed_ros2/share/ament_index/resource_index/packages/zed_ros2
[0.699s] -- Installing: /home/akannan05/Desktop/rs-agri3d/agri3d_ws/install/zed_ros2/share/zed_ros2/cmake/zed_ros2Config.cmake
[0.699s] -- Installing: /home/akannan05/Desktop/rs-agri3d/agri3d_ws/install/zed_ros2/share/zed_ros2/cmake/zed_ros2Config-version.cmake
[0.699s] -- Installing: /home/akannan05/Desktop/rs-agri3d/agri3d_ws/install/zed_ros2/share/zed_ros2/package.xml
[0.701s] Invoked command in '/home/akannan05/Desktop/rs-agri3d/agri3d_ws/build/zed_ros2' returned '0': AMENT_PREFIX_PATH=/home/akannan05/Desktop/rs-agri3d/agri3d_ws/install/zed_wrapper:${AMENT_PREFIX_PATH} CMAKE_PREFIX_PATH=/home/akannan05/Desktop/rs-agri3d/agri3d_ws/install/zed_wrapper:/home/akannan05/Desktop/rs-agri3d/agri3d_ws/install/zed_components:/home/akannan05/Desktop/rs-agri3d/agri3d_ws/install/zed2i_nodes:/home/akannan05/Desktop/rs-agri3d/agri3d_ws/install/rslidar_sdk:/home/akannan05/Desktop/rs-agri3d/agri3d_ws/install/rslidar_msg:/opt/ros/jazzy/opt/gz_math_vendor:/opt/ros/jazzy/opt/gz_utils_vendor:/opt/ros/jazzy/opt/gz_cmake_vendor:/opt/ros/jazzy DEBUGINFOD_URLS=https://debuginfod.ubuntu.com /usr/bin/cmake --install /home/akannan05/Desktop/rs-agri3d/agri3d_ws/build/zed_ros2
