[0.028s] Invoking command in '/home/akannan05/Desktop/rs-agri3d/agri3d_ws/build/rslidar_msg': CMAKE_PREFIX_PATH=${CMAKE_PREFIX_PATH}:/opt/ros/jazzy DEBUGINFOD_URLS=https://debuginfod.ubuntu.com /usr/bin/cmake --build /home/akannan05/Desktop/rs-agri3d/agri3d_ws/build/rslidar_msg -- -j12 -l12
[0.159s] [  2%] Built target rslidar_msg__rosidl_generator_type_description
[0.178s] [  2%] Built target ament_cmake_python_copy_rslidar_msg
[0.202s] [  5%] Built target rslidar_msg__cpp
[0.211s] [ 20%] Built target rslidar_msg__rosidl_generator_c
[0.265s] [ 29%] Built target rslidar_msg__rosidl_typesupport_introspection_c
[0.266s] [ 38%] Built target rslidar_msg__rosidl_typesupport_c
[0.267s] [ 47%] Built target rslidar_msg__rosidl_typesupport_fastrtps_c
[0.271s] [ 64%] Built target rslidar_msg__rosidl_typesupport_fastrtps_cpp
[0.271s] [ 64%] Built target rslidar_msg__rosidl_typesupport_cpp
[0.272s] [ 73%] Built target rslidar_msg__rosidl_typesupport_introspection_cpp
[0.305s] [ 73%] Built target rslidar_msg
[0.337s] [ 76%] Built target rslidar_msg__py
[0.381s] [ 82%] Built target rslidar_msg__rosidl_generator_py
[0.418s] [ 88%] Built target rslidar_msg_s__rosidl_typesupport_introspection_c
[0.420s] [ 94%] Built target rslidar_msg_s__rosidl_typesupport_c
[0.422s] [100%] Built target rslidar_msg_s__rosidl_typesupport_fastrtps_c
[0.467s] running egg_info
[0.487s] writing rslidar_msg.egg-info/PKG-INFO
[0.487s] writing dependency_links to rslidar_msg.egg-info/dependency_links.txt
[0.487s] writing top-level names to rslidar_msg.egg-info/top_level.txt
[0.544s] reading manifest file 'rslidar_msg.egg-info/SOURCES.txt'
[0.545s] writing manifest file 'rslidar_msg.egg-info/SOURCES.txt'
[0.583s] [100%] Built target ament_cmake_python_build_rslidar_msg_egg
[0.599s] Invoked command in '/home/akannan05/Desktop/rs-agri3d/agri3d_ws/build/rslidar_msg' returned '0': CMAKE_PREFIX_PATH=${CMAKE_PREFIX_PATH}:/opt/ros/jazzy DEBUGINFOD_URLS=https://debuginfod.ubuntu.com /usr/bin/cmake --build /home/akannan05/Desktop/rs-agri3d/agri3d_ws/build/rslidar_msg -- -j12 -l12
[0.616s] Invoking command in '/home/akannan05/Desktop/rs-agri3d/agri3d_ws/build/rslidar_msg': CMAKE_PREFIX_PATH=${CMAKE_PREFIX_PATH}:/opt/ros/jazzy DEBUGINFOD_URLS=https://debuginfod.ubuntu.com /usr/bin/cmake --install /home/akannan05/Desktop/rs-agri3d/agri3d_ws/build/rslidar_msg
[0.629s] -- Install configuration: ""
[0.629s] -- Up-to-date: /home/akannan05/Desktop/rs-agri3d/agri3d_ws/install/rslidar_msg/share/ament_index/resource_index/rosidl_interfaces/rslidar_msg
[0.629s] -- Up-to-date: /home/akannan05/Desktop/rs-agri3d/agri3d_ws/install/rslidar_msg/share/rslidar_msg/msg/RslidarPacket.json
[0.630s] -- Up-to-date: /home/akannan05/Desktop/rs-agri3d/agri3d_ws/install/rslidar_msg/include/rslidar_msg/rslidar_msg
[0.630s] -- Up-to-date: /home/akannan05/Desktop/rs-agri3d/agri3d_ws/install/rslidar_msg/include/rslidar_msg/rslidar_msg/msg
[0.630s] -- Up-to-date: /home/akannan05/Desktop/rs-agri3d/agri3d_ws/install/rslidar_msg/include/rslidar_msg/rslidar_msg/msg/detail
[0.630s] -- Up-to-date: /home/akannan05/Desktop/rs-agri3d/agri3d_ws/install/rslidar_msg/include/rslidar_msg/rslidar_msg/msg/detail/rslidar_packet__type_support.c
[0.630s] -- Up-to-date: /home/akannan05/Desktop/rs-agri3d/agri3d_ws/install/rslidar_msg/include/rslidar_msg/rslidar_msg/msg/detail/rslidar_packet__type_support.h
[0.630s] -- Up-to-date: /home/akannan05/Desktop/rs-agri3d/agri3d_ws/install/rslidar_msg/include/rslidar_msg/rslidar_msg/msg/detail/rslidar_packet__struct.h
[0.630s] -- Up-to-date: /home/akannan05/Desktop/rs-agri3d/agri3d_ws/install/rslidar_msg/include/rslidar_msg/rslidar_msg/msg/detail/rslidar_packet__functions.h
[0.631s] -- Up-to-date: /home/akannan05/Desktop/rs-agri3d/agri3d_ws/install/rslidar_msg/include/rslidar_msg/rslidar_msg/msg/detail/rslidar_packet__functions.c
[0.631s] -- Up-to-date: /home/akannan05/Desktop/rs-agri3d/agri3d_ws/install/rslidar_msg/include/rslidar_msg/rslidar_msg/msg/detail/rslidar_packet__description.c
[0.631s] -- Up-to-date: /home/akannan05/Desktop/rs-agri3d/agri3d_ws/install/rslidar_msg/include/rslidar_msg/rslidar_msg/msg/rosidl_generator_c__visibility_control.h
[0.631s] -- Up-to-date: /home/akannan05/Desktop/rs-agri3d/agri3d_ws/install/rslidar_msg/include/rslidar_msg/rslidar_msg/msg/rslidar_packet.h
[0.631s] -- Up-to-date: /home/akannan05/Desktop/rs-agri3d/agri3d_ws/install/rslidar_msg/share/rslidar_msg/environment/library_path.sh
[0.632s] -- Up-to-date: /home/akannan05/Desktop/rs-agri3d/agri3d_ws/install/rslidar_msg/share/rslidar_msg/environment/library_path.dsv
[0.632s] -- Up-to-date: /home/akannan05/Desktop/rs-agri3d/agri3d_ws/install/rslidar_msg/lib/librslidar_msg__rosidl_generator_c.so
[0.632s] -- Up-to-date: /home/akannan05/Desktop/rs-agri3d/agri3d_ws/install/rslidar_msg/include/rslidar_msg/rslidar_msg
[0.632s] -- Up-to-date: /home/akannan05/Desktop/rs-agri3d/agri3d_ws/install/rslidar_msg/include/rslidar_msg/rslidar_msg/msg
[0.632s] -- Up-to-date: /home/akannan05/Desktop/rs-agri3d/agri3d_ws/install/rslidar_msg/include/rslidar_msg/rslidar_msg/msg/detail
[0.633s] -- Up-to-date: /home/akannan05/Desktop/rs-agri3d/agri3d_ws/install/rslidar_msg/include/rslidar_msg/rslidar_msg/msg/detail/rslidar_packet__rosidl_typesupport_fastrtps_c.h
[0.633s] -- Up-to-date: /home/akannan05/Desktop/rs-agri3d/agri3d_ws/install/rslidar_msg/include/rslidar_msg/rslidar_msg/msg/rosidl_typesupport_fastrtps_c__visibility_control.h
[0.633s] -- Up-to-date: /home/akannan05/Desktop/rs-agri3d/agri3d_ws/install/rslidar_msg/lib/librslidar_msg__rosidl_typesupport_fastrtps_c.so
[0.633s] -- Up-to-date: /home/akannan05/Desktop/rs-agri3d/agri3d_ws/install/rslidar_msg/include/rslidar_msg/rslidar_msg
[0.633s] -- Up-to-date: /home/akannan05/Desktop/rs-agri3d/agri3d_ws/install/rslidar_msg/include/rslidar_msg/rslidar_msg/msg
[0.633s] -- Up-to-date: /home/akannan05/Desktop/rs-agri3d/agri3d_ws/install/rslidar_msg/include/rslidar_msg/rslidar_msg/msg/detail
[0.634s] -- Up-to-date: /home/akannan05/Desktop/rs-agri3d/agri3d_ws/install/rslidar_msg/include/rslidar_msg/rslidar_msg/msg/detail/rslidar_packet__builder.hpp
[0.634s] -- Up-to-date: /home/akannan05/Desktop/rs-agri3d/agri3d_ws/install/rslidar_msg/include/rslidar_msg/rslidar_msg/msg/detail/rslidar_packet__type_support.hpp
[0.634s] -- Up-to-date: /home/akannan05/Desktop/rs-agri3d/agri3d_ws/install/rslidar_msg/include/rslidar_msg/rslidar_msg/msg/detail/rslidar_packet__traits.hpp
[0.634s] -- Up-to-date: /home/akannan05/Desktop/rs-agri3d/agri3d_ws/install/rslidar_msg/include/rslidar_msg/rslidar_msg/msg/detail/rslidar_packet__struct.hpp
[0.634s] -- Up-to-date: /home/akannan05/Desktop/rs-agri3d/agri3d_ws/install/rslidar_msg/include/rslidar_msg/rslidar_msg/msg/rosidl_generator_cpp__visibility_control.hpp
[0.634s] -- Up-to-date: /home/akannan05/Desktop/rs-agri3d/agri3d_ws/install/rslidar_msg/include/rslidar_msg/rslidar_msg/msg/rslidar_packet.hpp
[0.635s] -- Up-to-date: /home/akannan05/Desktop/rs-agri3d/agri3d_ws/install/rslidar_msg/include/rslidar_msg/rslidar_msg
[0.635s] -- Up-to-date: /home/akannan05/Desktop/rs-agri3d/agri3d_ws/install/rslidar_msg/include/rslidar_msg/rslidar_msg/msg
[0.635s] -- Up-to-date: /home/akannan05/Desktop/rs-agri3d/agri3d_ws/install/rslidar_msg/include/rslidar_msg/rslidar_msg/msg/detail
[0.635s] -- Up-to-date: /home/akannan05/Desktop/rs-agri3d/agri3d_ws/install/rslidar_msg/include/rslidar_msg/rslidar_msg/msg/detail/dds_fastrtps
[0.635s] -- Up-to-date: /home/akannan05/Desktop/rs-agri3d/agri3d_ws/install/rslidar_msg/include/rslidar_msg/rslidar_msg/msg/detail/rslidar_packet__rosidl_typesupport_fastrtps_cpp.hpp
[0.635s] -- Up-to-date: /home/akannan05/Desktop/rs-agri3d/agri3d_ws/install/rslidar_msg/include/rslidar_msg/rslidar_msg/msg/rosidl_typesupport_fastrtps_cpp__visibility_control.h
[0.635s] -- Up-to-date: /home/akannan05/Desktop/rs-agri3d/agri3d_ws/install/rslidar_msg/lib/librslidar_msg__rosidl_typesupport_fastrtps_cpp.so
[0.635s] -- Up-to-date: /home/akannan05/Desktop/rs-agri3d/agri3d_ws/install/rslidar_msg/include/rslidar_msg/rslidar_msg
[0.636s] -- Up-to-date: /home/akannan05/Desktop/rs-agri3d/agri3d_ws/install/rslidar_msg/include/rslidar_msg/rslidar_msg/msg
[0.636s] -- Up-to-date: /home/akannan05/Desktop/rs-agri3d/agri3d_ws/install/rslidar_msg/include/rslidar_msg/rslidar_msg/msg/detail
[0.636s] -- Up-to-date: /home/akannan05/Desktop/rs-agri3d/agri3d_ws/install/rslidar_msg/include/rslidar_msg/rslidar_msg/msg/detail/rslidar_packet__rosidl_typesupport_introspection_c.h
[0.636s] -- Up-to-date: /home/akannan05/Desktop/rs-agri3d/agri3d_ws/install/rslidar_msg/include/rslidar_msg/rslidar_msg/msg/detail/rslidar_packet__type_support.c
[0.636s] -- Up-to-date: /home/akannan05/Desktop/rs-agri3d/agri3d_ws/install/rslidar_msg/include/rslidar_msg/rslidar_msg/msg/rosidl_typesupport_introspection_c__visibility_control.h
[0.636s] -- Up-to-date: /home/akannan05/Desktop/rs-agri3d/agri3d_ws/install/rslidar_msg/lib/librslidar_msg__rosidl_typesupport_introspection_c.so
[0.636s] -- Up-to-date: /home/akannan05/Desktop/rs-agri3d/agri3d_ws/install/rslidar_msg/lib/librslidar_msg__rosidl_typesupport_c.so
[0.637s] -- Up-to-date: /home/akannan05/Desktop/rs-agri3d/agri3d_ws/install/rslidar_msg/include/rslidar_msg/rslidar_msg
[0.637s] -- Up-to-date: /home/akannan05/Desktop/rs-agri3d/agri3d_ws/install/rslidar_msg/include/rslidar_msg/rslidar_msg/msg
[0.637s] -- Up-to-date: /home/akannan05/Desktop/rs-agri3d/agri3d_ws/install/rslidar_msg/include/rslidar_msg/rslidar_msg/msg/detail
[0.637s] -- Up-to-date: /home/akannan05/Desktop/rs-agri3d/agri3d_ws/install/rslidar_msg/include/rslidar_msg/rslidar_msg/msg/detail/rslidar_packet__type_support.cpp
[0.637s] -- Up-to-date: /home/akannan05/Desktop/rs-agri3d/agri3d_ws/install/rslidar_msg/include/rslidar_msg/rslidar_msg/msg/detail/rslidar_packet__rosidl_typesupport_introspection_cpp.hpp
[0.637s] -- Up-to-date: /home/akannan05/Desktop/rs-agri3d/agri3d_ws/install/rslidar_msg/lib/librslidar_msg__rosidl_typesupport_introspection_cpp.so
[0.637s] -- Up-to-date: /home/akannan05/Desktop/rs-agri3d/agri3d_ws/install/rslidar_msg/lib/librslidar_msg__rosidl_typesupport_cpp.so
[0.638s] -- Up-to-date: /home/akannan05/Desktop/rs-agri3d/agri3d_ws/install/rslidar_msg/share/rslidar_msg/environment/pythonpath.sh
[0.638s] -- Up-to-date: /home/akannan05/Desktop/rs-agri3d/agri3d_ws/install/rslidar_msg/share/rslidar_msg/environment/pythonpath.dsv
[0.638s] -- Up-to-date: /home/akannan05/Desktop/rs-agri3d/agri3d_ws/install/rslidar_msg/lib/python3.12/site-packages/rslidar_msg-0.0.0-py3.12.egg-info
[0.638s] -- Installing: /home/akannan05/Desktop/rs-agri3d/agri3d_ws/install/rslidar_msg/lib/python3.12/site-packages/rslidar_msg-0.0.0-py3.12.egg-info/dependency_links.txt
[0.638s] -- Installing: /home/akannan05/Desktop/rs-agri3d/agri3d_ws/install/rslidar_msg/lib/python3.12/site-packages/rslidar_msg-0.0.0-py3.12.egg-info/SOURCES.txt
[0.638s] -- Installing: /home/akannan05/Desktop/rs-agri3d/agri3d_ws/install/rslidar_msg/lib/python3.12/site-packages/rslidar_msg-0.0.0-py3.12.egg-info/PKG-INFO
[0.638s] -- Installing: /home/akannan05/Desktop/rs-agri3d/agri3d_ws/install/rslidar_msg/lib/python3.12/site-packages/rslidar_msg-0.0.0-py3.12.egg-info/top_level.txt
[0.639s] -- Up-to-date: /home/akannan05/Desktop/rs-agri3d/agri3d_ws/install/rslidar_msg/lib/python3.12/site-packages/rslidar_msg
[0.639s] -- Up-to-date: /home/akannan05/Desktop/rs-agri3d/agri3d_ws/install/rslidar_msg/lib/python3.12/site-packages/rslidar_msg/rslidar_msg_s__rosidl_typesupport_introspection_c.so
[0.639s] -- Up-to-date: /home/akannan05/Desktop/rs-agri3d/agri3d_ws/install/rslidar_msg/lib/python3.12/site-packages/rslidar_msg/_rslidar_msg_s.ep.rosidl_typesupport_introspection_c.c
[0.639s] -- Up-to-date: /home/akannan05/Desktop/rs-agri3d/agri3d_ws/install/rslidar_msg/lib/python3.12/site-packages/rslidar_msg/__init__.py
[0.639s] -- Up-to-date: /home/akannan05/Desktop/rs-agri3d/agri3d_ws/install/rslidar_msg/lib/python3.12/site-packages/rslidar_msg/rslidar_msg_s__rosidl_typesupport_c.so
[0.639s] -- Up-to-date: /home/akannan05/Desktop/rs-agri3d/agri3d_ws/install/rslidar_msg/lib/python3.12/site-packages/rslidar_msg/_rslidar_msg_s.ep.rosidl_typesupport_c.c
[0.639s] -- Up-to-date: /home/akannan05/Desktop/rs-agri3d/agri3d_ws/install/rslidar_msg/lib/python3.12/site-packages/rslidar_msg/_rslidar_msg_s.ep.rosidl_typesupport_fastrtps_c.c
[0.640s] -- Up-to-date: /home/akannan05/Desktop/rs-agri3d/agri3d_ws/install/rslidar_msg/lib/python3.12/site-packages/rslidar_msg/rslidar_msg_s__rosidl_typesupport_fastrtps_c.so
[0.640s] -- Up-to-date: /home/akannan05/Desktop/rs-agri3d/agri3d_ws/install/rslidar_msg/lib/python3.12/site-packages/rslidar_msg/msg
[0.640s] -- Up-to-date: /home/akannan05/Desktop/rs-agri3d/agri3d_ws/install/rslidar_msg/lib/python3.12/site-packages/rslidar_msg/msg/_rslidar_packet_s.c
[0.640s] -- Up-to-date: /home/akannan05/Desktop/rs-agri3d/agri3d_ws/install/rslidar_msg/lib/python3.12/site-packages/rslidar_msg/msg/__init__.py
[0.640s] -- Up-to-date: /home/akannan05/Desktop/rs-agri3d/agri3d_ws/install/rslidar_msg/lib/python3.12/site-packages/rslidar_msg/msg/_rslidar_packet.py
[0.683s] Listing '/home/akannan05/Desktop/rs-agri3d/agri3d_ws/install/rslidar_msg/lib/python3.12/site-packages/rslidar_msg'...
[0.683s] Listing '/home/akannan05/Desktop/rs-agri3d/agri3d_ws/install/rslidar_msg/lib/python3.12/site-packages/rslidar_msg/msg'...
[0.690s] -- Up-to-date: /home/akannan05/Desktop/rs-agri3d/agri3d_ws/install/rslidar_msg/lib/python3.12/site-packages/rslidar_msg/rslidar_msg_s__rosidl_typesupport_fastrtps_c.so
[0.691s] -- Up-to-date: /home/akannan05/Desktop/rs-agri3d/agri3d_ws/install/rslidar_msg/lib/python3.12/site-packages/rslidar_msg/rslidar_msg_s__rosidl_typesupport_introspection_c.so
[0.692s] -- Up-to-date: /home/akannan05/Desktop/rs-agri3d/agri3d_ws/install/rslidar_msg/lib/python3.12/site-packages/rslidar_msg/rslidar_msg_s__rosidl_typesupport_c.so
[0.692s] -- Up-to-date: /home/akannan05/Desktop/rs-agri3d/agri3d_ws/install/rslidar_msg/lib/librslidar_msg__rosidl_generator_py.so
[0.693s] -- Up-to-date: /home/akannan05/Desktop/rs-agri3d/agri3d_ws/install/rslidar_msg/share/rslidar_msg/msg/RslidarPacket.idl
[0.693s] -- Up-to-date: /home/akannan05/Desktop/rs-agri3d/agri3d_ws/install/rslidar_msg/share/rslidar_msg/msg/RslidarPacket.msg
[0.693s] -- Up-to-date: /home/akannan05/Desktop/rs-agri3d/agri3d_ws/install/rslidar_msg/share/ament_index/resource_index/package_run_dependencies/rslidar_msg
[0.693s] -- Up-to-date: /home/akannan05/Desktop/rs-agri3d/agri3d_ws/install/rslidar_msg/share/ament_index/resource_index/parent_prefix_path/rslidar_msg
[0.694s] -- Up-to-date: /home/akannan05/Desktop/rs-agri3d/agri3d_ws/install/rslidar_msg/share/rslidar_msg/environment/ament_prefix_path.sh
[0.694s] -- Up-to-date: /home/akannan05/Desktop/rs-agri3d/agri3d_ws/install/rslidar_msg/share/rslidar_msg/environment/ament_prefix_path.dsv
[0.694s] -- Up-to-date: /home/akannan05/Desktop/rs-agri3d/agri3d_ws/install/rslidar_msg/share/rslidar_msg/environment/path.sh
[0.694s] -- Up-to-date: /home/akannan05/Desktop/rs-agri3d/agri3d_ws/install/rslidar_msg/share/rslidar_msg/environment/path.dsv
[0.694s] -- Up-to-date: /home/akannan05/Desktop/rs-agri3d/agri3d_ws/install/rslidar_msg/share/rslidar_msg/local_setup.bash
[0.694s] -- Up-to-date: /home/akannan05/Desktop/rs-agri3d/agri3d_ws/install/rslidar_msg/share/rslidar_msg/local_setup.sh
[0.694s] -- Up-to-date: /home/akannan05/Desktop/rs-agri3d/agri3d_ws/install/rslidar_msg/share/rslidar_msg/local_setup.zsh
[0.695s] -- Up-to-date: /home/akannan05/Desktop/rs-agri3d/agri3d_ws/install/rslidar_msg/share/rslidar_msg/local_setup.dsv
[0.695s] -- Installing: /home/akannan05/Desktop/rs-agri3d/agri3d_ws/install/rslidar_msg/share/rslidar_msg/package.dsv
[0.695s] -- Up-to-date: /home/akannan05/Desktop/rs-agri3d/agri3d_ws/install/rslidar_msg/share/ament_index/resource_index/packages/rslidar_msg
[0.695s] -- Up-to-date: /home/akannan05/Desktop/rs-agri3d/agri3d_ws/install/rslidar_msg/share/rslidar_msg/cmake/export_rslidar_msg__rosidl_generator_cExport.cmake
[0.695s] -- Up-to-date: /home/akannan05/Desktop/rs-agri3d/agri3d_ws/install/rslidar_msg/share/rslidar_msg/cmake/export_rslidar_msg__rosidl_generator_cExport-noconfig.cmake
[0.695s] -- Up-to-date: /home/akannan05/Desktop/rs-agri3d/agri3d_ws/install/rslidar_msg/share/rslidar_msg/cmake/export_rslidar_msg__rosidl_typesupport_fastrtps_cExport.cmake
[0.696s] -- Up-to-date: /home/akannan05/Desktop/rs-agri3d/agri3d_ws/install/rslidar_msg/share/rslidar_msg/cmake/export_rslidar_msg__rosidl_typesupport_fastrtps_cExport-noconfig.cmake
[0.696s] -- Up-to-date: /home/akannan05/Desktop/rs-agri3d/agri3d_ws/install/rslidar_msg/share/rslidar_msg/cmake/export_rslidar_msg__rosidl_generator_cppExport.cmake
[0.696s] -- Up-to-date: /home/akannan05/Desktop/rs-agri3d/agri3d_ws/install/rslidar_msg/share/rslidar_msg/cmake/export_rslidar_msg__rosidl_typesupport_fastrtps_cppExport.cmake
[0.696s] -- Up-to-date: /home/akannan05/Desktop/rs-agri3d/agri3d_ws/install/rslidar_msg/share/rslidar_msg/cmake/export_rslidar_msg__rosidl_typesupport_fastrtps_cppExport-noconfig.cmake
[0.696s] -- Up-to-date: /home/akannan05/Desktop/rs-agri3d/agri3d_ws/install/rslidar_msg/share/rslidar_msg/cmake/rslidar_msg__rosidl_typesupport_introspection_cExport.cmake
[0.696s] -- Up-to-date: /home/akannan05/Desktop/rs-agri3d/agri3d_ws/install/rslidar_msg/share/rslidar_msg/cmake/rslidar_msg__rosidl_typesupport_introspection_cExport-noconfig.cmake
[0.696s] -- Up-to-date: /home/akannan05/Desktop/rs-agri3d/agri3d_ws/install/rslidar_msg/share/rslidar_msg/cmake/rslidar_msg__rosidl_typesupport_cExport.cmake
[0.697s] -- Up-to-date: /home/akannan05/Desktop/rs-agri3d/agri3d_ws/install/rslidar_msg/share/rslidar_msg/cmake/rslidar_msg__rosidl_typesupport_cExport-noconfig.cmake
[0.697s] -- Up-to-date: /home/akannan05/Desktop/rs-agri3d/agri3d_ws/install/rslidar_msg/share/rslidar_msg/cmake/rslidar_msg__rosidl_typesupport_introspection_cppExport.cmake
[0.697s] -- Up-to-date: /home/akannan05/Desktop/rs-agri3d/agri3d_ws/install/rslidar_msg/share/rslidar_msg/cmake/rslidar_msg__rosidl_typesupport_introspection_cppExport-noconfig.cmake
[0.697s] -- Up-to-date: /home/akannan05/Desktop/rs-agri3d/agri3d_ws/install/rslidar_msg/share/rslidar_msg/cmake/rslidar_msg__rosidl_typesupport_cppExport.cmake
[0.697s] -- Up-to-date: /home/akannan05/Desktop/rs-agri3d/agri3d_ws/install/rslidar_msg/share/rslidar_msg/cmake/rslidar_msg__rosidl_typesupport_cppExport-noconfig.cmake
[0.697s] -- Up-to-date: /home/akannan05/Desktop/rs-agri3d/agri3d_ws/install/rslidar_msg/share/rslidar_msg/cmake/export_rslidar_msg__rosidl_generator_pyExport.cmake
[0.698s] -- Up-to-date: /home/akannan05/Desktop/rs-agri3d/agri3d_ws/install/rslidar_msg/share/rslidar_msg/cmake/export_rslidar_msg__rosidl_generator_pyExport-noconfig.cmake
[0.698s] -- Up-to-date: /home/akannan05/Desktop/rs-agri3d/agri3d_ws/install/rslidar_msg/share/rslidar_msg/cmake/rosidl_cmake-extras.cmake
[0.698s] -- Up-to-date: /home/akannan05/Desktop/rs-agri3d/agri3d_ws/install/rslidar_msg/share/rslidar_msg/cmake/ament_cmake_export_dependencies-extras.cmake
[0.698s] -- Up-to-date: /home/akannan05/Desktop/rs-agri3d/agri3d_ws/install/rslidar_msg/share/rslidar_msg/cmake/ament_cmake_export_include_directories-extras.cmake
[0.698s] -- Up-to-date: /home/akannan05/Desktop/rs-agri3d/agri3d_ws/install/rslidar_msg/share/rslidar_msg/cmake/ament_cmake_export_libraries-extras.cmake
[0.698s] -- Up-to-date: /home/akannan05/Desktop/rs-agri3d/agri3d_ws/install/rslidar_msg/share/rslidar_msg/cmake/ament_cmake_export_targets-extras.cmake
[0.699s] -- Up-to-date: /home/akannan05/Desktop/rs-agri3d/agri3d_ws/install/rslidar_msg/share/rslidar_msg/cmake/rosidl_cmake_export_typesupport_targets-extras.cmake
[0.699s] -- Up-to-date: /home/akannan05/Desktop/rs-agri3d/agri3d_ws/install/rslidar_msg/share/rslidar_msg/cmake/rosidl_cmake_export_typesupport_libraries-extras.cmake
[0.699s] -- Up-to-date: /home/akannan05/Desktop/rs-agri3d/agri3d_ws/install/rslidar_msg/share/rslidar_msg/cmake/rslidar_msgConfig.cmake
[0.699s] -- Up-to-date: /home/akannan05/Desktop/rs-agri3d/agri3d_ws/install/rslidar_msg/share/rslidar_msg/cmake/rslidar_msgConfig-version.cmake
[0.699s] -- Up-to-date: /home/akannan05/Desktop/rs-agri3d/agri3d_ws/install/rslidar_msg/share/rslidar_msg/package.xml
[0.701s] Invoked command in '/home/akannan05/Desktop/rs-agri3d/agri3d_ws/build/rslidar_msg' returned '0': CMAKE_PREFIX_PATH=${CMAKE_PREFIX_PATH}:/opt/ros/jazzy DEBUGINFOD_URLS=https://debuginfod.ubuntu.com /usr/bin/cmake --install /home/akannan05/Desktop/rs-agri3d/agri3d_ws/build/rslidar_msg
