-- The C compiler identification is GNU 13.3.0
-- The CXX compiler identification is GNU 13.3.0
-- Detecting C compiler ABI info
-- Detecting C compiler ABI info - done
-- Check for working C compiler: /usr/bin/cc - skipped
-- Detecting C compile features
-- Detecting C compile features - done
-- Detecting CXX compiler ABI info
-- Detecting CXX compiler ABI info - done
-- Check for working CXX compiler: /usr/bin/c++ - skipped
-- Detecting CXX compile features
-- Detecting CXX compile features - done
-- Found ament_cmake: 2.5.4 (/opt/ros/jazzy/share/ament_cmake/cmake)
-- Found Python3: /usr/bin/python3 (found version "3.12.3") found components: Interpreter 
-- Found std_msgs: 5.3.6 (/opt/ros/jazzy/share/std_msgs/cmake)
-- Found rosidl_generator_c: 4.6.5 (/opt/ros/jazzy/share/rosidl_generator_c/cmake)
-- Found rosidl_generator_cpp: 4.6.5 (/opt/ros/jazzy/share/rosidl_generator_cpp/cmake)
-- Using all available rosidl_typesupport_c: rosidl_typesupport_fastrtps_c;rosidl_typesupport_introspection_c
-- Using all available rosidl_typesupport_cpp: rosidl_typesupport_fastrtps_cpp;rosidl_typesupport_introspection_cpp
-- Found rclcpp: 28.1.9 (/opt/ros/jazzy/share/rclcpp/cmake)
-- Found rmw_implementation_cmake: 7.3.2 (/opt/ros/jazzy/share/rmw_implementation_cmake/cmake)
-- Found rmw_fastrtps_cpp: 8.4.2 (/opt/ros/jazzy/share/rmw_fastrtps_cpp/cmake)
-- Found OpenSSL: /usr/lib/x86_64-linux-gnu/libcrypto.so (found version "3.0.13")  
-- Found FastRTPS: /opt/ros/jazzy/include (Required is at least version "2.13") 
-- Using RMW implementation 'rmw_fastrtps_cpp' as default
-- Found rosidl_default_generators: 1.6.0 (/opt/ros/jazzy/share/rosidl_default_generators/cmake)
-- Found rosidl_adapter: 4.6.5 (/opt/ros/jazzy/share/rosidl_adapter/cmake)
-- Found ament_cmake_ros: 0.12.0 (/opt/ros/jazzy/share/ament_cmake_ros/cmake)
-- Using all available rosidl_typesupport_c: rosidl_typesupport_fastrtps_c;rosidl_typesupport_introspection_c
-- Using all available rosidl_typesupport_cpp: rosidl_typesupport_fastrtps_cpp;rosidl_typesupport_introspection_cpp
-- Found python_cmake_module: 0.11.1 (/opt/ros/jazzy/share/python_cmake_module/cmake)
-- Found PythonExtra: /usr/bin/python3  
-- Found Python3: /usr/bin/python3 (found version "3.12.3") found components: Interpreter Development NumPy Development.Module Development.Embed 
-- Found ament_lint_auto: 0.17.2 (/opt/ros/jazzy/share/ament_lint_auto/cmake)
-- Added test 'copyright' to check source files copyright and LICENSE
-- Added test 'lint_cmake' to check CMake code style
-- Added test 'xmllint' to check XML markup files
-- Configuring done (2.3s)
-- Generating done (0.0s)
-- Build files have been written to: /home/akannan05/Desktop/rs-agri3d/agri3d_ws/build/rslidar_msg
[  2%] [34m[1mGenerating type hashes for ROS interfaces[0m
[  2%] Built target ament_cmake_python_copy_rslidar_msg
[  2%] Built target rslidar_msg__rosidl_generator_type_description
[  5%] [34m[1mGenerating C code for ROS interfaces[0m
[  8%] [34m[1mGenerating C++ code for ROS interfaces[0m
running egg_info
creating rslidar_msg.egg-info
writing rslidar_msg.egg-info/PKG-INFO
writing dependency_links to rslidar_msg.egg-info/dependency_links.txt
writing top-level names to rslidar_msg.egg-info/top_level.txt
writing manifest file 'rslidar_msg.egg-info/SOURCES.txt'
reading manifest file 'rslidar_msg.egg-info/SOURCES.txt'
writing manifest file 'rslidar_msg.egg-info/SOURCES.txt'
[  8%] Built target ament_cmake_python_build_rslidar_msg_egg
[  8%] Built target rslidar_msg__cpp
[ 11%] [32mBuilding C object CMakeFiles/rslidar_msg__rosidl_generator_c.dir/rosidl_generator_c/rslidar_msg/msg/detail/rslidar_packet__description.c.o[0m
[ 14%] [32mBuilding C object CMakeFiles/rslidar_msg__rosidl_generator_c.dir/rosidl_generator_c/rslidar_msg/msg/detail/rslidar_packet__functions.c.o[0m
[ 17%] [32mBuilding C object CMakeFiles/rslidar_msg__rosidl_generator_c.dir/rosidl_generator_c/rslidar_msg/msg/detail/rslidar_packet__type_support.c.o[0m
[ 20%] [32m[1mLinking C shared library librslidar_msg__rosidl_generator_c.so[0m
[ 20%] Built target rslidar_msg__rosidl_generator_c
[ 26%] [34m[1mGenerating C++ type support for eProsima Fast-RTPS[0m
[ 26%] [34m[1mGenerating C type support for eProsima Fast-RTPS[0m
[ 32%] [34m[1mGenerating C++ type support dispatch for ROS interfaces[0m
[ 32%] [34m[1mGenerating C introspection for ROS interfaces[0m
[ 35%] [34m[1mGenerating C type support dispatch for ROS interfaces[0m
[ 38%] [34m[1mGenerating C++ introspection for ROS interfaces[0m
[ 41%] [32mBuilding CXX object CMakeFiles/rslidar_msg__rosidl_typesupport_cpp.dir/rosidl_typesupport_cpp/rslidar_msg/msg/rslidar_packet__type_support.cpp.o[0m
[ 44%] [32mBuilding CXX object CMakeFiles/rslidar_msg__rosidl_typesupport_introspection_cpp.dir/rosidl_typesupport_introspection_cpp/rslidar_msg/msg/detail/rslidar_packet__type_support.cpp.o[0m
[ 47%] [32mBuilding CXX object CMakeFiles/rslidar_msg__rosidl_typesupport_fastrtps_c.dir/rosidl_typesupport_fastrtps_c/rslidar_msg/msg/detail/rslidar_packet__type_support_c.cpp.o[0m
[ 50%] [32mBuilding CXX object CMakeFiles/rslidar_msg__rosidl_typesupport_c.dir/rosidl_typesupport_c/rslidar_msg/msg/rslidar_packet__type_support.cpp.o[0m
[ 52%] [32mBuilding C object CMakeFiles/rslidar_msg__rosidl_typesupport_introspection_c.dir/rosidl_typesupport_introspection_c/rslidar_msg/msg/detail/rslidar_packet__type_support.c.o[0m
[ 55%] [32mBuilding CXX object CMakeFiles/rslidar_msg__rosidl_typesupport_fastrtps_cpp.dir/rosidl_typesupport_fastrtps_cpp/rslidar_msg/msg/detail/dds_fastrtps/rslidar_packet__type_support.cpp.o[0m
[ 58%] [32m[1mLinking CXX shared library librslidar_msg__rosidl_typesupport_c.so[0m
[ 61%] [32m[1mLinking C shared library librslidar_msg__rosidl_typesupport_introspection_c.so[0m
[ 61%] Built target rslidar_msg__rosidl_typesupport_c
[ 61%] Built target rslidar_msg__rosidl_typesupport_introspection_c
[ 64%] [32m[1mLinking CXX shared library librslidar_msg__rosidl_typesupport_introspection_cpp.so[0m
[ 67%] [32m[1mLinking CXX shared library librslidar_msg__rosidl_typesupport_cpp.so[0m
[ 67%] Built target rslidar_msg__rosidl_typesupport_cpp
[ 67%] Built target rslidar_msg__rosidl_typesupport_introspection_cpp
[ 70%] [32m[1mLinking CXX shared library librslidar_msg__rosidl_typesupport_fastrtps_c.so[0m
[ 70%] Built target rslidar_msg__rosidl_typesupport_fastrtps_c
[ 73%] [32m[1mLinking CXX shared library librslidar_msg__rosidl_typesupport_fastrtps_cpp.so[0m
[ 73%] Built target rslidar_msg__rosidl_typesupport_fastrtps_cpp
[ 73%] Built target rslidar_msg
[ 76%] [34m[1mGenerating Python code for ROS interfaces[0m
[ 76%] Built target rslidar_msg__py
[ 79%] [32mBuilding C object CMakeFiles/rslidar_msg__rosidl_generator_py.dir/rosidl_generator_py/rslidar_msg/msg/_rslidar_packet_s.c.o[0m
[ 82%] [32m[1mLinking C shared library librslidar_msg__rosidl_generator_py.so[0m
[ 82%] Built target rslidar_msg__rosidl_generator_py
[ 85%] [32mBuilding C object CMakeFiles/rslidar_msg_s__rosidl_typesupport_introspection_c.dir/rosidl_generator_py/rslidar_msg/_rslidar_msg_s.ep.rosidl_typesupport_introspection_c.c.o[0m
[ 88%] [32mBuilding C object CMakeFiles/rslidar_msg_s__rosidl_typesupport_fastrtps_c.dir/rosidl_generator_py/rslidar_msg/_rslidar_msg_s.ep.rosidl_typesupport_fastrtps_c.c.o[0m
[ 91%] [32mBuilding C object CMakeFiles/rslidar_msg_s__rosidl_typesupport_c.dir/rosidl_generator_py/rslidar_msg/_rslidar_msg_s.ep.rosidl_typesupport_c.c.o[0m
[ 94%] [32m[1mLinking C shared module rosidl_generator_py/rslidar_msg/rslidar_msg_s__rosidl_typesupport_introspection_c.so[0m
[ 97%] [32m[1mLinking C shared module rosidl_generator_py/rslidar_msg/rslidar_msg_s__rosidl_typesupport_c.so[0m
[100%] [32m[1mLinking C shared module rosidl_generator_py/rslidar_msg/rslidar_msg_s__rosidl_typesupport_fastrtps_c.so[0m
[100%] Built target rslidar_msg_s__rosidl_typesupport_introspection_c
[100%] Built target rslidar_msg_s__rosidl_typesupport_c
[100%] Built target rslidar_msg_s__rosidl_typesupport_fastrtps_c
-- Install configuration: ""
-- Installing: /home/akannan05/Desktop/rs-agri3d/agri3d_ws/install/rslidar_msg/share/ament_index/resource_index/rosidl_interfaces/rslidar_msg
-- Installing: /home/akannan05/Desktop/rs-agri3d/agri3d_ws/install/rslidar_msg/share/rslidar_msg/msg/RslidarPacket.json
-- Installing: /home/akannan05/Desktop/rs-agri3d/agri3d_ws/install/rslidar_msg/include/rslidar_msg/rslidar_msg
-- Installing: /home/akannan05/Desktop/rs-agri3d/agri3d_ws/install/rslidar_msg/include/rslidar_msg/rslidar_msg/msg
-- Installing: /home/akannan05/Desktop/rs-agri3d/agri3d_ws/install/rslidar_msg/include/rslidar_msg/rslidar_msg/msg/detail
-- Installing: /home/akannan05/Desktop/rs-agri3d/agri3d_ws/install/rslidar_msg/include/rslidar_msg/rslidar_msg/msg/detail/rslidar_packet__type_support.c
-- Installing: /home/akannan05/Desktop/rs-agri3d/agri3d_ws/install/rslidar_msg/include/rslidar_msg/rslidar_msg/msg/detail/rslidar_packet__type_support.h
-- Installing: /home/akannan05/Desktop/rs-agri3d/agri3d_ws/install/rslidar_msg/include/rslidar_msg/rslidar_msg/msg/detail/rslidar_packet__struct.h
-- Installing: /home/akannan05/Desktop/rs-agri3d/agri3d_ws/install/rslidar_msg/include/rslidar_msg/rslidar_msg/msg/detail/rslidar_packet__functions.h
-- Installing: /home/akannan05/Desktop/rs-agri3d/agri3d_ws/install/rslidar_msg/include/rslidar_msg/rslidar_msg/msg/detail/rslidar_packet__functions.c
-- Installing: /home/akannan05/Desktop/rs-agri3d/agri3d_ws/install/rslidar_msg/include/rslidar_msg/rslidar_msg/msg/detail/rslidar_packet__description.c
-- Installing: /home/akannan05/Desktop/rs-agri3d/agri3d_ws/install/rslidar_msg/include/rslidar_msg/rslidar_msg/msg/rosidl_generator_c__visibility_control.h
-- Installing: /home/akannan05/Desktop/rs-agri3d/agri3d_ws/install/rslidar_msg/include/rslidar_msg/rslidar_msg/msg/rslidar_packet.h
-- Installing: /home/akannan05/Desktop/rs-agri3d/agri3d_ws/install/rslidar_msg/share/rslidar_msg/environment/library_path.sh
-- Installing: /home/akannan05/Desktop/rs-agri3d/agri3d_ws/install/rslidar_msg/share/rslidar_msg/environment/library_path.dsv
-- Installing: /home/akannan05/Desktop/rs-agri3d/agri3d_ws/install/rslidar_msg/lib/librslidar_msg__rosidl_generator_c.so
-- Set non-toolchain portion of runtime path of "/home/akannan05/Desktop/rs-agri3d/agri3d_ws/install/rslidar_msg/lib/librslidar_msg__rosidl_generator_c.so" to ""
-- Up-to-date: /home/akannan05/Desktop/rs-agri3d/agri3d_ws/install/rslidar_msg/include/rslidar_msg/rslidar_msg
-- Up-to-date: /home/akannan05/Desktop/rs-agri3d/agri3d_ws/install/rslidar_msg/include/rslidar_msg/rslidar_msg/msg
-- Up-to-date: /home/akannan05/Desktop/rs-agri3d/agri3d_ws/install/rslidar_msg/include/rslidar_msg/rslidar_msg/msg/detail
-- Installing: /home/akannan05/Desktop/rs-agri3d/agri3d_ws/install/rslidar_msg/include/rslidar_msg/rslidar_msg/msg/detail/rslidar_packet__rosidl_typesupport_fastrtps_c.h
-- Installing: /home/akannan05/Desktop/rs-agri3d/agri3d_ws/install/rslidar_msg/include/rslidar_msg/rslidar_msg/msg/rosidl_typesupport_fastrtps_c__visibility_control.h
-- Installing: /home/akannan05/Desktop/rs-agri3d/agri3d_ws/install/rslidar_msg/lib/librslidar_msg__rosidl_typesupport_fastrtps_c.so
-- Set non-toolchain portion of runtime path of "/home/akannan05/Desktop/rs-agri3d/agri3d_ws/install/rslidar_msg/lib/librslidar_msg__rosidl_typesupport_fastrtps_c.so" to ""
-- Up-to-date: /home/akannan05/Desktop/rs-agri3d/agri3d_ws/install/rslidar_msg/include/rslidar_msg/rslidar_msg
-- Up-to-date: /home/akannan05/Desktop/rs-agri3d/agri3d_ws/install/rslidar_msg/include/rslidar_msg/rslidar_msg/msg
-- Up-to-date: /home/akannan05/Desktop/rs-agri3d/agri3d_ws/install/rslidar_msg/include/rslidar_msg/rslidar_msg/msg/detail
-- Installing: /home/akannan05/Desktop/rs-agri3d/agri3d_ws/install/rslidar_msg/include/rslidar_msg/rslidar_msg/msg/detail/rslidar_packet__builder.hpp
-- Installing: /home/akannan05/Desktop/rs-agri3d/agri3d_ws/install/rslidar_msg/include/rslidar_msg/rslidar_msg/msg/detail/rslidar_packet__type_support.hpp
-- Installing: /home/akannan05/Desktop/rs-agri3d/agri3d_ws/install/rslidar_msg/include/rslidar_msg/rslidar_msg/msg/detail/rslidar_packet__traits.hpp
-- Installing: /home/akannan05/Desktop/rs-agri3d/agri3d_ws/install/rslidar_msg/include/rslidar_msg/rslidar_msg/msg/detail/rslidar_packet__struct.hpp
-- Installing: /home/akannan05/Desktop/rs-agri3d/agri3d_ws/install/rslidar_msg/include/rslidar_msg/rslidar_msg/msg/rosidl_generator_cpp__visibility_control.hpp
-- Installing: /home/akannan05/Desktop/rs-agri3d/agri3d_ws/install/rslidar_msg/include/rslidar_msg/rslidar_msg/msg/rslidar_packet.hpp
-- Up-to-date: /home/akannan05/Desktop/rs-agri3d/agri3d_ws/install/rslidar_msg/include/rslidar_msg/rslidar_msg
-- Up-to-date: /home/akannan05/Desktop/rs-agri3d/agri3d_ws/install/rslidar_msg/include/rslidar_msg/rslidar_msg/msg
-- Up-to-date: /home/akannan05/Desktop/rs-agri3d/agri3d_ws/install/rslidar_msg/include/rslidar_msg/rslidar_msg/msg/detail
-- Installing: /home/akannan05/Desktop/rs-agri3d/agri3d_ws/install/rslidar_msg/include/rslidar_msg/rslidar_msg/msg/detail/dds_fastrtps
-- Installing: /home/akannan05/Desktop/rs-agri3d/agri3d_ws/install/rslidar_msg/include/rslidar_msg/rslidar_msg/msg/detail/rslidar_packet__rosidl_typesupport_fastrtps_cpp.hpp
-- Installing: /home/akannan05/Desktop/rs-agri3d/agri3d_ws/install/rslidar_msg/include/rslidar_msg/rslidar_msg/msg/rosidl_typesupport_fastrtps_cpp__visibility_control.h
-- Installing: /home/akannan05/Desktop/rs-agri3d/agri3d_ws/install/rslidar_msg/lib/librslidar_msg__rosidl_typesupport_fastrtps_cpp.so
-- Set non-toolchain portion of runtime path of "/home/akannan05/Desktop/rs-agri3d/agri3d_ws/install/rslidar_msg/lib/librslidar_msg__rosidl_typesupport_fastrtps_cpp.so" to ""
-- Up-to-date: /home/akannan05/Desktop/rs-agri3d/agri3d_ws/install/rslidar_msg/include/rslidar_msg/rslidar_msg
-- Up-to-date: /home/akannan05/Desktop/rs-agri3d/agri3d_ws/install/rslidar_msg/include/rslidar_msg/rslidar_msg/msg
-- Up-to-date: /home/akannan05/Desktop/rs-agri3d/agri3d_ws/install/rslidar_msg/include/rslidar_msg/rslidar_msg/msg/detail
-- Installing: /home/akannan05/Desktop/rs-agri3d/agri3d_ws/install/rslidar_msg/include/rslidar_msg/rslidar_msg/msg/detail/rslidar_packet__rosidl_typesupport_introspection_c.h
-- Up-to-date: /home/akannan05/Desktop/rs-agri3d/agri3d_ws/install/rslidar_msg/include/rslidar_msg/rslidar_msg/msg/detail/rslidar_packet__type_support.c
-- Installing: /home/akannan05/Desktop/rs-agri3d/agri3d_ws/install/rslidar_msg/include/rslidar_msg/rslidar_msg/msg/rosidl_typesupport_introspection_c__visibility_control.h
-- Installing: /home/akannan05/Desktop/rs-agri3d/agri3d_ws/install/rslidar_msg/lib/librslidar_msg__rosidl_typesupport_introspection_c.so
-- Set non-toolchain portion of runtime path of "/home/akannan05/Desktop/rs-agri3d/agri3d_ws/install/rslidar_msg/lib/librslidar_msg__rosidl_typesupport_introspection_c.so" to ""
-- Installing: /home/akannan05/Desktop/rs-agri3d/agri3d_ws/install/rslidar_msg/lib/librslidar_msg__rosidl_typesupport_c.so
-- Set non-toolchain portion of runtime path of "/home/akannan05/Desktop/rs-agri3d/agri3d_ws/install/rslidar_msg/lib/librslidar_msg__rosidl_typesupport_c.so" to ""
-- Up-to-date: /home/akannan05/Desktop/rs-agri3d/agri3d_ws/install/rslidar_msg/include/rslidar_msg/rslidar_msg
-- Up-to-date: /home/akannan05/Desktop/rs-agri3d/agri3d_ws/install/rslidar_msg/include/rslidar_msg/rslidar_msg/msg
-- Up-to-date: /home/akannan05/Desktop/rs-agri3d/agri3d_ws/install/rslidar_msg/include/rslidar_msg/rslidar_msg/msg/detail
-- Installing: /home/akannan05/Desktop/rs-agri3d/agri3d_ws/install/rslidar_msg/include/rslidar_msg/rslidar_msg/msg/detail/rslidar_packet__type_support.cpp
-- Installing: /home/akannan05/Desktop/rs-agri3d/agri3d_ws/install/rslidar_msg/include/rslidar_msg/rslidar_msg/msg/detail/rslidar_packet__rosidl_typesupport_introspection_cpp.hpp
-- Installing: /home/akannan05/Desktop/rs-agri3d/agri3d_ws/install/rslidar_msg/lib/librslidar_msg__rosidl_typesupport_introspection_cpp.so
-- Set non-toolchain portion of runtime path of "/home/akannan05/Desktop/rs-agri3d/agri3d_ws/install/rslidar_msg/lib/librslidar_msg__rosidl_typesupport_introspection_cpp.so" to ""
-- Installing: /home/akannan05/Desktop/rs-agri3d/agri3d_ws/install/rslidar_msg/lib/librslidar_msg__rosidl_typesupport_cpp.so
-- Set non-toolchain portion of runtime path of "/home/akannan05/Desktop/rs-agri3d/agri3d_ws/install/rslidar_msg/lib/librslidar_msg__rosidl_typesupport_cpp.so" to ""
-- Installing: /home/akannan05/Desktop/rs-agri3d/agri3d_ws/install/rslidar_msg/share/rslidar_msg/environment/pythonpath.sh
-- Installing: /home/akannan05/Desktop/rs-agri3d/agri3d_ws/install/rslidar_msg/share/rslidar_msg/environment/pythonpath.dsv
-- Installing: /home/akannan05/Desktop/rs-agri3d/agri3d_ws/install/rslidar_msg/lib/python3.12/site-packages/rslidar_msg-0.0.0-py3.12.egg-info
-- Installing: /home/akannan05/Desktop/rs-agri3d/agri3d_ws/install/rslidar_msg/lib/python3.12/site-packages/rslidar_msg-0.0.0-py3.12.egg-info/dependency_links.txt
-- Installing: /home/akannan05/Desktop/rs-agri3d/agri3d_ws/install/rslidar_msg/lib/python3.12/site-packages/rslidar_msg-0.0.0-py3.12.egg-info/SOURCES.txt
-- Installing: /home/akannan05/Desktop/rs-agri3d/agri3d_ws/install/rslidar_msg/lib/python3.12/site-packages/rslidar_msg-0.0.0-py3.12.egg-info/PKG-INFO
-- Installing: /home/akannan05/Desktop/rs-agri3d/agri3d_ws/install/rslidar_msg/lib/python3.12/site-packages/rslidar_msg-0.0.0-py3.12.egg-info/top_level.txt
-- Installing: /home/akannan05/Desktop/rs-agri3d/agri3d_ws/install/rslidar_msg/lib/python3.12/site-packages/rslidar_msg
-- Installing: /home/akannan05/Desktop/rs-agri3d/agri3d_ws/install/rslidar_msg/lib/python3.12/site-packages/rslidar_msg/rslidar_msg_s__rosidl_typesupport_introspection_c.so
-- Installing: /home/akannan05/Desktop/rs-agri3d/agri3d_ws/install/rslidar_msg/lib/python3.12/site-packages/rslidar_msg/_rslidar_msg_s.ep.rosidl_typesupport_introspection_c.c
-- Installing: /home/akannan05/Desktop/rs-agri3d/agri3d_ws/install/rslidar_msg/lib/python3.12/site-packages/rslidar_msg/__init__.py
-- Installing: /home/akannan05/Desktop/rs-agri3d/agri3d_ws/install/rslidar_msg/lib/python3.12/site-packages/rslidar_msg/rslidar_msg_s__rosidl_typesupport_c.so
-- Installing: /home/akannan05/Desktop/rs-agri3d/agri3d_ws/install/rslidar_msg/lib/python3.12/site-packages/rslidar_msg/_rslidar_msg_s.ep.rosidl_typesupport_c.c
-- Installing: /home/akannan05/Desktop/rs-agri3d/agri3d_ws/install/rslidar_msg/lib/python3.12/site-packages/rslidar_msg/_rslidar_msg_s.ep.rosidl_typesupport_fastrtps_c.c
-- Installing: /home/akannan05/Desktop/rs-agri3d/agri3d_ws/install/rslidar_msg/lib/python3.12/site-packages/rslidar_msg/rslidar_msg_s__rosidl_typesupport_fastrtps_c.so
-- Installing: /home/akannan05/Desktop/rs-agri3d/agri3d_ws/install/rslidar_msg/lib/python3.12/site-packages/rslidar_msg/msg
-- Installing: /home/akannan05/Desktop/rs-agri3d/agri3d_ws/install/rslidar_msg/lib/python3.12/site-packages/rslidar_msg/msg/_rslidar_packet_s.c
-- Installing: /home/akannan05/Desktop/rs-agri3d/agri3d_ws/install/rslidar_msg/lib/python3.12/site-packages/rslidar_msg/msg/__init__.py
-- Installing: /home/akannan05/Desktop/rs-agri3d/agri3d_ws/install/rslidar_msg/lib/python3.12/site-packages/rslidar_msg/msg/_rslidar_packet.py
Listing '/home/akannan05/Desktop/rs-agri3d/agri3d_ws/install/rslidar_msg/lib/python3.12/site-packages/rslidar_msg'...
Compiling '/home/akannan05/Desktop/rs-agri3d/agri3d_ws/install/rslidar_msg/lib/python3.12/site-packages/rslidar_msg/__init__.py'...
Listing '/home/akannan05/Desktop/rs-agri3d/agri3d_ws/install/rslidar_msg/lib/python3.12/site-packages/rslidar_msg/msg'...
Compiling '/home/akannan05/Desktop/rs-agri3d/agri3d_ws/install/rslidar_msg/lib/python3.12/site-packages/rslidar_msg/msg/__init__.py'...
Compiling '/home/akannan05/Desktop/rs-agri3d/agri3d_ws/install/rslidar_msg/lib/python3.12/site-packages/rslidar_msg/msg/_rslidar_packet.py'...
-- Installing: /home/akannan05/Desktop/rs-agri3d/agri3d_ws/install/rslidar_msg/lib/python3.12/site-packages/rslidar_msg/rslidar_msg_s__rosidl_typesupport_fastrtps_c.so
-- Set non-toolchain portion of runtime path of "/home/akannan05/Desktop/rs-agri3d/agri3d_ws/install/rslidar_msg/lib/python3.12/site-packages/rslidar_msg/rslidar_msg_s__rosidl_typesupport_fastrtps_c.so" to ""
-- Installing: /home/akannan05/Desktop/rs-agri3d/agri3d_ws/install/rslidar_msg/lib/python3.12/site-packages/rslidar_msg/rslidar_msg_s__rosidl_typesupport_introspection_c.so
-- Set non-toolchain portion of runtime path of "/home/akannan05/Desktop/rs-agri3d/agri3d_ws/install/rslidar_msg/lib/python3.12/site-packages/rslidar_msg/rslidar_msg_s__rosidl_typesupport_introspection_c.so" to ""
-- Installing: /home/akannan05/Desktop/rs-agri3d/agri3d_ws/install/rslidar_msg/lib/python3.12/site-packages/rslidar_msg/rslidar_msg_s__rosidl_typesupport_c.so
-- Set non-toolchain portion of runtime path of "/home/akannan05/Desktop/rs-agri3d/agri3d_ws/install/rslidar_msg/lib/python3.12/site-packages/rslidar_msg/rslidar_msg_s__rosidl_typesupport_c.so" to ""
-- Installing: /home/akannan05/Desktop/rs-agri3d/agri3d_ws/install/rslidar_msg/lib/librslidar_msg__rosidl_generator_py.so
-- Set non-toolchain portion of runtime path of "/home/akannan05/Desktop/rs-agri3d/agri3d_ws/install/rslidar_msg/lib/librslidar_msg__rosidl_generator_py.so" to ""
-- Installing: /home/akannan05/Desktop/rs-agri3d/agri3d_ws/install/rslidar_msg/share/rslidar_msg/msg/RslidarPacket.idl
-- Installing: /home/akannan05/Desktop/rs-agri3d/agri3d_ws/install/rslidar_msg/share/rslidar_msg/msg/RslidarPacket.msg
-- Installing: /home/akannan05/Desktop/rs-agri3d/agri3d_ws/install/rslidar_msg/share/ament_index/resource_index/package_run_dependencies/rslidar_msg
-- Installing: /home/akannan05/Desktop/rs-agri3d/agri3d_ws/install/rslidar_msg/share/ament_index/resource_index/parent_prefix_path/rslidar_msg
-- Installing: /home/akannan05/Desktop/rs-agri3d/agri3d_ws/install/rslidar_msg/share/rslidar_msg/environment/ament_prefix_path.sh
-- Installing: /home/akannan05/Desktop/rs-agri3d/agri3d_ws/install/rslidar_msg/share/rslidar_msg/environment/ament_prefix_path.dsv
-- Installing: /home/akannan05/Desktop/rs-agri3d/agri3d_ws/install/rslidar_msg/share/rslidar_msg/environment/path.sh
-- Installing: /home/akannan05/Desktop/rs-agri3d/agri3d_ws/install/rslidar_msg/share/rslidar_msg/environment/path.dsv
-- Installing: /home/akannan05/Desktop/rs-agri3d/agri3d_ws/install/rslidar_msg/share/rslidar_msg/local_setup.bash
-- Installing: /home/akannan05/Desktop/rs-agri3d/agri3d_ws/install/rslidar_msg/share/rslidar_msg/local_setup.sh
-- Installing: /home/akannan05/Desktop/rs-agri3d/agri3d_ws/install/rslidar_msg/share/rslidar_msg/local_setup.zsh
-- Installing: /home/akannan05/Desktop/rs-agri3d/agri3d_ws/install/rslidar_msg/share/rslidar_msg/local_setup.dsv
-- Installing: /home/akannan05/Desktop/rs-agri3d/agri3d_ws/install/rslidar_msg/share/rslidar_msg/package.dsv
-- Installing: /home/akannan05/Desktop/rs-agri3d/agri3d_ws/install/rslidar_msg/share/ament_index/resource_index/packages/rslidar_msg
-- Installing: /home/akannan05/Desktop/rs-agri3d/agri3d_ws/install/rslidar_msg/share/rslidar_msg/cmake/export_rslidar_msg__rosidl_generator_cExport.cmake
-- Installing: /home/akannan05/Desktop/rs-agri3d/agri3d_ws/install/rslidar_msg/share/rslidar_msg/cmake/export_rslidar_msg__rosidl_generator_cExport-noconfig.cmake
-- Installing: /home/akannan05/Desktop/rs-agri3d/agri3d_ws/install/rslidar_msg/share/rslidar_msg/cmake/export_rslidar_msg__rosidl_typesupport_fastrtps_cExport.cmake
-- Installing: /home/akannan05/Desktop/rs-agri3d/agri3d_ws/install/rslidar_msg/share/rslidar_msg/cmake/export_rslidar_msg__rosidl_typesupport_fastrtps_cExport-noconfig.cmake
-- Installing: /home/akannan05/Desktop/rs-agri3d/agri3d_ws/install/rslidar_msg/share/rslidar_msg/cmake/export_rslidar_msg__rosidl_generator_cppExport.cmake
-- Installing: /home/akannan05/Desktop/rs-agri3d/agri3d_ws/install/rslidar_msg/share/rslidar_msg/cmake/export_rslidar_msg__rosidl_typesupport_fastrtps_cppExport.cmake
-- Installing: /home/akannan05/Desktop/rs-agri3d/agri3d_ws/install/rslidar_msg/share/rslidar_msg/cmake/export_rslidar_msg__rosidl_typesupport_fastrtps_cppExport-noconfig.cmake
-- Installing: /home/akannan05/Desktop/rs-agri3d/agri3d_ws/install/rslidar_msg/share/rslidar_msg/cmake/rslidar_msg__rosidl_typesupport_introspection_cExport.cmake
-- Installing: /home/akannan05/Desktop/rs-agri3d/agri3d_ws/install/rslidar_msg/share/rslidar_msg/cmake/rslidar_msg__rosidl_typesupport_introspection_cExport-noconfig.cmake
-- Installing: /home/akannan05/Desktop/rs-agri3d/agri3d_ws/install/rslidar_msg/share/rslidar_msg/cmake/rslidar_msg__rosidl_typesupport_cExport.cmake
-- Installing: /home/akannan05/Desktop/rs-agri3d/agri3d_ws/install/rslidar_msg/share/rslidar_msg/cmake/rslidar_msg__rosidl_typesupport_cExport-noconfig.cmake
-- Installing: /home/akannan05/Desktop/rs-agri3d/agri3d_ws/install/rslidar_msg/share/rslidar_msg/cmake/rslidar_msg__rosidl_typesupport_introspection_cppExport.cmake
-- Installing: /home/akannan05/Desktop/rs-agri3d/agri3d_ws/install/rslidar_msg/share/rslidar_msg/cmake/rslidar_msg__rosidl_typesupport_introspection_cppExport-noconfig.cmake
-- Installing: /home/akannan05/Desktop/rs-agri3d/agri3d_ws/install/rslidar_msg/share/rslidar_msg/cmake/rslidar_msg__rosidl_typesupport_cppExport.cmake
-- Installing: /home/akannan05/Desktop/rs-agri3d/agri3d_ws/install/rslidar_msg/share/rslidar_msg/cmake/rslidar_msg__rosidl_typesupport_cppExport-noconfig.cmake
-- Installing: /home/akannan05/Desktop/rs-agri3d/agri3d_ws/install/rslidar_msg/share/rslidar_msg/cmake/export_rslidar_msg__rosidl_generator_pyExport.cmake
-- Installing: /home/akannan05/Desktop/rs-agri3d/agri3d_ws/install/rslidar_msg/share/rslidar_msg/cmake/export_rslidar_msg__rosidl_generator_pyExport-noconfig.cmake
-- Installing: /home/akannan05/Desktop/rs-agri3d/agri3d_ws/install/rslidar_msg/share/rslidar_msg/cmake/rosidl_cmake-extras.cmake
-- Installing: /home/akannan05/Desktop/rs-agri3d/agri3d_ws/install/rslidar_msg/share/rslidar_msg/cmake/ament_cmake_export_dependencies-extras.cmake
-- Installing: /home/akannan05/Desktop/rs-agri3d/agri3d_ws/install/rslidar_msg/share/rslidar_msg/cmake/ament_cmake_export_include_directories-extras.cmake
-- Installing: /home/akannan05/Desktop/rs-agri3d/agri3d_ws/install/rslidar_msg/share/rslidar_msg/cmake/ament_cmake_export_libraries-extras.cmake
-- Installing: /home/akannan05/Desktop/rs-agri3d/agri3d_ws/install/rslidar_msg/share/rslidar_msg/cmake/ament_cmake_export_targets-extras.cmake
-- Installing: /home/akannan05/Desktop/rs-agri3d/agri3d_ws/install/rslidar_msg/share/rslidar_msg/cmake/rosidl_cmake_export_typesupport_targets-extras.cmake
-- Installing: /home/akannan05/Desktop/rs-agri3d/agri3d_ws/install/rslidar_msg/share/rslidar_msg/cmake/rosidl_cmake_export_typesupport_libraries-extras.cmake
-- Installing: /home/akannan05/Desktop/rs-agri3d/agri3d_ws/install/rslidar_msg/share/rslidar_msg/cmake/rslidar_msgConfig.cmake
-- Installing: /home/akannan05/Desktop/rs-agri3d/agri3d_ws/install/rslidar_msg/share/rslidar_msg/cmake/rslidar_msgConfig-version.cmake
-- Installing: /home/akannan05/Desktop/rs-agri3d/agri3d_ws/install/rslidar_msg/share/rslidar_msg/package.xml
