[0.008s] Invoking command in '/home/akannan05/Desktop/rs-agri3d/agri3d_ws/build/zed2i_nodes': CMAKE_PREFIX_PATH=${CMAKE_PREFIX_PATH}:/opt/ros/jazzy DEBUGINFOD_URLS=https://debuginfod.ubuntu.com /usr/bin/cmake --build /home/akannan05/Desktop/rs-agri3d/agri3d_ws/build/zed2i_nodes -- -j12 -l12
[0.031s] -- Found ament_cmake: 2.5.4 (/opt/ros/jazzy/share/ament_cmake/cmake)
[0.185s] -- Found rclcpp: 28.1.9 (/opt/ros/jazzy/share/rclcpp/cmake)
[0.209s] -- Found rosidl_generator_c: 4.6.5 (/opt/ros/jazzy/share/rosidl_generator_c/cmake)
[0.215s] -- Found rosidl_generator_cpp: 4.6.5 (/opt/ros/jazzy/share/rosidl_generator_cpp/cmake)
[0.222s] -- Using all available rosidl_typesupport_c: rosidl_typesupport_fastrtps_c;rosidl_typesupport_introspection_c
[0.229s] -- Using all available rosidl_typesupport_cpp: rosidl_typesupport_fastrtps_cpp;rosidl_typesupport_introspection_cpp
[0.265s] -- Found rmw_implementation_cmake: 7.3.2 (/opt/ros/jazzy/share/rmw_implementation_cmake/cmake)
[0.266s] -- Found rmw_fastrtps_cpp: 8.4.2 (/opt/ros/jazzy/share/rmw_fastrtps_cpp/cmake)
[0.308s] -- Using RMW implementation 'rmw_fastrtps_cpp' as default
[0.346s] -- Found std_msgs: 5.3.6 (/opt/ros/jazzy/share/std_msgs/cmake)
[0.354s] -- Found sensor_msgs: 5.3.6 (/opt/ros/jazzy/share/sensor_msgs/cmake)
[0.376s] -- Found image_transport: 5.1.6 (/opt/ros/jazzy/share/image_transport/cmake)
[0.383s] -- Found cv_bridge: 4.1.0 (/opt/ros/jazzy/share/cv_bridge/cmake)
[0.391s] -- Found ament_lint_auto: 0.17.2 (/opt/ros/jazzy/share/ament_lint_auto/cmake)
[0.450s] -- Added test 'cppcheck' to perform static code analysis on C / C++ code
[0.450s] -- Configured cppcheck include dirs: 
[0.450s] -- Configured cppcheck exclude dirs and/or files: 
[0.450s] -- Added test 'lint_cmake' to check CMake code style
[0.450s] -- Added test 'uncrustify' to check C / C++ code style
[0.450s] -- Configured uncrustify additional arguments: 
[0.451s] -- Added test 'xmllint' to check XML markup files
[0.451s] -- Configuring done (0.4s)
[0.460s] -- Generating done (0.0s)
[0.464s] -- Build files have been written to: /home/akannan05/Desktop/rs-agri3d/agri3d_ws/build/zed2i_nodes
[0.494s] [ 25%] [32mBuilding CXX object CMakeFiles/zed_img_node.dir/src/zed_img_publisher.cpp.o[0m
[0.497s] [ 75%] Built target zed_imu_node
[0.618s] [01m[K/home/akannan05/Desktop/rs-agri3d/agri3d_ws/src/zed2i_nodes/src/zed_img_publisher.cpp:8:10:[m[K [01;31m[Kfatal error: [m[Kcv_bridge/cv_bridge.h: No such file or directory
[0.618s]     8 | #include [01;31m[K<cv_bridge/cv_bridge.h>[m[K
[0.618s]       |          [01;31m[K^~~~~~~~~~~~~~~~~~~~~~~[m[K
[0.618s] compilation terminated.
[0.620s] gmake[2]: *** [CMakeFiles/zed_img_node.dir/build.make:76: CMakeFiles/zed_img_node.dir/src/zed_img_publisher.cpp.o] Error 1
[0.620s] gmake[1]: *** [CMakeFiles/Makefile2:165: CMakeFiles/zed_img_node.dir/all] Error 2
[0.620s] gmake: *** [Makefile:146: all] Error 2
[0.622s] Invoked command in '/home/akannan05/Desktop/rs-agri3d/agri3d_ws/build/zed2i_nodes' returned '2': CMAKE_PREFIX_PATH=${CMAKE_PREFIX_PATH}:/opt/ros/jazzy DEBUGINFOD_URLS=https://debuginfod.ubuntu.com /usr/bin/cmake --build /home/akannan05/Desktop/rs-agri3d/agri3d_ws/build/zed2i_nodes -- -j12 -l12
