[0.009s] Invoking command in '/home/akannan05/Desktop/rs-agri3d/agri3d_ws/build/zed2i_nodes': CMAKE_PREFIX_PATH=${CMAKE_PREFIX_PATH}:/opt/ros/jazzy DEBUGINFOD_URLS=https://debuginfod.ubuntu.com /usr/bin/cmake --build /home/akannan05/Desktop/rs-agri3d/agri3d_ws/build/zed2i_nodes -- -j12 -l12
[0.055s] [ 50%] Built target zed_imu_node
[0.057s] [ 75%] [32mBuilding CXX object CMakeFiles/zed_img_node.dir/src/zed_img_publisher.cpp.o[0m
[3.334s] [100%] [32m[1mLinking CXX executable zed_img_node[0m
[3.590s] [100%] Built target zed_img_node
[3.599s] Invoked command in '/home/akannan05/Desktop/rs-agri3d/agri3d_ws/build/zed2i_nodes' returned '0': CMAKE_PREFIX_PATH=${CMAKE_PREFIX_PATH}:/opt/ros/jazzy DEBUGINFOD_URLS=https://debuginfod.ubuntu.com /usr/bin/cmake --build /home/akannan05/Desktop/rs-agri3d/agri3d_ws/build/zed2i_nodes -- -j12 -l12
[3.607s] Invoking command in '/home/akannan05/Desktop/rs-agri3d/agri3d_ws/build/zed2i_nodes': CMAKE_PREFIX_PATH=${CMAKE_PREFIX_PATH}:/opt/ros/jazzy DEBUGINFOD_URLS=https://debuginfod.ubuntu.com /usr/bin/cmake --install /home/akannan05/Desktop/rs-agri3d/agri3d_ws/build/zed2i_nodes
[3.614s] -- Install configuration: ""
[3.614s] -- Installing: /home/akannan05/Desktop/rs-agri3d/agri3d_ws/install/zed2i_nodes/lib/zed2i_nodes/zed_imu_node
[3.615s] -- Set non-toolchain portion of runtime path of "/home/akannan05/Desktop/rs-agri3d/agri3d_ws/install/zed2i_nodes/lib/zed2i_nodes/zed_imu_node" to ""
[3.615s] -- Installing: /home/akannan05/Desktop/rs-agri3d/agri3d_ws/install/zed2i_nodes/lib/zed2i_nodes/zed_img_node
[3.616s] -- Set non-toolchain portion of runtime path of "/home/akannan05/Desktop/rs-agri3d/agri3d_ws/install/zed2i_nodes/lib/zed2i_nodes/zed_img_node" to ""
[3.616s] -- Up-to-date: /home/akannan05/Desktop/rs-agri3d/agri3d_ws/install/zed2i_nodes/share/ament_index/resource_index/package_run_dependencies/zed2i_nodes
[3.616s] -- Up-to-date: /home/akannan05/Desktop/rs-agri3d/agri3d_ws/install/zed2i_nodes/share/ament_index/resource_index/parent_prefix_path/zed2i_nodes
[3.616s] -- Up-to-date: /home/akannan05/Desktop/rs-agri3d/agri3d_ws/install/zed2i_nodes/share/zed2i_nodes/environment/ament_prefix_path.sh
[3.616s] -- Up-to-date: /home/akannan05/Desktop/rs-agri3d/agri3d_ws/install/zed2i_nodes/share/zed2i_nodes/environment/ament_prefix_path.dsv
[3.616s] -- Up-to-date: /home/akannan05/Desktop/rs-agri3d/agri3d_ws/install/zed2i_nodes/share/zed2i_nodes/environment/path.sh
[3.616s] -- Up-to-date: /home/akannan05/Desktop/rs-agri3d/agri3d_ws/install/zed2i_nodes/share/zed2i_nodes/environment/path.dsv
[3.616s] -- Up-to-date: /home/akannan05/Desktop/rs-agri3d/agri3d_ws/install/zed2i_nodes/share/zed2i_nodes/local_setup.bash
[3.617s] -- Up-to-date: /home/akannan05/Desktop/rs-agri3d/agri3d_ws/install/zed2i_nodes/share/zed2i_nodes/local_setup.sh
[3.617s] -- Up-to-date: /home/akannan05/Desktop/rs-agri3d/agri3d_ws/install/zed2i_nodes/share/zed2i_nodes/local_setup.zsh
[3.617s] -- Up-to-date: /home/akannan05/Desktop/rs-agri3d/agri3d_ws/install/zed2i_nodes/share/zed2i_nodes/local_setup.dsv
[3.617s] -- Installing: /home/akannan05/Desktop/rs-agri3d/agri3d_ws/install/zed2i_nodes/share/zed2i_nodes/package.dsv
[3.617s] -- Up-to-date: /home/akannan05/Desktop/rs-agri3d/agri3d_ws/install/zed2i_nodes/share/ament_index/resource_index/packages/zed2i_nodes
[3.617s] -- Up-to-date: /home/akannan05/Desktop/rs-agri3d/agri3d_ws/install/zed2i_nodes/share/zed2i_nodes/cmake/zed2i_nodesConfig.cmake
[3.617s] -- Up-to-date: /home/akannan05/Desktop/rs-agri3d/agri3d_ws/install/zed2i_nodes/share/zed2i_nodes/cmake/zed2i_nodesConfig-version.cmake
[3.617s] -- Up-to-date: /home/akannan05/Desktop/rs-agri3d/agri3d_ws/install/zed2i_nodes/share/zed2i_nodes/package.xml
[3.618s] Invoked command in '/home/akannan05/Desktop/rs-agri3d/agri3d_ws/build/zed2i_nodes' returned '0': CMAKE_PREFIX_PATH=${CMAKE_PREFIX_PATH}:/opt/ros/jazzy DEBUGINFOD_URLS=https://debuginfod.ubuntu.com /usr/bin/cmake --install /home/akannan05/Desktop/rs-agri3d/agri3d_ws/build/zed2i_nodes
