[0.009s] Invoking command in '/home/akannan05/Desktop/rs-agri3d/agri3d_ws/build/zed2i_nodes': CMAKE_PREFIX_PATH=${CMAKE_PREFIX_PATH}:/opt/ros/jazzy DEBUGINFOD_URLS=https://debuginfod.ubuntu.com /usr/bin/cmake --build /home/akannan05/Desktop/rs-agri3d/agri3d_ws/build/zed2i_nodes -- -j12 -l12
[0.057s] [ 50%] [32mBuilding CXX object CMakeFiles/zed_imu_node.dir/src/zed_imu_publisher.cpp.o[0m
[2.465s] [100%] [32m[1mLinking CXX executable zed_imu_node[0m
[2.580s] [100%] Built target zed_imu_node
[2.590s] Invoked command in '/home/akannan05/Desktop/rs-agri3d/agri3d_ws/build/zed2i_nodes' returned '0': CMAKE_PREFIX_PATH=${CMAKE_PREFIX_PATH}:/opt/ros/jazzy DEBUGINFOD_URLS=https://debuginfod.ubuntu.com /usr/bin/cmake --build /home/akannan05/Desktop/rs-agri3d/agri3d_ws/build/zed2i_nodes -- -j12 -l12
[2.597s] Invoking command in '/home/akannan05/Desktop/rs-agri3d/agri3d_ws/build/zed2i_nodes': CMAKE_PREFIX_PATH=${CMAKE_PREFIX_PATH}:/opt/ros/jazzy DEBUGINFOD_URLS=https://debuginfod.ubuntu.com /usr/bin/cmake --install /home/akannan05/Desktop/rs-agri3d/agri3d_ws/build/zed2i_nodes
[2.605s] -- Install configuration: ""
[2.605s] -- Installing: /home/akannan05/Desktop/rs-agri3d/agri3d_ws/install/zed2i_nodes/lib/zed2i_nodes/zed_imu_node
[2.606s] -- Set non-toolchain portion of runtime path of "/home/akannan05/Desktop/rs-agri3d/agri3d_ws/install/zed2i_nodes/lib/zed2i_nodes/zed_imu_node" to ""
[2.606s] -- Installing: /home/akannan05/Desktop/rs-agri3d/agri3d_ws/install/zed2i_nodes/share/ament_index/resource_index/package_run_dependencies/zed2i_nodes
[2.606s] -- Installing: /home/akannan05/Desktop/rs-agri3d/agri3d_ws/install/zed2i_nodes/share/ament_index/resource_index/parent_prefix_path/zed2i_nodes
[2.606s] -- Installing: /home/akannan05/Desktop/rs-agri3d/agri3d_ws/install/zed2i_nodes/share/zed2i_nodes/environment/ament_prefix_path.sh
[2.606s] -- Installing: /home/akannan05/Desktop/rs-agri3d/agri3d_ws/install/zed2i_nodes/share/zed2i_nodes/environment/ament_prefix_path.dsv
[2.606s] -- Installing: /home/akannan05/Desktop/rs-agri3d/agri3d_ws/install/zed2i_nodes/share/zed2i_nodes/environment/path.sh
[2.606s] -- Installing: /home/akannan05/Desktop/rs-agri3d/agri3d_ws/install/zed2i_nodes/share/zed2i_nodes/environment/path.dsv
[2.606s] -- Installing: /home/akannan05/Desktop/rs-agri3d/agri3d_ws/install/zed2i_nodes/share/zed2i_nodes/local_setup.bash
[2.606s] -- Installing: /home/akannan05/Desktop/rs-agri3d/agri3d_ws/install/zed2i_nodes/share/zed2i_nodes/local_setup.sh
[2.607s] -- Installing: /home/akannan05/Desktop/rs-agri3d/agri3d_ws/install/zed2i_nodes/share/zed2i_nodes/local_setup.zsh
[2.607s] -- Installing: /home/akannan05/Desktop/rs-agri3d/agri3d_ws/install/zed2i_nodes/share/zed2i_nodes/local_setup.dsv
[2.607s] -- Installing: /home/akannan05/Desktop/rs-agri3d/agri3d_ws/install/zed2i_nodes/share/zed2i_nodes/package.dsv
[2.607s] -- Installing: /home/akannan05/Desktop/rs-agri3d/agri3d_ws/install/zed2i_nodes/share/ament_index/resource_index/packages/zed2i_nodes
[2.607s] -- Installing: /home/akannan05/Desktop/rs-agri3d/agri3d_ws/install/zed2i_nodes/share/zed2i_nodes/cmake/zed2i_nodesConfig.cmake
[2.607s] -- Installing: /home/akannan05/Desktop/rs-agri3d/agri3d_ws/install/zed2i_nodes/share/zed2i_nodes/cmake/zed2i_nodesConfig-version.cmake
[2.607s] -- Installing: /home/akannan05/Desktop/rs-agri3d/agri3d_ws/install/zed2i_nodes/share/zed2i_nodes/package.xml
[2.609s] Invoked command in '/home/akannan05/Desktop/rs-agri3d/agri3d_ws/build/zed2i_nodes' returned '0': CMAKE_PREFIX_PATH=${CMAKE_PREFIX_PATH}:/opt/ros/jazzy DEBUGINFOD_URLS=https://debuginfod.ubuntu.com /usr/bin/cmake --install /home/akannan05/Desktop/rs-agri3d/agri3d_ws/build/zed2i_nodes
