[0.016s] Invoking command in '/home/akannan05/Desktop/rs-agri3d/agri3d_ws/build/zed_components': CMAKE_PREFIX_PATH=${CMAKE_PREFIX_PATH}:/opt/ros/jazzy DEBUGINFOD_URLS=https://debuginfod.ubuntu.com /usr/bin/cmake /home/akannan05/Desktop/rs-agri3d/agri3d_ws/src/zed-ros2-wrapper/zed_components -DCMAKE_INSTALL_PREFIX=/home/akannan05/Desktop/rs-agri3d/agri3d_ws/install/zed_components
[0.092s] [33mCMake Warning (dev) at /usr/local/zed/zed-config.cmake:73 (find_package):
[0.092s]   Policy CMP0146 is not set: The FindCUDA module is removed.  Run "cmake
[0.092s]   --help-policy CMP0146" for policy details.  Use the cmake_policy command to
[0.092s]   set the policy and suppress this warning.
[0.092s] 
[0.093s] Call Stack (most recent call first):
[0.093s]   CMakeLists.txt:84 (find_package)
[0.093s] This warning is for project developers.  Use -Wno-dev to suppress it.
[0.093s] [0m
[0.101s] -- Found CUDA: /usr/local/cuda (found suitable version "12.8", minimum required is "12") 
[0.102s] [33mCMake Warning (dev) at /usr/local/zed/zed-config.cmake:78 (exec_program):
[0.102s]   Policy CMP0153 is not set: The exec_program command should not be called.
[0.102s]   Run "cmake --help-policy CMP0153" for policy details.  Use the cmake_policy
[0.103s]   command to set the policy and suppress this warning.
[0.103s] 
[0.103s]   Use execute_process() instead.
[0.103s] Call Stack (most recent call first):
[0.103s]   CMakeLists.txt:84 (find_package)
[0.103s] This warning is for project developers.  Use -Wno-dev to suppress it.
[0.103s] [0m
[0.108s] [33mCMake Warning (dev) at /usr/local/zed/zed-config.cmake:79 (exec_program):
[0.108s]   Policy CMP0153 is not set: The exec_program command should not be called.
[0.108s]   Run "cmake --help-policy CMP0153" for policy details.  Use the cmake_policy
[0.108s]   command to set the policy and suppress this warning.
[0.109s] 
[0.109s]   Use execute_process() instead.
[0.109s] Call Stack (most recent call first):
[0.109s]   CMakeLists.txt:84 (find_package)
[0.109s] This warning is for project developers.  Use -Wno-dev to suppress it.
[0.109s] [0m
[0.114s] [33mCMake Warning (dev) at /usr/local/zed/zed-config.cmake:95 (exec_program):
[0.115s]   Policy CMP0153 is not set: The exec_program command should not be called.
[0.115s]   Run "cmake --help-policy CMP0153" for policy details.  Use the cmake_policy
[0.115s]   command to set the policy and suppress this warning.
[0.115s] 
[0.115s]   Use execute_process() instead.
[0.115s] Call Stack (most recent call first):
[0.115s]   CMakeLists.txt:84 (find_package)
[0.116s] This warning is for project developers.  Use -Wno-dev to suppress it.
[0.116s] [0m
[0.123s] [33mCMake Warning (dev) at /usr/local/zed/zed-config.cmake:115 (exec_program):
[0.123s]   Policy CMP0153 is not set: The exec_program command should not be called.
[0.123s]   Run "cmake --help-policy CMP0153" for policy details.  Use the cmake_policy
[0.123s]   command to set the policy and suppress this warning.
[0.123s] 
[0.123s]   Use execute_process() instead.
[0.123s] Call Stack (most recent call first):
[0.124s]   CMakeLists.txt:84 (find_package)
[0.124s] This warning is for project developers.  Use -Wno-dev to suppress it.
[0.124s] [0m
[0.159s] [33mCMake Warning (dev) at CMakeLists.txt:86 (exec_program):
[0.160s]   Policy CMP0153 is not set: The exec_program command should not be called.
[0.160s]   Run "cmake --help-policy CMP0153" for policy details.  Use the cmake_policy
[0.160s]   command to set the policy and suppress this warning.
[0.160s] 
[0.160s]   Use execute_process() instead.
[0.160s] This warning is for project developers.  Use -Wno-dev to suppress it.
[0.160s] [0m
[0.163s] [33mCMake Warning (dev) at CMakeLists.txt:91 (find_package):
[0.163s]   Policy CMP0146 is not set: The FindCUDA module is removed.  Run "cmake
[0.164s]   --help-policy CMP0146" for policy details.  Use the cmake_policy command to
[0.164s]   set the policy and suppress this warning.
[0.164s] 
[0.164s] This warning is for project developers.  Use -Wno-dev to suppress it.
[0.164s] [0m
[0.176s] -- Found CUDA: /usr/local/cuda (found version "12.8") 
[0.177s] -- Found ament_cmake_auto: 2.5.4 (/opt/ros/jazzy/share/ament_cmake_auto/cmake)
[0.520s] -- Override CMake install command with custom implementation using symlinks instead of copying resources
[0.697s] -- Found rosidl_generator_c: 4.6.5 (/opt/ros/jazzy/share/rosidl_generator_c/cmake)
[0.713s] -- Found rosidl_generator_cpp: 4.6.5 (/opt/ros/jazzy/share/rosidl_generator_cpp/cmake)
[0.732s] -- Using all available rosidl_typesupport_c: rosidl_typesupport_fastrtps_c;rosidl_typesupport_introspection_c
[0.755s] -- Using all available rosidl_typesupport_cpp: rosidl_typesupport_fastrtps_cpp;rosidl_typesupport_introspection_cpp
[0.959s] -- Found rmw_implementation_cmake: 7.3.2 (/opt/ros/jazzy/share/rmw_implementation_cmake/cmake)
[0.961s] -- Found rmw_fastrtps_cpp: 8.4.2 (/opt/ros/jazzy/share/rmw_fastrtps_cpp/cmake)
[1.060s] -- Using RMW implementation 'rmw_fastrtps_cpp' as default
[1.485s] -- Found eigen3_cmake_module: 0.3.0 (/opt/ros/jazzy/share/eigen3_cmake_module/cmake)
[1.486s] -- Ensuring Eigen3 include directory is part of orocos-kdl CMake target
[1.672s] -- Found ament_lint_auto: 0.17.2 (/opt/ros/jazzy/share/ament_lint_auto/cmake)
[1.712s] -- Added test 'copyright' to check source files copyright and LICENSE
[1.714s] -- Added test 'cppcheck' to perform static code analysis on C / C++ code
[1.715s] -- Configured cppcheck include dirs: /home/akannan05/Desktop/rs-agri3d/agri3d_ws/src/zed-ros2-wrapper/zed_components/src/include;/home/akannan05/Desktop/rs-agri3d/agri3d_ws/src/zed-ros2-wrapper/zed_components/src/zed_camera/include;/home/akannan05/Desktop/rs-agri3d/agri3d_ws/src/zed-ros2-wrapper/zed_components/src/tools/include
[1.715s] -- Configured cppcheck exclude dirs and/or files: 
[1.716s] -- Added test 'lint_cmake' to check CMake code style
[1.718s] -- Added test 'uncrustify' to check C / C++ code style
[1.718s] -- Configured uncrustify additional arguments: 
[1.718s] -- Added test 'xmllint' to check XML markup files
[1.721s] -- Configuring done (1.7s)
[1.763s] -- Generating done (0.0s)
[1.774s] -- Build files have been written to: /home/akannan05/Desktop/rs-agri3d/agri3d_ws/build/zed_components
[1.787s] Invoked command in '/home/akannan05/Desktop/rs-agri3d/agri3d_ws/build/zed_components' returned '0': CMAKE_PREFIX_PATH=${CMAKE_PREFIX_PATH}:/opt/ros/jazzy DEBUGINFOD_URLS=https://debuginfod.ubuntu.com /usr/bin/cmake /home/akannan05/Desktop/rs-agri3d/agri3d_ws/src/zed-ros2-wrapper/zed_components -DCMAKE_INSTALL_PREFIX=/home/akannan05/Desktop/rs-agri3d/agri3d_ws/install/zed_components
[1.788s] Invoking command in '/home/akannan05/Desktop/rs-agri3d/agri3d_ws/build/zed_components': CMAKE_PREFIX_PATH=${CMAKE_PREFIX_PATH}:/opt/ros/jazzy DEBUGINFOD_URLS=https://debuginfod.ubuntu.com /usr/bin/cmake --build /home/akannan05/Desktop/rs-agri3d/agri3d_ws/build/zed_components -- -j12 -l12
[1.895s] [ 50%] Built target zed_camera_component
[1.898s] [100%] Built target zed_camera_one_component
[1.921s] Invoked command in '/home/akannan05/Desktop/rs-agri3d/agri3d_ws/build/zed_components' returned '0': CMAKE_PREFIX_PATH=${CMAKE_PREFIX_PATH}:/opt/ros/jazzy DEBUGINFOD_URLS=https://debuginfod.ubuntu.com /usr/bin/cmake --build /home/akannan05/Desktop/rs-agri3d/agri3d_ws/build/zed_components -- -j12 -l12
[1.940s] Invoking command in '/home/akannan05/Desktop/rs-agri3d/agri3d_ws/build/zed_components': CMAKE_PREFIX_PATH=${CMAKE_PREFIX_PATH}:/opt/ros/jazzy DEBUGINFOD_URLS=https://debuginfod.ubuntu.com /usr/bin/cmake --install /home/akannan05/Desktop/rs-agri3d/agri3d_ws/build/zed_components
[1.951s] -- Install configuration: "Release"
[1.952s] -- Execute custom install script
[1.952s] -- Up-to-date symlink: /home/akannan05/Desktop/rs-agri3d/agri3d_ws/install/zed_components/lib/libzed_camera_component.so
[1.953s] -- Up-to-date symlink: /home/akannan05/Desktop/rs-agri3d/agri3d_ws/install/zed_components/lib/libzed_camera_one_component.so
[1.953s] -- Up-to-date symlink: /home/akannan05/Desktop/rs-agri3d/agri3d_ws/install/zed_components/include/zed_components//cost_traversability.hpp
[1.953s] -- Up-to-date symlink: /home/akannan05/Desktop/rs-agri3d/agri3d_ws/install/zed_components/include/zed_components//sl_types.hpp
[1.953s] -- Up-to-date symlink: /home/akannan05/Desktop/rs-agri3d/agri3d_ws/install/zed_components/include/zed_components//zed_camera_component.hpp
[1.953s] -- Up-to-date symlink: /home/akannan05/Desktop/rs-agri3d/agri3d_ws/install/zed_components/include/zed_components//zed_camera_one_component.hpp
[1.954s] -- Up-to-date symlink: /home/akannan05/Desktop/rs-agri3d/agri3d_ws/install/zed_components/include/zed_components//gnss_replay.hpp
[1.954s] -- Up-to-date symlink: /home/akannan05/Desktop/rs-agri3d/agri3d_ws/install/zed_components/include/zed_components//json.hpp
[1.954s] -- Up-to-date symlink: /home/akannan05/Desktop/rs-agri3d/agri3d_ws/install/zed_components/include/zed_components//sl_logging.hpp
[1.954s] -- Up-to-date symlink: /home/akannan05/Desktop/rs-agri3d/agri3d_ws/install/zed_components/include/zed_components//sl_tools.hpp
[1.954s] -- Up-to-date symlink: /home/akannan05/Desktop/rs-agri3d/agri3d_ws/install/zed_components/include/zed_components//sl_win_avg.hpp
[1.955s] -- Up-to-date symlink: /home/akannan05/Desktop/rs-agri3d/agri3d_ws/install/zed_components/include/zed_components//visibility_control.hpp
[1.955s] -- Up-to-date symlink: /home/akannan05/Desktop/rs-agri3d/agri3d_ws/install/zed_components/share/zed_components/environment/library_path.sh
[1.955s] -- Up-to-date symlink: /home/akannan05/Desktop/rs-agri3d/agri3d_ws/install/zed_components/share/zed_components/environment/library_path.dsv
[1.956s] -- Up-to-date symlink: /home/akannan05/Desktop/rs-agri3d/agri3d_ws/install/zed_components/share/ament_index/resource_index/package_run_dependencies/zed_components
[1.956s] -- Up-to-date symlink: /home/akannan05/Desktop/rs-agri3d/agri3d_ws/install/zed_components/share/ament_index/resource_index/parent_prefix_path/zed_components
[1.956s] -- Up-to-date symlink: /home/akannan05/Desktop/rs-agri3d/agri3d_ws/install/zed_components/share/zed_components/environment/ament_prefix_path.sh
[1.956s] -- Up-to-date symlink: /home/akannan05/Desktop/rs-agri3d/agri3d_ws/install/zed_components/share/zed_components/environment/ament_prefix_path.dsv
[1.956s] -- Up-to-date symlink: /home/akannan05/Desktop/rs-agri3d/agri3d_ws/install/zed_components/share/zed_components/environment/path.sh
[1.957s] -- Up-to-date symlink: /home/akannan05/Desktop/rs-agri3d/agri3d_ws/install/zed_components/share/zed_components/environment/path.dsv
[1.957s] -- Up-to-date symlink: /home/akannan05/Desktop/rs-agri3d/agri3d_ws/install/zed_components/share/zed_components/local_setup.bash
[1.957s] -- Up-to-date symlink: /home/akannan05/Desktop/rs-agri3d/agri3d_ws/install/zed_components/share/zed_components/local_setup.sh
[1.957s] -- Up-to-date symlink: /home/akannan05/Desktop/rs-agri3d/agri3d_ws/install/zed_components/share/zed_components/local_setup.zsh
[1.957s] -- Up-to-date symlink: /home/akannan05/Desktop/rs-agri3d/agri3d_ws/install/zed_components/share/zed_components/local_setup.dsv
[1.957s] -- Symlinking: /home/akannan05/Desktop/rs-agri3d/agri3d_ws/install/zed_components/share/zed_components/package.dsv
[1.974s] -- Up-to-date symlink: /home/akannan05/Desktop/rs-agri3d/agri3d_ws/install/zed_components/share/ament_index/resource_index/packages/zed_components
[1.974s] -- Up-to-date symlink: /home/akannan05/Desktop/rs-agri3d/agri3d_ws/install/zed_components/share/ament_index/resource_index/rclcpp_components/zed_components
[1.974s] -- Up-to-date symlink: /home/akannan05/Desktop/rs-agri3d/agri3d_ws/install/zed_components/share/zed_components/cmake/ament_cmake_export_include_directories-extras.cmake
[1.974s] -- Up-to-date symlink: /home/akannan05/Desktop/rs-agri3d/agri3d_ws/install/zed_components/share/zed_components/cmake/ament_cmake_export_libraries-extras.cmake
[1.974s] -- Up-to-date symlink: /home/akannan05/Desktop/rs-agri3d/agri3d_ws/install/zed_components/share/zed_components/cmake/ament_cmake_export_dependencies-extras.cmake
[1.975s] -- Up-to-date symlink: /home/akannan05/Desktop/rs-agri3d/agri3d_ws/install/zed_components/share/zed_components/cmake/zed_componentsConfig.cmake
[1.975s] -- Up-to-date symlink: /home/akannan05/Desktop/rs-agri3d/agri3d_ws/install/zed_components/share/zed_components/cmake/zed_componentsConfig-version.cmake
[1.975s] -- Up-to-date symlink: /home/akannan05/Desktop/rs-agri3d/agri3d_ws/install/zed_components/share/zed_components/package.xml
[1.978s] Invoked command in '/home/akannan05/Desktop/rs-agri3d/agri3d_ws/build/zed_components' returned '0': CMAKE_PREFIX_PATH=${CMAKE_PREFIX_PATH}:/opt/ros/jazzy DEBUGINFOD_URLS=https://debuginfod.ubuntu.com /usr/bin/cmake --install /home/akannan05/Desktop/rs-agri3d/agri3d_ws/build/zed_components
