[0.127s] DEBUG:colcon:Command line arguments: ['/usr/bin/colcon', 'build', '--packages-select', 'zed_ros2']
[0.127s] DEBUG:colcon:Parsed command line arguments: Namespace(log_base=None, log_level=None, verb_name='build', build_base='build', install_base='install', merge_install=False, symlink_install=False, test_result_base=None, continue_on_error=False, executor='parallel', parallel_workers=12, event_handlers=None, ignore_user_meta=False, metas=['./colcon.meta'], base_paths=['.'], packages_ignore=None, packages_ignore_regex=None, paths=None, packages_up_to=None, packages_up_to_regex=None, packages_above=None, packages_above_and_dependencies=None, packages_above_depth=None, packages_select_by_dep=None, packages_skip_by_dep=None, packages_skip_up_to=None, packages_select_build_failed=False, packages_skip_build_finished=False, packages_select_test_failures=False, packages_skip_test_passed=False, packages_select=['zed_ros2'], packages_skip=None, packages_select_regex=None, packages_skip_regex=None, packages_start=None, packages_end=None, allow_overriding=[], cmake_args=None, cmake_target=None, cmake_target_skip_unavailable=False, cmake_clean_cache=False, cmake_clean_first=False, cmake_force_configure=False, ament_cmake_args=None, catkin_cmake_args=None, catkin_skip_building_tests=False, mixin_files=None, mixin=None, verb_parser=<colcon_mixin.mixin.mixin_argument.MixinArgumentDecorator object at 0x7f4f5a37c200>, verb_extension=<colcon_core.verb.build.BuildVerb object at 0x7f4f5a35fec0>, main=<bound method BuildVerb.main of <colcon_core.verb.build.BuildVerb object at 0x7f4f5a35fec0>>, mixin_verb=('build',))
[0.174s] Level 1:colcon.colcon_core.package_discovery:discover_packages(colcon_meta) check parameters
[0.174s] Level 1:colcon.colcon_core.package_discovery:discover_packages(recursive) check parameters
[0.174s] Level 1:colcon.colcon_core.package_discovery:discover_packages(ignore) check parameters
[0.174s] Level 1:colcon.colcon_core.package_discovery:discover_packages(path) check parameters
[0.174s] Level 1:colcon.colcon_core.package_discovery:discover_packages(colcon_meta) discover
[0.174s] Level 1:colcon.colcon_core.package_discovery:discover_packages(recursive) discover
[0.174s] INFO:colcon.colcon_core.package_discovery:Crawling recursively for packages in '/home/akannan05/Desktop/rs-agri3d/agri3d_ws'
[0.174s] Level 1:colcon.colcon_core.package_identification:_identify(.) by extensions ['ignore', 'ignore_ament_install']
[0.175s] Level 1:colcon.colcon_core.package_identification:_identify(.) by extension 'ignore'
[0.175s] Level 1:colcon.colcon_core.package_identification:_identify(.) by extension 'ignore_ament_install'
[0.175s] Level 1:colcon.colcon_core.package_identification:_identify(.) by extensions ['colcon_pkg']
[0.175s] Level 1:colcon.colcon_core.package_identification:_identify(.) by extension 'colcon_pkg'
[0.175s] Level 1:colcon.colcon_core.package_identification:_identify(.) by extensions ['colcon_meta']
[0.175s] Level 1:colcon.colcon_core.package_identification:_identify(.) by extension 'colcon_meta'
[0.175s] Level 1:colcon.colcon_core.package_identification:_identify(.) by extensions ['ros']
[0.175s] Level 1:colcon.colcon_core.package_identification:_identify(.) by extension 'ros'
[0.211s] Level 1:colcon.colcon_core.package_identification:_identify(.) by extensions ['cmake', 'python']
[0.211s] Level 1:colcon.colcon_core.package_identification:_identify(.) by extension 'cmake'
[0.211s] Level 1:colcon.colcon_core.package_identification:_identify(.) by extension 'python'
[0.211s] Level 1:colcon.colcon_core.package_identification:_identify(.) by extensions ['python_setup_py']
[0.211s] Level 1:colcon.colcon_core.package_identification:_identify(.) by extension 'python_setup_py'
[0.211s] Level 1:colcon.colcon_core.package_identification:_identify(build) by extensions ['ignore', 'ignore_ament_install']
[0.211s] Level 1:colcon.colcon_core.package_identification:_identify(build) by extension 'ignore'
[0.211s] Level 1:colcon.colcon_core.package_identification:_identify(build) ignored
[0.211s] Level 1:colcon.colcon_core.package_identification:_identify(install) by extensions ['ignore', 'ignore_ament_install']
[0.211s] Level 1:colcon.colcon_core.package_identification:_identify(install) by extension 'ignore'
[0.212s] Level 1:colcon.colcon_core.package_identification:_identify(install) ignored
[0.212s] Level 1:colcon.colcon_core.package_identification:_identify(log) by extensions ['ignore', 'ignore_ament_install']
[0.212s] Level 1:colcon.colcon_core.package_identification:_identify(log) by extension 'ignore'
[0.212s] Level 1:colcon.colcon_core.package_identification:_identify(log) ignored
[0.212s] Level 1:colcon.colcon_core.package_identification:_identify(src) by extensions ['ignore', 'ignore_ament_install']
[0.212s] Level 1:colcon.colcon_core.package_identification:_identify(src) by extension 'ignore'
[0.212s] Level 1:colcon.colcon_core.package_identification:_identify(src) by extension 'ignore_ament_install'
[0.212s] Level 1:colcon.colcon_core.package_identification:_identify(src) by extensions ['colcon_pkg']
[0.212s] Level 1:colcon.colcon_core.package_identification:_identify(src) by extension 'colcon_pkg'
[0.212s] Level 1:colcon.colcon_core.package_identification:_identify(src) by extensions ['colcon_meta']
[0.212s] Level 1:colcon.colcon_core.package_identification:_identify(src) by extension 'colcon_meta'
[0.212s] Level 1:colcon.colcon_core.package_identification:_identify(src) by extensions ['ros']
[0.212s] Level 1:colcon.colcon_core.package_identification:_identify(src) by extension 'ros'
[0.212s] Level 1:colcon.colcon_core.package_identification:_identify(src) by extensions ['cmake', 'python']
[0.212s] Level 1:colcon.colcon_core.package_identification:_identify(src) by extension 'cmake'
[0.212s] Level 1:colcon.colcon_core.package_identification:_identify(src) by extension 'python'
[0.212s] Level 1:colcon.colcon_core.package_identification:_identify(src) by extensions ['python_setup_py']
[0.212s] Level 1:colcon.colcon_core.package_identification:_identify(src) by extension 'python_setup_py'
[0.213s] Level 1:colcon.colcon_core.package_identification:_identify(src/rslidar_msg) by extensions ['ignore', 'ignore_ament_install']
[0.213s] Level 1:colcon.colcon_core.package_identification:_identify(src/rslidar_msg) by extension 'ignore'
[0.213s] Level 1:colcon.colcon_core.package_identification:_identify(src/rslidar_msg) by extension 'ignore_ament_install'
[0.213s] Level 1:colcon.colcon_core.package_identification:_identify(src/rslidar_msg) by extensions ['colcon_pkg']
[0.213s] Level 1:colcon.colcon_core.package_identification:_identify(src/rslidar_msg) by extension 'colcon_pkg'
[0.213s] Level 1:colcon.colcon_core.package_identification:_identify(src/rslidar_msg) by extensions ['colcon_meta']
[0.213s] Level 1:colcon.colcon_core.package_identification:_identify(src/rslidar_msg) by extension 'colcon_meta'
[0.213s] Level 1:colcon.colcon_core.package_identification:_identify(src/rslidar_msg) by extensions ['ros']
[0.213s] Level 1:colcon.colcon_core.package_identification:_identify(src/rslidar_msg) by extension 'ros'
[0.216s] DEBUG:colcon.colcon_core.package_identification:Package 'src/rslidar_msg' with type 'ros.ament_cmake' and name 'rslidar_msg'
[0.216s] Level 1:colcon.colcon_core.package_identification:_identify(src/rslidar_sdk) by extensions ['ignore', 'ignore_ament_install']
[0.216s] Level 1:colcon.colcon_core.package_identification:_identify(src/rslidar_sdk) by extension 'ignore'
[0.216s] Level 1:colcon.colcon_core.package_identification:_identify(src/rslidar_sdk) by extension 'ignore_ament_install'
[0.216s] Level 1:colcon.colcon_core.package_identification:_identify(src/rslidar_sdk) by extensions ['colcon_pkg']
[0.216s] Level 1:colcon.colcon_core.package_identification:_identify(src/rslidar_sdk) by extension 'colcon_pkg'
[0.217s] Level 1:colcon.colcon_core.package_identification:_identify(src/rslidar_sdk) by extensions ['colcon_meta']
[0.217s] Level 1:colcon.colcon_core.package_identification:_identify(src/rslidar_sdk) by extension 'colcon_meta'
[0.217s] Level 1:colcon.colcon_core.package_identification:_identify(src/rslidar_sdk) by extensions ['ros']
[0.217s] Level 1:colcon.colcon_core.package_identification:_identify(src/rslidar_sdk) by extension 'ros'
[0.224s] DEBUG:colcon.colcon_core.package_identification:Package 'src/rslidar_sdk' with type 'ros.ament_cmake' and name 'rslidar_sdk'
[0.225s] Level 1:colcon.colcon_core.package_identification:_identify(src/zed-ros2-wrapper) by extensions ['ignore', 'ignore_ament_install']
[0.225s] Level 1:colcon.colcon_core.package_identification:_identify(src/zed-ros2-wrapper) by extension 'ignore'
[0.225s] Level 1:colcon.colcon_core.package_identification:_identify(src/zed-ros2-wrapper) by extension 'ignore_ament_install'
[0.225s] Level 1:colcon.colcon_core.package_identification:_identify(src/zed-ros2-wrapper) by extensions ['colcon_pkg']
[0.225s] Level 1:colcon.colcon_core.package_identification:_identify(src/zed-ros2-wrapper) by extension 'colcon_pkg'
[0.225s] Level 1:colcon.colcon_core.package_identification:_identify(src/zed-ros2-wrapper) by extensions ['colcon_meta']
[0.225s] Level 1:colcon.colcon_core.package_identification:_identify(src/zed-ros2-wrapper) by extension 'colcon_meta'
[0.225s] Level 1:colcon.colcon_core.package_identification:_identify(src/zed-ros2-wrapper) by extensions ['ros']
[0.225s] Level 1:colcon.colcon_core.package_identification:_identify(src/zed-ros2-wrapper) by extension 'ros'
[0.225s] Level 1:colcon.colcon_core.package_identification:_identify(src/zed-ros2-wrapper) by extensions ['cmake', 'python']
[0.225s] Level 1:colcon.colcon_core.package_identification:_identify(src/zed-ros2-wrapper) by extension 'cmake'
[0.225s] Level 1:colcon.colcon_core.package_identification:_identify(src/zed-ros2-wrapper) by extension 'python'
[0.225s] Level 1:colcon.colcon_core.package_identification:_identify(src/zed-ros2-wrapper) by extensions ['python_setup_py']
[0.225s] Level 1:colcon.colcon_core.package_identification:_identify(src/zed-ros2-wrapper) by extension 'python_setup_py'
[0.225s] Level 1:colcon.colcon_core.package_identification:_identify(src/zed-ros2-wrapper/docker) by extensions ['ignore', 'ignore_ament_install']
[0.225s] Level 1:colcon.colcon_core.package_identification:_identify(src/zed-ros2-wrapper/docker) by extension 'ignore'
[0.225s] Level 1:colcon.colcon_core.package_identification:_identify(src/zed-ros2-wrapper/docker) by extension 'ignore_ament_install'
[0.226s] Level 1:colcon.colcon_core.package_identification:_identify(src/zed-ros2-wrapper/docker) by extensions ['colcon_pkg']
[0.226s] Level 1:colcon.colcon_core.package_identification:_identify(src/zed-ros2-wrapper/docker) by extension 'colcon_pkg'
[0.226s] Level 1:colcon.colcon_core.package_identification:_identify(src/zed-ros2-wrapper/docker) by extensions ['colcon_meta']
[0.226s] Level 1:colcon.colcon_core.package_identification:_identify(src/zed-ros2-wrapper/docker) by extension 'colcon_meta'
[0.226s] Level 1:colcon.colcon_core.package_identification:_identify(src/zed-ros2-wrapper/docker) by extensions ['ros']
[0.226s] Level 1:colcon.colcon_core.package_identification:_identify(src/zed-ros2-wrapper/docker) by extension 'ros'
[0.226s] Level 1:colcon.colcon_core.package_identification:_identify(src/zed-ros2-wrapper/docker) by extensions ['cmake', 'python']
[0.226s] Level 1:colcon.colcon_core.package_identification:_identify(src/zed-ros2-wrapper/docker) by extension 'cmake'
[0.226s] Level 1:colcon.colcon_core.package_identification:_identify(src/zed-ros2-wrapper/docker) by extension 'python'
[0.226s] Level 1:colcon.colcon_core.package_identification:_identify(src/zed-ros2-wrapper/docker) by extensions ['python_setup_py']
[0.226s] Level 1:colcon.colcon_core.package_identification:_identify(src/zed-ros2-wrapper/docker) by extension 'python_setup_py'
[0.226s] Level 1:colcon.colcon_core.package_identification:_identify(src/zed-ros2-wrapper/images) by extensions ['ignore', 'ignore_ament_install']
[0.226s] Level 1:colcon.colcon_core.package_identification:_identify(src/zed-ros2-wrapper/images) by extension 'ignore'
[0.226s] Level 1:colcon.colcon_core.package_identification:_identify(src/zed-ros2-wrapper/images) by extension 'ignore_ament_install'
[0.226s] Level 1:colcon.colcon_core.package_identification:_identify(src/zed-ros2-wrapper/images) by extensions ['colcon_pkg']
[0.226s] Level 1:colcon.colcon_core.package_identification:_identify(src/zed-ros2-wrapper/images) by extension 'colcon_pkg'
[0.226s] Level 1:colcon.colcon_core.package_identification:_identify(src/zed-ros2-wrapper/images) by extensions ['colcon_meta']
[0.226s] Level 1:colcon.colcon_core.package_identification:_identify(src/zed-ros2-wrapper/images) by extension 'colcon_meta'
[0.226s] Level 1:colcon.colcon_core.package_identification:_identify(src/zed-ros2-wrapper/images) by extensions ['ros']
[0.226s] Level 1:colcon.colcon_core.package_identification:_identify(src/zed-ros2-wrapper/images) by extension 'ros'
[0.226s] Level 1:colcon.colcon_core.package_identification:_identify(src/zed-ros2-wrapper/images) by extensions ['cmake', 'python']
[0.226s] Level 1:colcon.colcon_core.package_identification:_identify(src/zed-ros2-wrapper/images) by extension 'cmake'
[0.226s] Level 1:colcon.colcon_core.package_identification:_identify(src/zed-ros2-wrapper/images) by extension 'python'
[0.226s] Level 1:colcon.colcon_core.package_identification:_identify(src/zed-ros2-wrapper/images) by extensions ['python_setup_py']
[0.226s] Level 1:colcon.colcon_core.package_identification:_identify(src/zed-ros2-wrapper/images) by extension 'python_setup_py'
[0.227s] Level 1:colcon.colcon_core.package_identification:_identify(src/zed-ros2-wrapper/zed_components) by extensions ['ignore', 'ignore_ament_install']
[0.227s] Level 1:colcon.colcon_core.package_identification:_identify(src/zed-ros2-wrapper/zed_components) by extension 'ignore'
[0.227s] Level 1:colcon.colcon_core.package_identification:_identify(src/zed-ros2-wrapper/zed_components) by extension 'ignore_ament_install'
[0.227s] Level 1:colcon.colcon_core.package_identification:_identify(src/zed-ros2-wrapper/zed_components) by extensions ['colcon_pkg']
[0.227s] Level 1:colcon.colcon_core.package_identification:_identify(src/zed-ros2-wrapper/zed_components) by extension 'colcon_pkg'
[0.227s] Level 1:colcon.colcon_core.package_identification:_identify(src/zed-ros2-wrapper/zed_components) by extensions ['colcon_meta']
[0.227s] Level 1:colcon.colcon_core.package_identification:_identify(src/zed-ros2-wrapper/zed_components) by extension 'colcon_meta'
[0.227s] Level 1:colcon.colcon_core.package_identification:_identify(src/zed-ros2-wrapper/zed_components) by extensions ['ros']
[0.227s] Level 1:colcon.colcon_core.package_identification:_identify(src/zed-ros2-wrapper/zed_components) by extension 'ros'
[0.229s] DEBUG:colcon.colcon_core.package_identification:Package 'src/zed-ros2-wrapper/zed_components' with type 'ros.ament_cmake' and name 'zed_components'
[0.229s] Level 1:colcon.colcon_core.package_identification:_identify(src/zed-ros2-wrapper/zed_ros2) by extensions ['ignore', 'ignore_ament_install']
[0.229s] Level 1:colcon.colcon_core.package_identification:_identify(src/zed-ros2-wrapper/zed_ros2) by extension 'ignore'
[0.229s] Level 1:colcon.colcon_core.package_identification:_identify(src/zed-ros2-wrapper/zed_ros2) by extension 'ignore_ament_install'
[0.229s] Level 1:colcon.colcon_core.package_identification:_identify(src/zed-ros2-wrapper/zed_ros2) by extensions ['colcon_pkg']
[0.229s] Level 1:colcon.colcon_core.package_identification:_identify(src/zed-ros2-wrapper/zed_ros2) by extension 'colcon_pkg'
[0.229s] Level 1:colcon.colcon_core.package_identification:_identify(src/zed-ros2-wrapper/zed_ros2) by extensions ['colcon_meta']
[0.229s] Level 1:colcon.colcon_core.package_identification:_identify(src/zed-ros2-wrapper/zed_ros2) by extension 'colcon_meta'
[0.229s] Level 1:colcon.colcon_core.package_identification:_identify(src/zed-ros2-wrapper/zed_ros2) by extensions ['ros']
[0.229s] Level 1:colcon.colcon_core.package_identification:_identify(src/zed-ros2-wrapper/zed_ros2) by extension 'ros'
[0.230s] DEBUG:colcon.colcon_core.package_identification:Package 'src/zed-ros2-wrapper/zed_ros2' with type 'ros.ament_cmake' and name 'zed_ros2'
[0.230s] Level 1:colcon.colcon_core.package_identification:_identify(src/zed-ros2-wrapper/zed_wrapper) by extensions ['ignore', 'ignore_ament_install']
[0.230s] Level 1:colcon.colcon_core.package_identification:_identify(src/zed-ros2-wrapper/zed_wrapper) by extension 'ignore'
[0.230s] Level 1:colcon.colcon_core.package_identification:_identify(src/zed-ros2-wrapper/zed_wrapper) by extension 'ignore_ament_install'
[0.230s] Level 1:colcon.colcon_core.package_identification:_identify(src/zed-ros2-wrapper/zed_wrapper) by extensions ['colcon_pkg']
[0.230s] Level 1:colcon.colcon_core.package_identification:_identify(src/zed-ros2-wrapper/zed_wrapper) by extension 'colcon_pkg'
[0.230s] Level 1:colcon.colcon_core.package_identification:_identify(src/zed-ros2-wrapper/zed_wrapper) by extensions ['colcon_meta']
[0.230s] Level 1:colcon.colcon_core.package_identification:_identify(src/zed-ros2-wrapper/zed_wrapper) by extension 'colcon_meta'
[0.230s] Level 1:colcon.colcon_core.package_identification:_identify(src/zed-ros2-wrapper/zed_wrapper) by extensions ['ros']
[0.230s] Level 1:colcon.colcon_core.package_identification:_identify(src/zed-ros2-wrapper/zed_wrapper) by extension 'ros'
[0.231s] DEBUG:colcon.colcon_core.package_identification:Package 'src/zed-ros2-wrapper/zed_wrapper' with type 'ros.ament_cmake' and name 'zed_wrapper'
[0.231s] Level 1:colcon.colcon_core.package_identification:_identify(src/zed2i_nodes) by extensions ['ignore', 'ignore_ament_install']
[0.231s] Level 1:colcon.colcon_core.package_identification:_identify(src/zed2i_nodes) by extension 'ignore'
[0.231s] Level 1:colcon.colcon_core.package_identification:_identify(src/zed2i_nodes) by extension 'ignore_ament_install'
[0.232s] Level 1:colcon.colcon_core.package_identification:_identify(src/zed2i_nodes) by extensions ['colcon_pkg']
[0.232s] Level 1:colcon.colcon_core.package_identification:_identify(src/zed2i_nodes) by extension 'colcon_pkg'
[0.232s] Level 1:colcon.colcon_core.package_identification:_identify(src/zed2i_nodes) by extensions ['colcon_meta']
[0.232s] Level 1:colcon.colcon_core.package_identification:_identify(src/zed2i_nodes) by extension 'colcon_meta'
[0.232s] Level 1:colcon.colcon_core.package_identification:_identify(src/zed2i_nodes) by extensions ['ros']
[0.232s] Level 1:colcon.colcon_core.package_identification:_identify(src/zed2i_nodes) by extension 'ros'
[0.232s] DEBUG:colcon.colcon_core.package_identification:Package 'src/zed2i_nodes' with type 'ros.ament_cmake' and name 'zed2i_nodes'
[0.233s] Level 1:colcon.colcon_core.package_discovery:discover_packages(recursive) using defaults
[0.233s] Level 1:colcon.colcon_core.package_discovery:discover_packages(ignore) discover
[0.233s] Level 1:colcon.colcon_core.package_discovery:discover_packages(ignore) using defaults
[0.233s] Level 1:colcon.colcon_core.package_discovery:discover_packages(path) discover
[0.233s] Level 1:colcon.colcon_core.package_discovery:discover_packages(path) using defaults
[0.256s] INFO:colcon.colcon_core.package_selection:Skipping not selected package 'rslidar_msg' in 'src/rslidar_msg'
[0.257s] INFO:colcon.colcon_core.package_selection:Skipping not selected package 'zed2i_nodes' in 'src/zed2i_nodes'
[0.257s] INFO:colcon.colcon_core.package_selection:Skipping not selected package 'zed_components' in 'src/zed-ros2-wrapper/zed_components'
[0.257s] INFO:colcon.colcon_core.package_selection:Skipping not selected package 'rslidar_sdk' in 'src/rslidar_sdk'
[0.257s] INFO:colcon.colcon_core.package_selection:Skipping not selected package 'zed_wrapper' in 'src/zed-ros2-wrapper/zed_wrapper'
[0.257s] Level 1:colcon.colcon_core.package_discovery:discover_packages(prefix_path) check parameters
[0.257s] Level 1:colcon.colcon_core.package_discovery:discover_packages(prefix_path) discover
[0.259s] DEBUG:colcon.colcon_installed_package_information.package_discovery:Found 5 installed packages in /home/akannan05/Desktop/rs-agri3d/agri3d_ws/install
[0.261s] DEBUG:colcon.colcon_installed_package_information.package_discovery:Found 304 installed packages in /opt/ros/jazzy
[0.262s] Level 1:colcon.colcon_core.package_discovery:discover_packages(prefix_path) using defaults
[0.305s] Level 5:colcon.colcon_core.verb:set package 'zed_ros2' build argument 'cmake_args' from command line to 'None'
[0.305s] Level 5:colcon.colcon_core.verb:set package 'zed_ros2' build argument 'cmake_target' from command line to 'None'
[0.305s] Level 5:colcon.colcon_core.verb:set package 'zed_ros2' build argument 'cmake_target_skip_unavailable' from command line to 'False'
[0.305s] Level 5:colcon.colcon_core.verb:set package 'zed_ros2' build argument 'cmake_clean_cache' from command line to 'False'
[0.305s] Level 5:colcon.colcon_core.verb:set package 'zed_ros2' build argument 'cmake_clean_first' from command line to 'False'
[0.305s] Level 5:colcon.colcon_core.verb:set package 'zed_ros2' build argument 'cmake_force_configure' from command line to 'False'
[0.305s] Level 5:colcon.colcon_core.verb:set package 'zed_ros2' build argument 'ament_cmake_args' from command line to 'None'
[0.305s] Level 5:colcon.colcon_core.verb:set package 'zed_ros2' build argument 'catkin_cmake_args' from command line to 'None'
[0.305s] Level 5:colcon.colcon_core.verb:set package 'zed_ros2' build argument 'catkin_skip_building_tests' from command line to 'False'
[0.305s] DEBUG:colcon.colcon_core.verb:Building package 'zed_ros2' with the following arguments: {'ament_cmake_args': None, 'build_base': '/home/akannan05/Desktop/rs-agri3d/agri3d_ws/build/zed_ros2', 'catkin_cmake_args': None, 'catkin_skip_building_tests': False, 'cmake_args': None, 'cmake_clean_cache': False, 'cmake_clean_first': False, 'cmake_force_configure': False, 'cmake_target': None, 'cmake_target_skip_unavailable': False, 'install_base': '/home/akannan05/Desktop/rs-agri3d/agri3d_ws/install/zed_ros2', 'merge_install': False, 'path': '/home/akannan05/Desktop/rs-agri3d/agri3d_ws/src/zed-ros2-wrapper/zed_ros2', 'symlink_install': False, 'test_result_base': None}
[0.306s] INFO:colcon.colcon_core.executor:Executing jobs using 'parallel' executor
[0.307s] DEBUG:colcon.colcon_parallel_executor.executor.parallel:run_until_complete
[0.307s] INFO:colcon.colcon_ros.task.ament_cmake.build:Building ROS package in '/home/akannan05/Desktop/rs-agri3d/agri3d_ws/src/zed-ros2-wrapper/zed_ros2' with build type 'ament_cmake'
[0.308s] INFO:colcon.colcon_cmake.task.cmake.build:Building CMake package in '/home/akannan05/Desktop/rs-agri3d/agri3d_ws/src/zed-ros2-wrapper/zed_ros2'
[0.310s] INFO:colcon.colcon_core.plugin_system:Skipping extension 'colcon_core.shell.bat': Not used on non-Windows systems
[0.310s] INFO:colcon.colcon_core.shell:Skip shell extension 'powershell' for command environment: Not usable outside of PowerShell
[0.310s] DEBUG:colcon.colcon_core.shell:Skip shell extension 'dsv' for command environment
[0.329s] DEBUG:colcon.colcon_core.event_handler.log_command:Invoking command in '/home/akannan05/Desktop/rs-agri3d/agri3d_ws/build/zed_ros2': AMENT_PREFIX_PATH=/home/akannan05/Desktop/rs-agri3d/agri3d_ws/install/zed_wrapper:${AMENT_PREFIX_PATH} CMAKE_PREFIX_PATH=/home/akannan05/Desktop/rs-agri3d/agri3d_ws/install/zed_wrapper:/home/akannan05/Desktop/rs-agri3d/agri3d_ws/install/zed_components:/home/akannan05/Desktop/rs-agri3d/agri3d_ws/install/zed2i_nodes:/home/akannan05/Desktop/rs-agri3d/agri3d_ws/install/rslidar_sdk:/home/akannan05/Desktop/rs-agri3d/agri3d_ws/install/rslidar_msg:/opt/ros/jazzy/opt/gz_math_vendor:/opt/ros/jazzy/opt/gz_utils_vendor:/opt/ros/jazzy/opt/gz_cmake_vendor:/opt/ros/jazzy DEBUGINFOD_URLS=https://debuginfod.ubuntu.com /usr/bin/cmake /home/akannan05/Desktop/rs-agri3d/agri3d_ws/src/zed-ros2-wrapper/zed_ros2 -DCMAKE_INSTALL_PREFIX=/home/akannan05/Desktop/rs-agri3d/agri3d_ws/install/zed_ros2
[0.914s] DEBUG:colcon.colcon_core.event_handler.log_command:Invoked command in '/home/akannan05/Desktop/rs-agri3d/agri3d_ws/build/zed_ros2' returned '0': AMENT_PREFIX_PATH=/home/akannan05/Desktop/rs-agri3d/agri3d_ws/install/zed_wrapper:${AMENT_PREFIX_PATH} CMAKE_PREFIX_PATH=/home/akannan05/Desktop/rs-agri3d/agri3d_ws/install/zed_wrapper:/home/akannan05/Desktop/rs-agri3d/agri3d_ws/install/zed_components:/home/akannan05/Desktop/rs-agri3d/agri3d_ws/install/zed2i_nodes:/home/akannan05/Desktop/rs-agri3d/agri3d_ws/install/rslidar_sdk:/home/akannan05/Desktop/rs-agri3d/agri3d_ws/install/rslidar_msg:/opt/ros/jazzy/opt/gz_math_vendor:/opt/ros/jazzy/opt/gz_utils_vendor:/opt/ros/jazzy/opt/gz_cmake_vendor:/opt/ros/jazzy DEBUGINFOD_URLS=https://debuginfod.ubuntu.com /usr/bin/cmake /home/akannan05/Desktop/rs-agri3d/agri3d_ws/src/zed-ros2-wrapper/zed_ros2 -DCMAKE_INSTALL_PREFIX=/home/akannan05/Desktop/rs-agri3d/agri3d_ws/install/zed_ros2
[0.916s] DEBUG:colcon.colcon_core.event_handler.log_command:Invoking command in '/home/akannan05/Desktop/rs-agri3d/agri3d_ws/build/zed_ros2': AMENT_PREFIX_PATH=/home/akannan05/Desktop/rs-agri3d/agri3d_ws/install/zed_wrapper:${AMENT_PREFIX_PATH} CMAKE_PREFIX_PATH=/home/akannan05/Desktop/rs-agri3d/agri3d_ws/install/zed_wrapper:/home/akannan05/Desktop/rs-agri3d/agri3d_ws/install/zed_components:/home/akannan05/Desktop/rs-agri3d/agri3d_ws/install/zed2i_nodes:/home/akannan05/Desktop/rs-agri3d/agri3d_ws/install/rslidar_sdk:/home/akannan05/Desktop/rs-agri3d/agri3d_ws/install/rslidar_msg:/opt/ros/jazzy/opt/gz_math_vendor:/opt/ros/jazzy/opt/gz_utils_vendor:/opt/ros/jazzy/opt/gz_cmake_vendor:/opt/ros/jazzy DEBUGINFOD_URLS=https://debuginfod.ubuntu.com /usr/bin/cmake --build /home/akannan05/Desktop/rs-agri3d/agri3d_ws/build/zed_ros2 -- -j12 -l12
[0.977s] DEBUG:colcon.colcon_core.event_handler.log_command:Invoked command in '/home/akannan05/Desktop/rs-agri3d/agri3d_ws/build/zed_ros2' returned '0': AMENT_PREFIX_PATH=/home/akannan05/Desktop/rs-agri3d/agri3d_ws/install/zed_wrapper:${AMENT_PREFIX_PATH} CMAKE_PREFIX_PATH=/home/akannan05/Desktop/rs-agri3d/agri3d_ws/install/zed_wrapper:/home/akannan05/Desktop/rs-agri3d/agri3d_ws/install/zed_components:/home/akannan05/Desktop/rs-agri3d/agri3d_ws/install/zed2i_nodes:/home/akannan05/Desktop/rs-agri3d/agri3d_ws/install/rslidar_sdk:/home/akannan05/Desktop/rs-agri3d/agri3d_ws/install/rslidar_msg:/opt/ros/jazzy/opt/gz_math_vendor:/opt/ros/jazzy/opt/gz_utils_vendor:/opt/ros/jazzy/opt/gz_cmake_vendor:/opt/ros/jazzy DEBUGINFOD_URLS=https://debuginfod.ubuntu.com /usr/bin/cmake --build /home/akannan05/Desktop/rs-agri3d/agri3d_ws/build/zed_ros2 -- -j12 -l12
[0.992s] DEBUG:colcon.colcon_core.event_handler.log_command:Invoking command in '/home/akannan05/Desktop/rs-agri3d/agri3d_ws/build/zed_ros2': AMENT_PREFIX_PATH=/home/akannan05/Desktop/rs-agri3d/agri3d_ws/install/zed_wrapper:${AMENT_PREFIX_PATH} CMAKE_PREFIX_PATH=/home/akannan05/Desktop/rs-agri3d/agri3d_ws/install/zed_wrapper:/home/akannan05/Desktop/rs-agri3d/agri3d_ws/install/zed_components:/home/akannan05/Desktop/rs-agri3d/agri3d_ws/install/zed2i_nodes:/home/akannan05/Desktop/rs-agri3d/agri3d_ws/install/rslidar_sdk:/home/akannan05/Desktop/rs-agri3d/agri3d_ws/install/rslidar_msg:/opt/ros/jazzy/opt/gz_math_vendor:/opt/ros/jazzy/opt/gz_utils_vendor:/opt/ros/jazzy/opt/gz_cmake_vendor:/opt/ros/jazzy DEBUGINFOD_URLS=https://debuginfod.ubuntu.com /usr/bin/cmake --install /home/akannan05/Desktop/rs-agri3d/agri3d_ws/build/zed_ros2
[1.008s] Level 1:colcon.colcon_core.environment:create_environment_scripts_only(zed_ros2)
[1.009s] DEBUG:colcon.colcon_core.event_handler.log_command:Invoked command in '/home/akannan05/Desktop/rs-agri3d/agri3d_ws/build/zed_ros2' returned '0': AMENT_PREFIX_PATH=/home/akannan05/Desktop/rs-agri3d/agri3d_ws/install/zed_wrapper:${AMENT_PREFIX_PATH} CMAKE_PREFIX_PATH=/home/akannan05/Desktop/rs-agri3d/agri3d_ws/install/zed_wrapper:/home/akannan05/Desktop/rs-agri3d/agri3d_ws/install/zed_components:/home/akannan05/Desktop/rs-agri3d/agri3d_ws/install/zed2i_nodes:/home/akannan05/Desktop/rs-agri3d/agri3d_ws/install/rslidar_sdk:/home/akannan05/Desktop/rs-agri3d/agri3d_ws/install/rslidar_msg:/opt/ros/jazzy/opt/gz_math_vendor:/opt/ros/jazzy/opt/gz_utils_vendor:/opt/ros/jazzy/opt/gz_cmake_vendor:/opt/ros/jazzy DEBUGINFOD_URLS=https://debuginfod.ubuntu.com /usr/bin/cmake --install /home/akannan05/Desktop/rs-agri3d/agri3d_ws/build/zed_ros2
[1.012s] Level 1:colcon.colcon_core.environment:checking '/home/akannan05/Desktop/rs-agri3d/agri3d_ws/install/zed_ros2' for CMake module files
[1.013s] Level 1:colcon.colcon_core.environment:checking '/home/akannan05/Desktop/rs-agri3d/agri3d_ws/install/zed_ros2' for CMake config files
[1.013s] Level 1:colcon.colcon_core.shell:create_environment_hook('zed_ros2', 'cmake_prefix_path')
[1.013s] INFO:colcon.colcon_core.shell:Creating environment hook '/home/akannan05/Desktop/rs-agri3d/agri3d_ws/install/zed_ros2/share/zed_ros2/hook/cmake_prefix_path.ps1'
[1.014s] INFO:colcon.colcon_core.shell:Creating environment descriptor '/home/akannan05/Desktop/rs-agri3d/agri3d_ws/install/zed_ros2/share/zed_ros2/hook/cmake_prefix_path.dsv'
[1.015s] INFO:colcon.colcon_core.shell:Creating environment hook '/home/akannan05/Desktop/rs-agri3d/agri3d_ws/install/zed_ros2/share/zed_ros2/hook/cmake_prefix_path.sh'
[1.016s] Level 1:colcon.colcon_core.environment:checking '/home/akannan05/Desktop/rs-agri3d/agri3d_ws/install/zed_ros2/bin'
[1.016s] Level 1:colcon.colcon_core.environment:checking '/home/akannan05/Desktop/rs-agri3d/agri3d_ws/install/zed_ros2/lib/pkgconfig/zed_ros2.pc'
[1.017s] Level 1:colcon.colcon_core.environment:checking '/home/akannan05/Desktop/rs-agri3d/agri3d_ws/install/zed_ros2/lib/python3.12/site-packages'
[1.017s] Level 1:colcon.colcon_core.environment:checking '/home/akannan05/Desktop/rs-agri3d/agri3d_ws/install/zed_ros2/bin'
[1.018s] INFO:colcon.colcon_core.shell:Creating package script '/home/akannan05/Desktop/rs-agri3d/agri3d_ws/install/zed_ros2/share/zed_ros2/package.ps1'
[1.019s] INFO:colcon.colcon_core.shell:Creating package descriptor '/home/akannan05/Desktop/rs-agri3d/agri3d_ws/install/zed_ros2/share/zed_ros2/package.dsv'
[1.020s] INFO:colcon.colcon_core.shell:Creating package script '/home/akannan05/Desktop/rs-agri3d/agri3d_ws/install/zed_ros2/share/zed_ros2/package.sh'
[1.021s] INFO:colcon.colcon_core.shell:Creating package script '/home/akannan05/Desktop/rs-agri3d/agri3d_ws/install/zed_ros2/share/zed_ros2/package.bash'
[1.022s] INFO:colcon.colcon_core.shell:Creating package script '/home/akannan05/Desktop/rs-agri3d/agri3d_ws/install/zed_ros2/share/zed_ros2/package.zsh'
[1.023s] Level 1:colcon.colcon_core.environment:create_file_with_runtime_dependencies(/home/akannan05/Desktop/rs-agri3d/agri3d_ws/install/zed_ros2/share/colcon-core/packages/zed_ros2)
[1.024s] Level 1:colcon.colcon_core.environment:create_environment_scripts_only(zed_ros2)
[1.024s] Level 1:colcon.colcon_core.environment:checking '/home/akannan05/Desktop/rs-agri3d/agri3d_ws/install/zed_ros2' for CMake module files
[1.025s] Level 1:colcon.colcon_core.environment:checking '/home/akannan05/Desktop/rs-agri3d/agri3d_ws/install/zed_ros2' for CMake config files
[1.025s] Level 1:colcon.colcon_core.shell:create_environment_hook('zed_ros2', 'cmake_prefix_path')
[1.025s] INFO:colcon.colcon_core.shell:Creating environment hook '/home/akannan05/Desktop/rs-agri3d/agri3d_ws/install/zed_ros2/share/zed_ros2/hook/cmake_prefix_path.ps1'
[1.026s] INFO:colcon.colcon_core.shell:Creating environment descriptor '/home/akannan05/Desktop/rs-agri3d/agri3d_ws/install/zed_ros2/share/zed_ros2/hook/cmake_prefix_path.dsv'
[1.027s] INFO:colcon.colcon_core.shell:Creating environment hook '/home/akannan05/Desktop/rs-agri3d/agri3d_ws/install/zed_ros2/share/zed_ros2/hook/cmake_prefix_path.sh'
[1.028s] Level 1:colcon.colcon_core.environment:checking '/home/akannan05/Desktop/rs-agri3d/agri3d_ws/install/zed_ros2/bin'
[1.028s] Level 1:colcon.colcon_core.environment:checking '/home/akannan05/Desktop/rs-agri3d/agri3d_ws/install/zed_ros2/lib/pkgconfig/zed_ros2.pc'
[1.029s] Level 1:colcon.colcon_core.environment:checking '/home/akannan05/Desktop/rs-agri3d/agri3d_ws/install/zed_ros2/lib/python3.12/site-packages'
[1.029s] Level 1:colcon.colcon_core.environment:checking '/home/akannan05/Desktop/rs-agri3d/agri3d_ws/install/zed_ros2/bin'
[1.030s] INFO:colcon.colcon_core.shell:Creating package script '/home/akannan05/Desktop/rs-agri3d/agri3d_ws/install/zed_ros2/share/zed_ros2/package.ps1'
[1.031s] INFO:colcon.colcon_core.shell:Creating package descriptor '/home/akannan05/Desktop/rs-agri3d/agri3d_ws/install/zed_ros2/share/zed_ros2/package.dsv'
[1.032s] INFO:colcon.colcon_core.shell:Creating package script '/home/akannan05/Desktop/rs-agri3d/agri3d_ws/install/zed_ros2/share/zed_ros2/package.sh'
[1.032s] INFO:colcon.colcon_core.shell:Creating package script '/home/akannan05/Desktop/rs-agri3d/agri3d_ws/install/zed_ros2/share/zed_ros2/package.bash'
[1.033s] INFO:colcon.colcon_core.shell:Creating package script '/home/akannan05/Desktop/rs-agri3d/agri3d_ws/install/zed_ros2/share/zed_ros2/package.zsh'
[1.034s] Level 1:colcon.colcon_core.environment:create_file_with_runtime_dependencies(/home/akannan05/Desktop/rs-agri3d/agri3d_ws/install/zed_ros2/share/colcon-core/packages/zed_ros2)
[1.034s] DEBUG:colcon.colcon_parallel_executor.executor.parallel:closing loop
[1.034s] DEBUG:colcon.colcon_parallel_executor.executor.parallel:loop closed
[1.034s] DEBUG:colcon.colcon_parallel_executor.executor.parallel:run_until_complete finished with '0'
[1.034s] DEBUG:colcon.colcon_core.event_reactor:joining thread
[1.046s] INFO:colcon.colcon_core.plugin_system:Skipping extension 'colcon_notification.desktop_notification.terminal_notifier': Not used on non-Darwin systems
[1.046s] INFO:colcon.colcon_core.plugin_system:Skipping extension 'colcon_notification.desktop_notification.win32': Not used on non-Windows systems
[1.046s] INFO:colcon.colcon_notification.desktop_notification:Sending desktop notification using 'notify2'
[1.074s] DEBUG:colcon.colcon_core.event_reactor:joined thread
[1.075s] INFO:colcon.colcon_core.shell:Creating prefix script '/home/akannan05/Desktop/rs-agri3d/agri3d_ws/install/local_setup.ps1'
[1.076s] INFO:colcon.colcon_core.shell:Creating prefix util module '/home/akannan05/Desktop/rs-agri3d/agri3d_ws/install/_local_setup_util_ps1.py'
[1.079s] INFO:colcon.colcon_core.shell:Creating prefix chain script '/home/akannan05/Desktop/rs-agri3d/agri3d_ws/install/setup.ps1'
[1.081s] INFO:colcon.colcon_core.shell:Creating prefix script '/home/akannan05/Desktop/rs-agri3d/agri3d_ws/install/local_setup.sh'
[1.082s] INFO:colcon.colcon_core.shell:Creating prefix util module '/home/akannan05/Desktop/rs-agri3d/agri3d_ws/install/_local_setup_util_sh.py'
[1.083s] INFO:colcon.colcon_core.shell:Creating prefix chain script '/home/akannan05/Desktop/rs-agri3d/agri3d_ws/install/setup.sh'
[1.085s] INFO:colcon.colcon_core.shell:Creating prefix script '/home/akannan05/Desktop/rs-agri3d/agri3d_ws/install/local_setup.bash'
[1.085s] INFO:colcon.colcon_core.shell:Creating prefix chain script '/home/akannan05/Desktop/rs-agri3d/agri3d_ws/install/setup.bash'
[1.087s] INFO:colcon.colcon_core.shell:Creating prefix script '/home/akannan05/Desktop/rs-agri3d/agri3d_ws/install/local_setup.zsh'
[1.087s] INFO:colcon.colcon_core.shell:Creating prefix chain script '/home/akannan05/Desktop/rs-agri3d/agri3d_ws/install/setup.zsh'
