[0.200s] DEBUG:colcon:Command line arguments: ['/usr/bin/colcon', 'build']
[0.200s] DEBUG:colcon:Parsed command line arguments: Namespace(log_base=None, log_level=None, verb_name='build', build_base='build', install_base='install', merge_install=False, symlink_install=False, test_result_base=None, continue_on_error=False, executor='parallel', parallel_workers=12, event_handlers=None, ignore_user_meta=False, metas=['./colcon.meta'], base_paths=['.'], packages_ignore=None, packages_ignore_regex=None, paths=None, packages_up_to=None, packages_up_to_regex=None, packages_above=None, packages_above_and_dependencies=None, packages_above_depth=None, packages_select_by_dep=None, packages_skip_by_dep=None, packages_skip_up_to=None, packages_select_build_failed=False, packages_skip_build_finished=False, packages_select_test_failures=False, packages_skip_test_passed=False, packages_select=None, packages_skip=None, packages_select_regex=None, packages_skip_regex=None, packages_start=None, packages_end=None, allow_overriding=[], cmake_args=None, cmake_target=None, cmake_target_skip_unavailable=False, cmake_clean_cache=False, cmake_clean_first=False, cmake_force_configure=False, ament_cmake_args=None, catkin_cmake_args=None, catkin_skip_building_tests=False, mixin_files=None, mixin=None, verb_parser=<colcon_mixin.mixin.mixin_argument.MixinArgumentDecorator object at 0x76ca12b7b860>, verb_extension=<colcon_core.verb.build.BuildVerb object at 0x76ca12b7b4a0>, main=<bound method BuildVerb.main of <colcon_core.verb.build.BuildVerb object at 0x76ca12b7b4a0>>, mixin_verb=('build',))
[0.278s] Level 1:colcon.colcon_core.package_discovery:discover_packages(colcon_meta) check parameters
[0.279s] Level 1:colcon.colcon_core.package_discovery:discover_packages(recursive) check parameters
[0.279s] Level 1:colcon.colcon_core.package_discovery:discover_packages(ignore) check parameters
[0.279s] Level 1:colcon.colcon_core.package_discovery:discover_packages(path) check parameters
[0.279s] Level 1:colcon.colcon_core.package_discovery:discover_packages(colcon_meta) discover
[0.279s] Level 1:colcon.colcon_core.package_discovery:discover_packages(recursive) discover
[0.279s] INFO:colcon.colcon_core.package_discovery:Crawling recursively for packages in '/home/akannan05/Desktop/rs-agri3d/agri3d_ws'
[0.279s] Level 1:colcon.colcon_core.package_identification:_identify(.) by extensions ['ignore', 'ignore_ament_install']
[0.279s] Level 1:colcon.colcon_core.package_identification:_identify(.) by extension 'ignore'
[0.279s] Level 1:colcon.colcon_core.package_identification:_identify(.) by extension 'ignore_ament_install'
[0.279s] Level 1:colcon.colcon_core.package_identification:_identify(.) by extensions ['colcon_pkg']
[0.279s] Level 1:colcon.colcon_core.package_identification:_identify(.) by extension 'colcon_pkg'
[0.279s] Level 1:colcon.colcon_core.package_identification:_identify(.) by extensions ['colcon_meta']
[0.279s] Level 1:colcon.colcon_core.package_identification:_identify(.) by extension 'colcon_meta'
[0.279s] Level 1:colcon.colcon_core.package_identification:_identify(.) by extensions ['ros']
[0.280s] Level 1:colcon.colcon_core.package_identification:_identify(.) by extension 'ros'
[0.310s] Level 1:colcon.colcon_core.package_identification:_identify(.) by extensions ['cmake', 'python']
[0.310s] Level 1:colcon.colcon_core.package_identification:_identify(.) by extension 'cmake'
[0.310s] Level 1:colcon.colcon_core.package_identification:_identify(.) by extension 'python'
[0.310s] Level 1:colcon.colcon_core.package_identification:_identify(.) by extensions ['python_setup_py']
[0.310s] Level 1:colcon.colcon_core.package_identification:_identify(.) by extension 'python_setup_py'
[0.311s] Level 1:colcon.colcon_core.package_identification:_identify(build) by extensions ['ignore', 'ignore_ament_install']
[0.311s] Level 1:colcon.colcon_core.package_identification:_identify(build) by extension 'ignore'
[0.311s] Level 1:colcon.colcon_core.package_identification:_identify(build) ignored
[0.311s] Level 1:colcon.colcon_core.package_identification:_identify(install) by extensions ['ignore', 'ignore_ament_install']
[0.311s] Level 1:colcon.colcon_core.package_identification:_identify(install) by extension 'ignore'
[0.311s] Level 1:colcon.colcon_core.package_identification:_identify(install) ignored
[0.311s] Level 1:colcon.colcon_core.package_identification:_identify(log) by extensions ['ignore', 'ignore_ament_install']
[0.311s] Level 1:colcon.colcon_core.package_identification:_identify(log) by extension 'ignore'
[0.311s] Level 1:colcon.colcon_core.package_identification:_identify(log) ignored
[0.311s] Level 1:colcon.colcon_core.package_identification:_identify(src) by extensions ['ignore', 'ignore_ament_install']
[0.311s] Level 1:colcon.colcon_core.package_identification:_identify(src) by extension 'ignore'
[0.311s] Level 1:colcon.colcon_core.package_identification:_identify(src) by extension 'ignore_ament_install'
[0.312s] Level 1:colcon.colcon_core.package_identification:_identify(src) by extensions ['colcon_pkg']
[0.312s] Level 1:colcon.colcon_core.package_identification:_identify(src) by extension 'colcon_pkg'
[0.312s] Level 1:colcon.colcon_core.package_identification:_identify(src) by extensions ['colcon_meta']
[0.312s] Level 1:colcon.colcon_core.package_identification:_identify(src) by extension 'colcon_meta'
[0.312s] Level 1:colcon.colcon_core.package_identification:_identify(src) by extensions ['ros']
[0.312s] Level 1:colcon.colcon_core.package_identification:_identify(src) by extension 'ros'
[0.312s] Level 1:colcon.colcon_core.package_identification:_identify(src) by extensions ['cmake', 'python']
[0.312s] Level 1:colcon.colcon_core.package_identification:_identify(src) by extension 'cmake'
[0.312s] Level 1:colcon.colcon_core.package_identification:_identify(src) by extension 'python'
[0.312s] Level 1:colcon.colcon_core.package_identification:_identify(src) by extensions ['python_setup_py']
[0.312s] Level 1:colcon.colcon_core.package_identification:_identify(src) by extension 'python_setup_py'
[0.313s] Level 1:colcon.colcon_core.package_identification:_identify(src/rslidar_msg) by extensions ['ignore', 'ignore_ament_install']
[0.314s] Level 1:colcon.colcon_core.package_identification:_identify(src/rslidar_msg) by extension 'ignore'
[0.314s] Level 1:colcon.colcon_core.package_identification:_identify(src/rslidar_msg) by extension 'ignore_ament_install'
[0.314s] Level 1:colcon.colcon_core.package_identification:_identify(src/rslidar_msg) by extensions ['colcon_pkg']
[0.314s] Level 1:colcon.colcon_core.package_identification:_identify(src/rslidar_msg) by extension 'colcon_pkg'
[0.314s] Level 1:colcon.colcon_core.package_identification:_identify(src/rslidar_msg) by extensions ['colcon_meta']
[0.314s] Level 1:colcon.colcon_core.package_identification:_identify(src/rslidar_msg) by extension 'colcon_meta'
[0.314s] Level 1:colcon.colcon_core.package_identification:_identify(src/rslidar_msg) by extensions ['ros']
[0.314s] Level 1:colcon.colcon_core.package_identification:_identify(src/rslidar_msg) by extension 'ros'
[0.317s] DEBUG:colcon.colcon_core.package_identification:Package 'src/rslidar_msg' with type 'ros.ament_cmake' and name 'rslidar_msg'
[0.317s] Level 1:colcon.colcon_core.package_identification:_identify(src/rslidar_sdk) by extensions ['ignore', 'ignore_ament_install']
[0.317s] Level 1:colcon.colcon_core.package_identification:_identify(src/rslidar_sdk) by extension 'ignore'
[0.318s] Level 1:colcon.colcon_core.package_identification:_identify(src/rslidar_sdk) by extension 'ignore_ament_install'
[0.318s] Level 1:colcon.colcon_core.package_identification:_identify(src/rslidar_sdk) by extensions ['colcon_pkg']
[0.318s] Level 1:colcon.colcon_core.package_identification:_identify(src/rslidar_sdk) by extension 'colcon_pkg'
[0.318s] Level 1:colcon.colcon_core.package_identification:_identify(src/rslidar_sdk) by extensions ['colcon_meta']
[0.318s] Level 1:colcon.colcon_core.package_identification:_identify(src/rslidar_sdk) by extension 'colcon_meta'
[0.318s] Level 1:colcon.colcon_core.package_identification:_identify(src/rslidar_sdk) by extensions ['ros']
[0.318s] Level 1:colcon.colcon_core.package_identification:_identify(src/rslidar_sdk) by extension 'ros'
[0.326s] DEBUG:colcon.colcon_core.package_identification:Package 'src/rslidar_sdk' with type 'ros.ament_cmake' and name 'rslidar_sdk'
[0.326s] Level 1:colcon.colcon_core.package_identification:_identify(src/zed2i_nodes) by extensions ['ignore', 'ignore_ament_install']
[0.326s] Level 1:colcon.colcon_core.package_identification:_identify(src/zed2i_nodes) by extension 'ignore'
[0.326s] Level 1:colcon.colcon_core.package_identification:_identify(src/zed2i_nodes) by extension 'ignore_ament_install'
[0.326s] Level 1:colcon.colcon_core.package_identification:_identify(src/zed2i_nodes) by extensions ['colcon_pkg']
[0.326s] Level 1:colcon.colcon_core.package_identification:_identify(src/zed2i_nodes) by extension 'colcon_pkg'
[0.326s] Level 1:colcon.colcon_core.package_identification:_identify(src/zed2i_nodes) by extensions ['colcon_meta']
[0.326s] Level 1:colcon.colcon_core.package_identification:_identify(src/zed2i_nodes) by extension 'colcon_meta'
[0.326s] Level 1:colcon.colcon_core.package_identification:_identify(src/zed2i_nodes) by extensions ['ros']
[0.326s] Level 1:colcon.colcon_core.package_identification:_identify(src/zed2i_nodes) by extension 'ros'
[0.327s] DEBUG:colcon.colcon_core.package_identification:Package 'src/zed2i_nodes' with type 'ros.ament_cmake' and name 'zed2i_nodes'
[0.327s] Level 1:colcon.colcon_core.package_discovery:discover_packages(recursive) using defaults
[0.327s] Level 1:colcon.colcon_core.package_discovery:discover_packages(ignore) discover
[0.327s] Level 1:colcon.colcon_core.package_discovery:discover_packages(ignore) using defaults
[0.327s] Level 1:colcon.colcon_core.package_discovery:discover_packages(path) discover
[0.327s] Level 1:colcon.colcon_core.package_discovery:discover_packages(path) using defaults
[0.355s] Level 1:colcon.colcon_core.package_discovery:discover_packages(prefix_path) check parameters
[0.355s] Level 1:colcon.colcon_core.package_discovery:discover_packages(prefix_path) discover
[0.358s] DEBUG:colcon.colcon_installed_package_information.package_discovery:Found 3 installed packages in /home/akannan05/Desktop/rs-agri3d/agri3d_ws/install
[0.359s] DEBUG:colcon.colcon_installed_package_information.package_discovery:Found 285 installed packages in /opt/ros/jazzy
[0.360s] Level 1:colcon.colcon_core.package_discovery:discover_packages(prefix_path) using defaults
[0.402s] Level 5:colcon.colcon_core.verb:set package 'rslidar_msg' build argument 'cmake_args' from command line to 'None'
[0.402s] Level 5:colcon.colcon_core.verb:set package 'rslidar_msg' build argument 'cmake_target' from command line to 'None'
[0.402s] Level 5:colcon.colcon_core.verb:set package 'rslidar_msg' build argument 'cmake_target_skip_unavailable' from command line to 'False'
[0.402s] Level 5:colcon.colcon_core.verb:set package 'rslidar_msg' build argument 'cmake_clean_cache' from command line to 'False'
[0.402s] Level 5:colcon.colcon_core.verb:set package 'rslidar_msg' build argument 'cmake_clean_first' from command line to 'False'
[0.402s] Level 5:colcon.colcon_core.verb:set package 'rslidar_msg' build argument 'cmake_force_configure' from command line to 'False'
[0.402s] Level 5:colcon.colcon_core.verb:set package 'rslidar_msg' build argument 'ament_cmake_args' from command line to 'None'
[0.402s] Level 5:colcon.colcon_core.verb:set package 'rslidar_msg' build argument 'catkin_cmake_args' from command line to 'None'
[0.402s] Level 5:colcon.colcon_core.verb:set package 'rslidar_msg' build argument 'catkin_skip_building_tests' from command line to 'False'
[0.402s] DEBUG:colcon.colcon_core.verb:Building package 'rslidar_msg' with the following arguments: {'ament_cmake_args': None, 'build_base': '/home/akannan05/Desktop/rs-agri3d/agri3d_ws/build/rslidar_msg', 'catkin_cmake_args': None, 'catkin_skip_building_tests': False, 'cmake_args': None, 'cmake_clean_cache': False, 'cmake_clean_first': False, 'cmake_force_configure': False, 'cmake_target': None, 'cmake_target_skip_unavailable': False, 'install_base': '/home/akannan05/Desktop/rs-agri3d/agri3d_ws/install/rslidar_msg', 'merge_install': False, 'path': '/home/akannan05/Desktop/rs-agri3d/agri3d_ws/src/rslidar_msg', 'symlink_install': False, 'test_result_base': None}
[0.402s] Level 5:colcon.colcon_core.verb:set package 'zed2i_nodes' build argument 'cmake_args' from command line to 'None'
[0.402s] Level 5:colcon.colcon_core.verb:set package 'zed2i_nodes' build argument 'cmake_target' from command line to 'None'
[0.402s] Level 5:colcon.colcon_core.verb:set package 'zed2i_nodes' build argument 'cmake_target_skip_unavailable' from command line to 'False'
[0.402s] Level 5:colcon.colcon_core.verb:set package 'zed2i_nodes' build argument 'cmake_clean_cache' from command line to 'False'
[0.402s] Level 5:colcon.colcon_core.verb:set package 'zed2i_nodes' build argument 'cmake_clean_first' from command line to 'False'
[0.402s] Level 5:colcon.colcon_core.verb:set package 'zed2i_nodes' build argument 'cmake_force_configure' from command line to 'False'
[0.402s] Level 5:colcon.colcon_core.verb:set package 'zed2i_nodes' build argument 'ament_cmake_args' from command line to 'None'
[0.402s] Level 5:colcon.colcon_core.verb:set package 'zed2i_nodes' build argument 'catkin_cmake_args' from command line to 'None'
[0.402s] Level 5:colcon.colcon_core.verb:set package 'zed2i_nodes' build argument 'catkin_skip_building_tests' from command line to 'False'
[0.402s] DEBUG:colcon.colcon_core.verb:Building package 'zed2i_nodes' with the following arguments: {'ament_cmake_args': None, 'build_base': '/home/akannan05/Desktop/rs-agri3d/agri3d_ws/build/zed2i_nodes', 'catkin_cmake_args': None, 'catkin_skip_building_tests': False, 'cmake_args': None, 'cmake_clean_cache': False, 'cmake_clean_first': False, 'cmake_force_configure': False, 'cmake_target': None, 'cmake_target_skip_unavailable': False, 'install_base': '/home/akannan05/Desktop/rs-agri3d/agri3d_ws/install/zed2i_nodes', 'merge_install': False, 'path': '/home/akannan05/Desktop/rs-agri3d/agri3d_ws/src/zed2i_nodes', 'symlink_install': False, 'test_result_base': None}
[0.403s] Level 5:colcon.colcon_core.verb:set package 'rslidar_sdk' build argument 'cmake_args' from command line to 'None'
[0.403s] Level 5:colcon.colcon_core.verb:set package 'rslidar_sdk' build argument 'cmake_target' from command line to 'None'
[0.403s] Level 5:colcon.colcon_core.verb:set package 'rslidar_sdk' build argument 'cmake_target_skip_unavailable' from command line to 'False'
[0.403s] Level 5:colcon.colcon_core.verb:set package 'rslidar_sdk' build argument 'cmake_clean_cache' from command line to 'False'
[0.403s] Level 5:colcon.colcon_core.verb:set package 'rslidar_sdk' build argument 'cmake_clean_first' from command line to 'False'
[0.403s] Level 5:colcon.colcon_core.verb:set package 'rslidar_sdk' build argument 'cmake_force_configure' from command line to 'False'
[0.403s] Level 5:colcon.colcon_core.verb:set package 'rslidar_sdk' build argument 'ament_cmake_args' from command line to 'None'
[0.403s] Level 5:colcon.colcon_core.verb:set package 'rslidar_sdk' build argument 'catkin_cmake_args' from command line to 'None'
[0.403s] Level 5:colcon.colcon_core.verb:set package 'rslidar_sdk' build argument 'catkin_skip_building_tests' from command line to 'False'
[0.403s] DEBUG:colcon.colcon_core.verb:Building package 'rslidar_sdk' with the following arguments: {'ament_cmake_args': None, 'build_base': '/home/akannan05/Desktop/rs-agri3d/agri3d_ws/build/rslidar_sdk', 'catkin_cmake_args': None, 'catkin_skip_building_tests': False, 'cmake_args': None, 'cmake_clean_cache': False, 'cmake_clean_first': False, 'cmake_force_configure': False, 'cmake_target': None, 'cmake_target_skip_unavailable': False, 'install_base': '/home/akannan05/Desktop/rs-agri3d/agri3d_ws/install/rslidar_sdk', 'merge_install': False, 'path': '/home/akannan05/Desktop/rs-agri3d/agri3d_ws/src/rslidar_sdk', 'symlink_install': False, 'test_result_base': None}
[0.403s] INFO:colcon.colcon_core.executor:Executing jobs using 'parallel' executor
[0.404s] DEBUG:colcon.colcon_parallel_executor.executor.parallel:run_until_complete
[0.404s] INFO:colcon.colcon_ros.task.ament_cmake.build:Building ROS package in '/home/akannan05/Desktop/rs-agri3d/agri3d_ws/src/rslidar_msg' with build type 'ament_cmake'
[0.405s] INFO:colcon.colcon_cmake.task.cmake.build:Building CMake package in '/home/akannan05/Desktop/rs-agri3d/agri3d_ws/src/rslidar_msg'
[0.411s] INFO:colcon.colcon_core.plugin_system:Skipping extension 'colcon_core.shell.bat': Not used on non-Windows systems
[0.411s] INFO:colcon.colcon_core.shell:Skip shell extension 'powershell' for command environment: Not usable outside of PowerShell
[0.411s] DEBUG:colcon.colcon_core.shell:Skip shell extension 'dsv' for command environment
[0.417s] INFO:colcon.colcon_ros.task.ament_cmake.build:Building ROS package in '/home/akannan05/Desktop/rs-agri3d/agri3d_ws/src/zed2i_nodes' with build type 'ament_cmake'
[0.417s] INFO:colcon.colcon_cmake.task.cmake.build:Building CMake package in '/home/akannan05/Desktop/rs-agri3d/agri3d_ws/src/zed2i_nodes'
[0.417s] INFO:colcon.colcon_core.shell:Skip shell extension 'powershell' for command environment: Not usable outside of PowerShell
[0.417s] DEBUG:colcon.colcon_core.shell:Skip shell extension 'dsv' for command environment
[0.432s] DEBUG:colcon.colcon_core.event_handler.log_command:Invoking command in '/home/akannan05/Desktop/rs-agri3d/agri3d_ws/build/rslidar_msg': CMAKE_PREFIX_PATH=${CMAKE_PREFIX_PATH}:/opt/ros/jazzy DEBUGINFOD_URLS=https://debuginfod.ubuntu.com /usr/bin/cmake --build /home/akannan05/Desktop/rs-agri3d/agri3d_ws/build/rslidar_msg -- -j12 -l12
[0.443s] DEBUG:colcon.colcon_core.event_handler.log_command:Invoking command in '/home/akannan05/Desktop/rs-agri3d/agri3d_ws/build/zed2i_nodes': CMAKE_PREFIX_PATH=${CMAKE_PREFIX_PATH}:/opt/ros/jazzy DEBUGINFOD_URLS=https://debuginfod.ubuntu.com /usr/bin/cmake --build /home/akannan05/Desktop/rs-agri3d/agri3d_ws/build/zed2i_nodes -- -j12 -l12
[1.004s] DEBUG:colcon.colcon_core.event_handler.log_command:Invoked command in '/home/akannan05/Desktop/rs-agri3d/agri3d_ws/build/rslidar_msg' returned '0': CMAKE_PREFIX_PATH=${CMAKE_PREFIX_PATH}:/opt/ros/jazzy DEBUGINFOD_URLS=https://debuginfod.ubuntu.com /usr/bin/cmake --build /home/akannan05/Desktop/rs-agri3d/agri3d_ws/build/rslidar_msg -- -j12 -l12
[1.021s] DEBUG:colcon.colcon_core.event_handler.log_command:Invoking command in '/home/akannan05/Desktop/rs-agri3d/agri3d_ws/build/rslidar_msg': CMAKE_PREFIX_PATH=${CMAKE_PREFIX_PATH}:/opt/ros/jazzy DEBUGINFOD_URLS=https://debuginfod.ubuntu.com /usr/bin/cmake --install /home/akannan05/Desktop/rs-agri3d/agri3d_ws/build/rslidar_msg
[1.105s] Level 1:colcon.colcon_core.environment:create_environment_scripts_only(rslidar_msg)
[1.106s] DEBUG:colcon.colcon_core.event_handler.log_command:Invoked command in '/home/akannan05/Desktop/rs-agri3d/agri3d_ws/build/rslidar_msg' returned '0': CMAKE_PREFIX_PATH=${CMAKE_PREFIX_PATH}:/opt/ros/jazzy DEBUGINFOD_URLS=https://debuginfod.ubuntu.com /usr/bin/cmake --install /home/akannan05/Desktop/rs-agri3d/agri3d_ws/build/rslidar_msg
[1.113s] Level 1:colcon.colcon_core.environment:checking '/home/akannan05/Desktop/rs-agri3d/agri3d_ws/install/rslidar_msg' for CMake module files
[1.115s] Level 1:colcon.colcon_core.environment:checking '/home/akannan05/Desktop/rs-agri3d/agri3d_ws/install/rslidar_msg' for CMake config files
[1.116s] Level 1:colcon.colcon_core.shell:create_environment_hook('rslidar_msg', 'cmake_prefix_path')
[1.117s] INFO:colcon.colcon_core.shell:Creating environment hook '/home/akannan05/Desktop/rs-agri3d/agri3d_ws/install/rslidar_msg/share/rslidar_msg/hook/cmake_prefix_path.ps1'
[1.118s] INFO:colcon.colcon_core.shell:Creating environment descriptor '/home/akannan05/Desktop/rs-agri3d/agri3d_ws/install/rslidar_msg/share/rslidar_msg/hook/cmake_prefix_path.dsv'
[1.119s] INFO:colcon.colcon_core.shell:Creating environment hook '/home/akannan05/Desktop/rs-agri3d/agri3d_ws/install/rslidar_msg/share/rslidar_msg/hook/cmake_prefix_path.sh'
[1.121s] Level 1:colcon.colcon_core.environment:checking '/home/akannan05/Desktop/rs-agri3d/agri3d_ws/install/rslidar_msg/lib'
[1.122s] Level 1:colcon.colcon_core.shell:create_environment_hook('rslidar_msg', 'ld_library_path_lib')
[1.122s] INFO:colcon.colcon_core.shell:Creating environment hook '/home/akannan05/Desktop/rs-agri3d/agri3d_ws/install/rslidar_msg/share/rslidar_msg/hook/ld_library_path_lib.ps1'
[1.122s] INFO:colcon.colcon_core.shell:Creating environment descriptor '/home/akannan05/Desktop/rs-agri3d/agri3d_ws/install/rslidar_msg/share/rslidar_msg/hook/ld_library_path_lib.dsv'
[1.123s] INFO:colcon.colcon_core.shell:Creating environment hook '/home/akannan05/Desktop/rs-agri3d/agri3d_ws/install/rslidar_msg/share/rslidar_msg/hook/ld_library_path_lib.sh'
[1.123s] Level 1:colcon.colcon_core.environment:checking '/home/akannan05/Desktop/rs-agri3d/agri3d_ws/install/rslidar_msg/bin'
[1.123s] Level 1:colcon.colcon_core.environment:checking '/home/akannan05/Desktop/rs-agri3d/agri3d_ws/install/rslidar_msg/lib/pkgconfig/rslidar_msg.pc'
[1.123s] Level 1:colcon.colcon_core.environment:checking '/home/akannan05/Desktop/rs-agri3d/agri3d_ws/install/rslidar_msg/lib/python3.12/site-packages'
[1.124s] Level 1:colcon.colcon_core.shell:create_environment_hook('rslidar_msg', 'pythonpath')
[1.124s] INFO:colcon.colcon_core.shell:Creating environment hook '/home/akannan05/Desktop/rs-agri3d/agri3d_ws/install/rslidar_msg/share/rslidar_msg/hook/pythonpath.ps1'
[1.124s] INFO:colcon.colcon_core.shell:Creating environment descriptor '/home/akannan05/Desktop/rs-agri3d/agri3d_ws/install/rslidar_msg/share/rslidar_msg/hook/pythonpath.dsv'
[1.124s] INFO:colcon.colcon_core.shell:Creating environment hook '/home/akannan05/Desktop/rs-agri3d/agri3d_ws/install/rslidar_msg/share/rslidar_msg/hook/pythonpath.sh'
[1.125s] Level 1:colcon.colcon_core.environment:checking '/home/akannan05/Desktop/rs-agri3d/agri3d_ws/install/rslidar_msg/bin'
[1.125s] INFO:colcon.colcon_core.shell:Creating package script '/home/akannan05/Desktop/rs-agri3d/agri3d_ws/install/rslidar_msg/share/rslidar_msg/package.ps1'
[1.127s] INFO:colcon.colcon_core.shell:Creating package descriptor '/home/akannan05/Desktop/rs-agri3d/agri3d_ws/install/rslidar_msg/share/rslidar_msg/package.dsv'
[1.128s] INFO:colcon.colcon_core.shell:Creating package script '/home/akannan05/Desktop/rs-agri3d/agri3d_ws/install/rslidar_msg/share/rslidar_msg/package.sh'
[1.129s] INFO:colcon.colcon_core.shell:Creating package script '/home/akannan05/Desktop/rs-agri3d/agri3d_ws/install/rslidar_msg/share/rslidar_msg/package.bash'
[1.131s] INFO:colcon.colcon_core.shell:Creating package script '/home/akannan05/Desktop/rs-agri3d/agri3d_ws/install/rslidar_msg/share/rslidar_msg/package.zsh'
[1.132s] Level 1:colcon.colcon_core.environment:create_file_with_runtime_dependencies(/home/akannan05/Desktop/rs-agri3d/agri3d_ws/install/rslidar_msg/share/colcon-core/packages/rslidar_msg)
[1.132s] Level 1:colcon.colcon_core.environment:create_environment_scripts_only(rslidar_msg)
[1.133s] Level 1:colcon.colcon_core.environment:checking '/home/akannan05/Desktop/rs-agri3d/agri3d_ws/install/rslidar_msg' for CMake module files
[1.133s] Level 1:colcon.colcon_core.environment:checking '/home/akannan05/Desktop/rs-agri3d/agri3d_ws/install/rslidar_msg' for CMake config files
[1.134s] Level 1:colcon.colcon_core.shell:create_environment_hook('rslidar_msg', 'cmake_prefix_path')
[1.134s] INFO:colcon.colcon_core.shell:Creating environment hook '/home/akannan05/Desktop/rs-agri3d/agri3d_ws/install/rslidar_msg/share/rslidar_msg/hook/cmake_prefix_path.ps1'
[1.134s] INFO:colcon.colcon_core.shell:Creating environment descriptor '/home/akannan05/Desktop/rs-agri3d/agri3d_ws/install/rslidar_msg/share/rslidar_msg/hook/cmake_prefix_path.dsv'
[1.134s] INFO:colcon.colcon_core.shell:Creating environment hook '/home/akannan05/Desktop/rs-agri3d/agri3d_ws/install/rslidar_msg/share/rslidar_msg/hook/cmake_prefix_path.sh'
[1.135s] Level 1:colcon.colcon_core.environment:checking '/home/akannan05/Desktop/rs-agri3d/agri3d_ws/install/rslidar_msg/lib'
[1.135s] Level 1:colcon.colcon_core.shell:create_environment_hook('rslidar_msg', 'ld_library_path_lib')
[1.135s] INFO:colcon.colcon_core.shell:Creating environment hook '/home/akannan05/Desktop/rs-agri3d/agri3d_ws/install/rslidar_msg/share/rslidar_msg/hook/ld_library_path_lib.ps1'
[1.136s] INFO:colcon.colcon_core.shell:Creating environment descriptor '/home/akannan05/Desktop/rs-agri3d/agri3d_ws/install/rslidar_msg/share/rslidar_msg/hook/ld_library_path_lib.dsv'
[1.136s] INFO:colcon.colcon_core.shell:Creating environment hook '/home/akannan05/Desktop/rs-agri3d/agri3d_ws/install/rslidar_msg/share/rslidar_msg/hook/ld_library_path_lib.sh'
[1.136s] Level 1:colcon.colcon_core.environment:checking '/home/akannan05/Desktop/rs-agri3d/agri3d_ws/install/rslidar_msg/bin'
[1.136s] Level 1:colcon.colcon_core.environment:checking '/home/akannan05/Desktop/rs-agri3d/agri3d_ws/install/rslidar_msg/lib/pkgconfig/rslidar_msg.pc'
[1.137s] Level 1:colcon.colcon_core.environment:checking '/home/akannan05/Desktop/rs-agri3d/agri3d_ws/install/rslidar_msg/lib/python3.12/site-packages'
[1.137s] Level 1:colcon.colcon_core.shell:create_environment_hook('rslidar_msg', 'pythonpath')
[1.137s] INFO:colcon.colcon_core.shell:Creating environment hook '/home/akannan05/Desktop/rs-agri3d/agri3d_ws/install/rslidar_msg/share/rslidar_msg/hook/pythonpath.ps1'
[1.137s] INFO:colcon.colcon_core.shell:Creating environment descriptor '/home/akannan05/Desktop/rs-agri3d/agri3d_ws/install/rslidar_msg/share/rslidar_msg/hook/pythonpath.dsv'
[1.138s] INFO:colcon.colcon_core.shell:Creating environment hook '/home/akannan05/Desktop/rs-agri3d/agri3d_ws/install/rslidar_msg/share/rslidar_msg/hook/pythonpath.sh'
[1.138s] Level 1:colcon.colcon_core.environment:checking '/home/akannan05/Desktop/rs-agri3d/agri3d_ws/install/rslidar_msg/bin'
[1.139s] INFO:colcon.colcon_core.shell:Creating package script '/home/akannan05/Desktop/rs-agri3d/agri3d_ws/install/rslidar_msg/share/rslidar_msg/package.ps1'
[1.139s] INFO:colcon.colcon_core.shell:Creating package descriptor '/home/akannan05/Desktop/rs-agri3d/agri3d_ws/install/rslidar_msg/share/rslidar_msg/package.dsv'
[1.140s] INFO:colcon.colcon_core.shell:Creating package script '/home/akannan05/Desktop/rs-agri3d/agri3d_ws/install/rslidar_msg/share/rslidar_msg/package.sh'
[1.140s] INFO:colcon.colcon_core.shell:Creating package script '/home/akannan05/Desktop/rs-agri3d/agri3d_ws/install/rslidar_msg/share/rslidar_msg/package.bash'
[1.140s] INFO:colcon.colcon_core.shell:Creating package script '/home/akannan05/Desktop/rs-agri3d/agri3d_ws/install/rslidar_msg/share/rslidar_msg/package.zsh'
[1.141s] Level 1:colcon.colcon_core.environment:create_file_with_runtime_dependencies(/home/akannan05/Desktop/rs-agri3d/agri3d_ws/install/rslidar_msg/share/colcon-core/packages/rslidar_msg)
[1.141s] INFO:colcon.colcon_ros.task.ament_cmake.build:Building ROS package in '/home/akannan05/Desktop/rs-agri3d/agri3d_ws/src/rslidar_sdk' with build type 'ament_cmake'
[1.141s] INFO:colcon.colcon_cmake.task.cmake.build:Building CMake package in '/home/akannan05/Desktop/rs-agri3d/agri3d_ws/src/rslidar_sdk'
[1.141s] INFO:colcon.colcon_core.shell:Skip shell extension 'powershell' for command environment: Not usable outside of PowerShell
[1.141s] DEBUG:colcon.colcon_core.shell:Skip shell extension 'dsv' for command environment
[1.161s] DEBUG:colcon.colcon_core.event_handler.log_command:Invoking command in '/home/akannan05/Desktop/rs-agri3d/agri3d_ws/build/rslidar_sdk': CMAKE_PREFIX_PATH=/home/akannan05/Desktop/rs-agri3d/agri3d_ws/install/rslidar_msg:/home/akannan05/Desktop/rs-agri3d/agri3d_ws/install/zed2i_nodes:/home/akannan05/Desktop/rs-agri3d/agri3d_ws/install/rslidar_sdk:/opt/ros/jazzy/opt/gz_math_vendor:/opt/ros/jazzy/opt/gz_utils_vendor:/opt/ros/jazzy/opt/gz_cmake_vendor:/opt/ros/jazzy DEBUGINFOD_URLS=https://debuginfod.ubuntu.com /usr/bin/cmake --build /home/akannan05/Desktop/rs-agri3d/agri3d_ws/build/rslidar_sdk -- -j12 -l12
[1.305s] DEBUG:colcon.colcon_core.event_handler.log_command:Invoked command in '/home/akannan05/Desktop/rs-agri3d/agri3d_ws/build/rslidar_sdk' returned '0': CMAKE_PREFIX_PATH=/home/akannan05/Desktop/rs-agri3d/agri3d_ws/install/rslidar_msg:/home/akannan05/Desktop/rs-agri3d/agri3d_ws/install/zed2i_nodes:/home/akannan05/Desktop/rs-agri3d/agri3d_ws/install/rslidar_sdk:/opt/ros/jazzy/opt/gz_math_vendor:/opt/ros/jazzy/opt/gz_utils_vendor:/opt/ros/jazzy/opt/gz_cmake_vendor:/opt/ros/jazzy DEBUGINFOD_URLS=https://debuginfod.ubuntu.com /usr/bin/cmake --build /home/akannan05/Desktop/rs-agri3d/agri3d_ws/build/rslidar_sdk -- -j12 -l12
[1.308s] DEBUG:colcon.colcon_core.event_handler.log_command:Invoking command in '/home/akannan05/Desktop/rs-agri3d/agri3d_ws/build/rslidar_sdk': CMAKE_PREFIX_PATH=/home/akannan05/Desktop/rs-agri3d/agri3d_ws/install/rslidar_msg:/home/akannan05/Desktop/rs-agri3d/agri3d_ws/install/zed2i_nodes:/home/akannan05/Desktop/rs-agri3d/agri3d_ws/install/rslidar_sdk:/opt/ros/jazzy/opt/gz_math_vendor:/opt/ros/jazzy/opt/gz_utils_vendor:/opt/ros/jazzy/opt/gz_cmake_vendor:/opt/ros/jazzy DEBUGINFOD_URLS=https://debuginfod.ubuntu.com /usr/bin/cmake --install /home/akannan05/Desktop/rs-agri3d/agri3d_ws/build/rslidar_sdk
[1.328s] Level 1:colcon.colcon_core.environment:create_environment_scripts_only(rslidar_sdk)
[1.329s] Level 1:colcon.colcon_core.environment:checking '/home/akannan05/Desktop/rs-agri3d/agri3d_ws/install/rslidar_sdk' for CMake module files
[1.330s] DEBUG:colcon.colcon_core.event_handler.log_command:Invoked command in '/home/akannan05/Desktop/rs-agri3d/agri3d_ws/build/rslidar_sdk' returned '0': CMAKE_PREFIX_PATH=/home/akannan05/Desktop/rs-agri3d/agri3d_ws/install/rslidar_msg:/home/akannan05/Desktop/rs-agri3d/agri3d_ws/install/zed2i_nodes:/home/akannan05/Desktop/rs-agri3d/agri3d_ws/install/rslidar_sdk:/opt/ros/jazzy/opt/gz_math_vendor:/opt/ros/jazzy/opt/gz_utils_vendor:/opt/ros/jazzy/opt/gz_cmake_vendor:/opt/ros/jazzy DEBUGINFOD_URLS=https://debuginfod.ubuntu.com /usr/bin/cmake --install /home/akannan05/Desktop/rs-agri3d/agri3d_ws/build/rslidar_sdk
[1.330s] Level 1:colcon.colcon_core.environment:checking '/home/akannan05/Desktop/rs-agri3d/agri3d_ws/install/rslidar_sdk' for CMake config files
[1.330s] Level 1:colcon.colcon_core.shell:create_environment_hook('rslidar_sdk', 'cmake_prefix_path')
[1.330s] INFO:colcon.colcon_core.shell:Creating environment hook '/home/akannan05/Desktop/rs-agri3d/agri3d_ws/install/rslidar_sdk/share/rslidar_sdk/hook/cmake_prefix_path.ps1'
[1.331s] INFO:colcon.colcon_core.shell:Creating environment descriptor '/home/akannan05/Desktop/rs-agri3d/agri3d_ws/install/rslidar_sdk/share/rslidar_sdk/hook/cmake_prefix_path.dsv'
[1.331s] INFO:colcon.colcon_core.shell:Creating environment hook '/home/akannan05/Desktop/rs-agri3d/agri3d_ws/install/rslidar_sdk/share/rslidar_sdk/hook/cmake_prefix_path.sh'
[1.332s] Level 1:colcon.colcon_core.environment:checking '/home/akannan05/Desktop/rs-agri3d/agri3d_ws/install/rslidar_sdk/lib'
[1.332s] Level 1:colcon.colcon_core.environment:checking '/home/akannan05/Desktop/rs-agri3d/agri3d_ws/install/rslidar_sdk/bin'
[1.332s] Level 1:colcon.colcon_core.environment:checking '/home/akannan05/Desktop/rs-agri3d/agri3d_ws/install/rslidar_sdk/lib/pkgconfig/rslidar_sdk.pc'
[1.332s] Level 1:colcon.colcon_core.environment:checking '/home/akannan05/Desktop/rs-agri3d/agri3d_ws/install/rslidar_sdk/lib/python3.12/site-packages'
[1.333s] Level 1:colcon.colcon_core.environment:checking '/home/akannan05/Desktop/rs-agri3d/agri3d_ws/install/rslidar_sdk/bin'
[1.333s] INFO:colcon.colcon_core.shell:Creating package script '/home/akannan05/Desktop/rs-agri3d/agri3d_ws/install/rslidar_sdk/share/rslidar_sdk/package.ps1'
[1.333s] INFO:colcon.colcon_core.shell:Creating package descriptor '/home/akannan05/Desktop/rs-agri3d/agri3d_ws/install/rslidar_sdk/share/rslidar_sdk/package.dsv'
[1.334s] INFO:colcon.colcon_core.shell:Creating package script '/home/akannan05/Desktop/rs-agri3d/agri3d_ws/install/rslidar_sdk/share/rslidar_sdk/package.sh'
[1.334s] INFO:colcon.colcon_core.shell:Creating package script '/home/akannan05/Desktop/rs-agri3d/agri3d_ws/install/rslidar_sdk/share/rslidar_sdk/package.bash'
[1.334s] INFO:colcon.colcon_core.shell:Creating package script '/home/akannan05/Desktop/rs-agri3d/agri3d_ws/install/rslidar_sdk/share/rslidar_sdk/package.zsh'
[1.335s] Level 1:colcon.colcon_core.environment:create_file_with_runtime_dependencies(/home/akannan05/Desktop/rs-agri3d/agri3d_ws/install/rslidar_sdk/share/colcon-core/packages/rslidar_sdk)
[1.335s] Level 1:colcon.colcon_core.environment:create_environment_scripts_only(rslidar_sdk)
[1.335s] Level 1:colcon.colcon_core.environment:checking '/home/akannan05/Desktop/rs-agri3d/agri3d_ws/install/rslidar_sdk' for CMake module files
[1.336s] Level 1:colcon.colcon_core.environment:checking '/home/akannan05/Desktop/rs-agri3d/agri3d_ws/install/rslidar_sdk' for CMake config files
[1.336s] Level 1:colcon.colcon_core.shell:create_environment_hook('rslidar_sdk', 'cmake_prefix_path')
[1.336s] INFO:colcon.colcon_core.shell:Creating environment hook '/home/akannan05/Desktop/rs-agri3d/agri3d_ws/install/rslidar_sdk/share/rslidar_sdk/hook/cmake_prefix_path.ps1'
[1.336s] INFO:colcon.colcon_core.shell:Creating environment descriptor '/home/akannan05/Desktop/rs-agri3d/agri3d_ws/install/rslidar_sdk/share/rslidar_sdk/hook/cmake_prefix_path.dsv'
[1.337s] INFO:colcon.colcon_core.shell:Creating environment hook '/home/akannan05/Desktop/rs-agri3d/agri3d_ws/install/rslidar_sdk/share/rslidar_sdk/hook/cmake_prefix_path.sh'
[1.337s] Level 1:colcon.colcon_core.environment:checking '/home/akannan05/Desktop/rs-agri3d/agri3d_ws/install/rslidar_sdk/lib'
[1.337s] Level 1:colcon.colcon_core.environment:checking '/home/akannan05/Desktop/rs-agri3d/agri3d_ws/install/rslidar_sdk/bin'
[1.337s] Level 1:colcon.colcon_core.environment:checking '/home/akannan05/Desktop/rs-agri3d/agri3d_ws/install/rslidar_sdk/lib/pkgconfig/rslidar_sdk.pc'
[1.338s] Level 1:colcon.colcon_core.environment:checking '/home/akannan05/Desktop/rs-agri3d/agri3d_ws/install/rslidar_sdk/lib/python3.12/site-packages'
[1.338s] Level 1:colcon.colcon_core.environment:checking '/home/akannan05/Desktop/rs-agri3d/agri3d_ws/install/rslidar_sdk/bin'
[1.338s] INFO:colcon.colcon_core.shell:Creating package script '/home/akannan05/Desktop/rs-agri3d/agri3d_ws/install/rslidar_sdk/share/rslidar_sdk/package.ps1'
[1.339s] INFO:colcon.colcon_core.shell:Creating package descriptor '/home/akannan05/Desktop/rs-agri3d/agri3d_ws/install/rslidar_sdk/share/rslidar_sdk/package.dsv'
[1.339s] INFO:colcon.colcon_core.shell:Creating package script '/home/akannan05/Desktop/rs-agri3d/agri3d_ws/install/rslidar_sdk/share/rslidar_sdk/package.sh'
[1.339s] INFO:colcon.colcon_core.shell:Creating package script '/home/akannan05/Desktop/rs-agri3d/agri3d_ws/install/rslidar_sdk/share/rslidar_sdk/package.bash'
[1.340s] INFO:colcon.colcon_core.shell:Creating package script '/home/akannan05/Desktop/rs-agri3d/agri3d_ws/install/rslidar_sdk/share/rslidar_sdk/package.zsh'
[1.340s] Level 1:colcon.colcon_core.environment:create_file_with_runtime_dependencies(/home/akannan05/Desktop/rs-agri3d/agri3d_ws/install/rslidar_sdk/share/colcon-core/packages/rslidar_sdk)
[9.055s] DEBUG:colcon.colcon_core.event_handler.log_command:Invoked command in '/home/akannan05/Desktop/rs-agri3d/agri3d_ws/build/zed2i_nodes' returned '0': CMAKE_PREFIX_PATH=${CMAKE_PREFIX_PATH}:/opt/ros/jazzy DEBUGINFOD_URLS=https://debuginfod.ubuntu.com /usr/bin/cmake --build /home/akannan05/Desktop/rs-agri3d/agri3d_ws/build/zed2i_nodes -- -j12 -l12
[9.057s] DEBUG:colcon.colcon_core.event_handler.log_command:Invoking command in '/home/akannan05/Desktop/rs-agri3d/agri3d_ws/build/zed2i_nodes': CMAKE_PREFIX_PATH=${CMAKE_PREFIX_PATH}:/opt/ros/jazzy DEBUGINFOD_URLS=https://debuginfod.ubuntu.com /usr/bin/cmake --install /home/akannan05/Desktop/rs-agri3d/agri3d_ws/build/zed2i_nodes
[9.075s] Level 1:colcon.colcon_core.environment:create_environment_scripts_only(zed2i_nodes)
[9.075s] Level 1:colcon.colcon_core.environment:checking '/home/akannan05/Desktop/rs-agri3d/agri3d_ws/install/zed2i_nodes' for CMake module files
[9.076s] DEBUG:colcon.colcon_core.event_handler.log_command:Invoked command in '/home/akannan05/Desktop/rs-agri3d/agri3d_ws/build/zed2i_nodes' returned '0': CMAKE_PREFIX_PATH=${CMAKE_PREFIX_PATH}:/opt/ros/jazzy DEBUGINFOD_URLS=https://debuginfod.ubuntu.com /usr/bin/cmake --install /home/akannan05/Desktop/rs-agri3d/agri3d_ws/build/zed2i_nodes
[9.077s] Level 1:colcon.colcon_core.environment:checking '/home/akannan05/Desktop/rs-agri3d/agri3d_ws/install/zed2i_nodes' for CMake config files
[9.078s] Level 1:colcon.colcon_core.shell:create_environment_hook('zed2i_nodes', 'cmake_prefix_path')
[9.078s] INFO:colcon.colcon_core.shell:Creating environment hook '/home/akannan05/Desktop/rs-agri3d/agri3d_ws/install/zed2i_nodes/share/zed2i_nodes/hook/cmake_prefix_path.ps1'
[9.079s] INFO:colcon.colcon_core.shell:Creating environment descriptor '/home/akannan05/Desktop/rs-agri3d/agri3d_ws/install/zed2i_nodes/share/zed2i_nodes/hook/cmake_prefix_path.dsv'
[9.079s] INFO:colcon.colcon_core.shell:Creating environment hook '/home/akannan05/Desktop/rs-agri3d/agri3d_ws/install/zed2i_nodes/share/zed2i_nodes/hook/cmake_prefix_path.sh'
[9.080s] Level 1:colcon.colcon_core.environment:checking '/home/akannan05/Desktop/rs-agri3d/agri3d_ws/install/zed2i_nodes/lib'
[9.081s] Level 1:colcon.colcon_core.environment:checking '/home/akannan05/Desktop/rs-agri3d/agri3d_ws/install/zed2i_nodes/bin'
[9.081s] Level 1:colcon.colcon_core.environment:checking '/home/akannan05/Desktop/rs-agri3d/agri3d_ws/install/zed2i_nodes/lib/pkgconfig/zed2i_nodes.pc'
[9.081s] Level 1:colcon.colcon_core.environment:checking '/home/akannan05/Desktop/rs-agri3d/agri3d_ws/install/zed2i_nodes/lib/python3.12/site-packages'
[9.082s] Level 1:colcon.colcon_core.environment:checking '/home/akannan05/Desktop/rs-agri3d/agri3d_ws/install/zed2i_nodes/bin'
[9.082s] INFO:colcon.colcon_core.shell:Creating package script '/home/akannan05/Desktop/rs-agri3d/agri3d_ws/install/zed2i_nodes/share/zed2i_nodes/package.ps1'
[9.083s] INFO:colcon.colcon_core.shell:Creating package descriptor '/home/akannan05/Desktop/rs-agri3d/agri3d_ws/install/zed2i_nodes/share/zed2i_nodes/package.dsv'
[9.083s] INFO:colcon.colcon_core.shell:Creating package script '/home/akannan05/Desktop/rs-agri3d/agri3d_ws/install/zed2i_nodes/share/zed2i_nodes/package.sh'
[9.084s] INFO:colcon.colcon_core.shell:Creating package script '/home/akannan05/Desktop/rs-agri3d/agri3d_ws/install/zed2i_nodes/share/zed2i_nodes/package.bash'
[9.084s] INFO:colcon.colcon_core.shell:Creating package script '/home/akannan05/Desktop/rs-agri3d/agri3d_ws/install/zed2i_nodes/share/zed2i_nodes/package.zsh'
[9.084s] Level 1:colcon.colcon_core.environment:create_file_with_runtime_dependencies(/home/akannan05/Desktop/rs-agri3d/agri3d_ws/install/zed2i_nodes/share/colcon-core/packages/zed2i_nodes)
[9.085s] Level 1:colcon.colcon_core.environment:create_environment_scripts_only(zed2i_nodes)
[9.085s] Level 1:colcon.colcon_core.environment:checking '/home/akannan05/Desktop/rs-agri3d/agri3d_ws/install/zed2i_nodes' for CMake module files
[9.086s] Level 1:colcon.colcon_core.environment:checking '/home/akannan05/Desktop/rs-agri3d/agri3d_ws/install/zed2i_nodes' for CMake config files
[9.086s] Level 1:colcon.colcon_core.shell:create_environment_hook('zed2i_nodes', 'cmake_prefix_path')
[9.086s] INFO:colcon.colcon_core.shell:Creating environment hook '/home/akannan05/Desktop/rs-agri3d/agri3d_ws/install/zed2i_nodes/share/zed2i_nodes/hook/cmake_prefix_path.ps1'
[9.087s] INFO:colcon.colcon_core.shell:Creating environment descriptor '/home/akannan05/Desktop/rs-agri3d/agri3d_ws/install/zed2i_nodes/share/zed2i_nodes/hook/cmake_prefix_path.dsv'
[9.087s] INFO:colcon.colcon_core.shell:Creating environment hook '/home/akannan05/Desktop/rs-agri3d/agri3d_ws/install/zed2i_nodes/share/zed2i_nodes/hook/cmake_prefix_path.sh'
[9.088s] Level 1:colcon.colcon_core.environment:checking '/home/akannan05/Desktop/rs-agri3d/agri3d_ws/install/zed2i_nodes/lib'
[9.088s] Level 1:colcon.colcon_core.environment:checking '/home/akannan05/Desktop/rs-agri3d/agri3d_ws/install/zed2i_nodes/bin'
[9.088s] Level 1:colcon.colcon_core.environment:checking '/home/akannan05/Desktop/rs-agri3d/agri3d_ws/install/zed2i_nodes/lib/pkgconfig/zed2i_nodes.pc'
[9.088s] Level 1:colcon.colcon_core.environment:checking '/home/akannan05/Desktop/rs-agri3d/agri3d_ws/install/zed2i_nodes/lib/python3.12/site-packages'
[9.088s] Level 1:colcon.colcon_core.environment:checking '/home/akannan05/Desktop/rs-agri3d/agri3d_ws/install/zed2i_nodes/bin'
[9.089s] INFO:colcon.colcon_core.shell:Creating package script '/home/akannan05/Desktop/rs-agri3d/agri3d_ws/install/zed2i_nodes/share/zed2i_nodes/package.ps1'
[9.089s] INFO:colcon.colcon_core.shell:Creating package descriptor '/home/akannan05/Desktop/rs-agri3d/agri3d_ws/install/zed2i_nodes/share/zed2i_nodes/package.dsv'
[9.090s] INFO:colcon.colcon_core.shell:Creating package script '/home/akannan05/Desktop/rs-agri3d/agri3d_ws/install/zed2i_nodes/share/zed2i_nodes/package.sh'
[9.090s] INFO:colcon.colcon_core.shell:Creating package script '/home/akannan05/Desktop/rs-agri3d/agri3d_ws/install/zed2i_nodes/share/zed2i_nodes/package.bash'
[9.091s] INFO:colcon.colcon_core.shell:Creating package script '/home/akannan05/Desktop/rs-agri3d/agri3d_ws/install/zed2i_nodes/share/zed2i_nodes/package.zsh'
[9.091s] Level 1:colcon.colcon_core.environment:create_file_with_runtime_dependencies(/home/akannan05/Desktop/rs-agri3d/agri3d_ws/install/zed2i_nodes/share/colcon-core/packages/zed2i_nodes)
[9.091s] DEBUG:colcon.colcon_parallel_executor.executor.parallel:closing loop
[9.092s] DEBUG:colcon.colcon_parallel_executor.executor.parallel:loop closed
[9.092s] DEBUG:colcon.colcon_parallel_executor.executor.parallel:run_until_complete finished with '0'
[9.092s] DEBUG:colcon.colcon_core.event_reactor:joining thread
[9.104s] INFO:colcon.colcon_core.plugin_system:Skipping extension 'colcon_notification.desktop_notification.terminal_notifier': Not used on non-Darwin systems
[9.104s] INFO:colcon.colcon_core.plugin_system:Skipping extension 'colcon_notification.desktop_notification.win32': Not used on non-Windows systems
[9.104s] INFO:colcon.colcon_notification.desktop_notification:Sending desktop notification using 'notify2'
[9.132s] DEBUG:colcon.colcon_core.event_reactor:joined thread
[9.132s] INFO:colcon.colcon_core.shell:Creating prefix script '/home/akannan05/Desktop/rs-agri3d/agri3d_ws/install/local_setup.ps1'
[9.134s] INFO:colcon.colcon_core.shell:Creating prefix util module '/home/akannan05/Desktop/rs-agri3d/agri3d_ws/install/_local_setup_util_ps1.py'
[9.136s] INFO:colcon.colcon_core.shell:Creating prefix chain script '/home/akannan05/Desktop/rs-agri3d/agri3d_ws/install/setup.ps1'
[9.138s] INFO:colcon.colcon_core.shell:Creating prefix script '/home/akannan05/Desktop/rs-agri3d/agri3d_ws/install/local_setup.sh'
[9.139s] INFO:colcon.colcon_core.shell:Creating prefix util module '/home/akannan05/Desktop/rs-agri3d/agri3d_ws/install/_local_setup_util_sh.py'
[9.140s] INFO:colcon.colcon_core.shell:Creating prefix chain script '/home/akannan05/Desktop/rs-agri3d/agri3d_ws/install/setup.sh'
[9.142s] INFO:colcon.colcon_core.shell:Creating prefix script '/home/akannan05/Desktop/rs-agri3d/agri3d_ws/install/local_setup.bash'
[9.143s] INFO:colcon.colcon_core.shell:Creating prefix chain script '/home/akannan05/Desktop/rs-agri3d/agri3d_ws/install/setup.bash'
[9.145s] INFO:colcon.colcon_core.shell:Creating prefix script '/home/akannan05/Desktop/rs-agri3d/agri3d_ws/install/local_setup.zsh'
[9.146s] INFO:colcon.colcon_core.shell:Creating prefix chain script '/home/akannan05/Desktop/rs-agri3d/agri3d_ws/install/setup.zsh'
